0	2017.01.12 00:44:06.964		MetaTrader 4 Manager API build 985 initialized
0	2017.01.12 00:44:07.513	US05-live.mt4tradeserver.com:443	Connect
0	2017.01.12 00:44:07.923	US05-live.mt4tradeserver.com:443	'899': login (server build 1010)
0	2017.01.12 00:44:08.995	US05-live.mt4tradeserver.com:443	'899': request 109 total users
0	2017.01.12 00:44:10.887	US05-live.mt4tradeserver.com:443	'899': request user trade history (1980 trades)
0	2017.01.12 00:44:13.732	US05-live.mt4tradeserver.com:443	'899': request user trade history (1122 trades)
0	2017.01.12 00:44:14.482	US05-live.mt4tradeserver.com:443	'899': request user trade history (73 trades)
0	2017.01.12 00:44:15.475	US05-live.mt4tradeserver.com:443	'899': request user trade history (1860 trades)
0	2017.01.12 00:44:16.794	US05-live.mt4tradeserver.com:443	'899': request user trade history (1798 trades)
0	2017.01.12 00:44:18.484	US05-live.mt4tradeserver.com:443	'899': request user trade history (2755 trades)
0	2017.01.12 00:44:20.183	US05-live.mt4tradeserver.com:443	'899': request user trade history (226 trades)
0	2017.01.12 00:44:20.723	US05-live.mt4tradeserver.com:443	'899': request user trade history (16 trades)
0	2017.01.12 00:44:22.732	US05-live.mt4tradeserver.com:443	'899': request user trade history (16339 trades)
0	2017.01.12 00:44:26.224	US05-live.mt4tradeserver.com:443	'899': request user trade history (427 trades)
0	2017.01.12 00:44:26.868	US05-live.mt4tradeserver.com:443	'899': request user trade history (91 trades)
0	2017.01.12 00:44:27.332	US05-live.mt4tradeserver.com:443	'899': request user trade history (656 trades)
0	2017.01.12 00:44:27.894	US05-live.mt4tradeserver.com:443	'899': request user trade history (272 trades)
0	2017.01.12 00:44:28.518	US05-live.mt4tradeserver.com:443	'899': request user trade history (1268 trades)
0	2017.01.12 00:44:29.122	US05-live.mt4tradeserver.com:443	'899': request user trade history (196 trades)
0	2017.01.12 00:44:29.635	US05-live.mt4tradeserver.com:443	'899': request user trade history (381 trades)
0	2017.01.12 00:44:31.480	US05-live.mt4tradeserver.com:443	'899': request user trade history (855 trades)
0	2017.01.12 00:44:32.806	US05-live.mt4tradeserver.com:443	'899': request user trade history (20 trades)
0	2017.01.12 00:44:40.592	US05-live.mt4tradeserver.com:443	'899': request user trade history (848 trades)
0	2017.01.12 00:44:41.921	US05-live.mt4tradeserver.com:443	'899': request user trade history (140 trades)
0	2017.01.12 00:44:50.254	US05-live.mt4tradeserver.com:443	'899': request user trade history (11829 trades)
1	2017.01.12 00:45:01.888	US05-live.mt4tradeserver.com:443	'899': request user trade history (0 trades) (OK/None)
1	2017.01.12 00:45:20.627	US05-live.mt4tradeserver.com:443	'899': request user trade history (0 trades) (OK/None)
0	2017.01.12 00:45:36.789	US05-live.mt4tradeserver.com:443	'899': request user trade history (2189 trades)
0	2017.01.12 00:45:37.422	US05-live.mt4tradeserver.com:443	'899': request user trade history (109 trades)
0	2017.01.12 00:45:37.832	US05-live.mt4tradeserver.com:443	'899': request user trade history (85 trades)
1	2017.01.12 00:45:38.175	US05-live.mt4tradeserver.com:443	'899': request user trade history (0 trades) (OK/None)
1	2017.01.12 00:45:38.548	US05-live.mt4tradeserver.com:443	'899': request user trade history (0 trades) (OK/None)
0	2017.01.12 00:45:38.957	US05-live.mt4tradeserver.com:443	'899': request user trade history (97 trades)
0	2017.01.12 00:45:39.370	US05-live.mt4tradeserver.com:443	'899': request user trade history (249 trades)
0	2017.01.12 00:45:39.960	US05-live.mt4tradeserver.com:443	'899': request user trade history (268 trades)
0	2017.01.12 00:45:40.783	US05-live.mt4tradeserver.com:443	'899': request user trade history (819 trades)
0	2017.01.12 00:45:41.520	US05-live.mt4tradeserver.com:443	'899': request user trade history (365 trades)
0	2017.01.12 00:45:41.930	US05-live.mt4tradeserver.com:443	'899': request user trade history (279 trades)
0	2017.01.12 00:45:42.345	US05-live.mt4tradeserver.com:443	'899': request user trade history (328 trades)
0	2017.01.12 00:45:44.919	US05-live.mt4tradeserver.com:443	'899': request user trade history (4606 trades)
0	2017.01.12 00:45:45.821	US05-live.mt4tradeserver.com:443	'899': request user trade history (430 trades)
0	2017.01.12 00:45:46.229	US05-live.mt4tradeserver.com:443	'899': request user trade history (219 trades)
0	2017.01.12 00:45:46.638	US05-live.mt4tradeserver.com:443	'899': request user trade history (110 trades)
0	2017.01.12 00:45:47.057	US05-live.mt4tradeserver.com:443	'899': request user trade history (23 trades)
1	2017.01.12 00:45:47.455	US05-live.mt4tradeserver.com:443	'899': request user trade history (0 trades) (OK/None)
0	2017.01.12 00:45:47.867	US05-live.mt4tradeserver.com:443	'899': request user trade history (128 trades)
0	2017.01.12 00:45:49.000	US05-live.mt4tradeserver.com:443	'899': request user trade history (1722 trades)
0	2017.01.12 00:45:49.609	US05-live.mt4tradeserver.com:443	'899': request user trade history (142 trades)
0	2017.01.12 00:45:50.249	US05-live.mt4tradeserver.com:443	'899': request user trade history (1194 trades)
0	2017.01.12 00:45:50.840	US05-live.mt4tradeserver.com:443	'899': request user trade history (431 trades)
0	2017.01.12 00:45:51.316	US05-live.mt4tradeserver.com:443	'899': request user trade history (436 trades)
0	2017.01.12 00:45:51.989	US05-live.mt4tradeserver.com:443	'899': request user trade history (840 trades)
0	2017.01.12 00:45:52.429	US05-live.mt4tradeserver.com:443	'899': request user trade history (336 trades)
0	2017.01.12 00:45:52.784	US05-live.mt4tradeserver.com:443	'899': request user trade history (90 trades)
0	2017.01.12 00:45:53.153	US05-live.mt4tradeserver.com:443	'899': request user trade history (218 trades)
0	2017.01.12 00:45:53.600	US05-live.mt4tradeserver.com:443	'899': request user trade history (56 trades)
0	2017.01.12 00:45:54.009	US05-live.mt4tradeserver.com:443	'899': request user trade history (8 trades)
1	2017.01.12 00:45:54.419	US05-live.mt4tradeserver.com:443	'899': request user trade history (0 trades) (OK/None)
1	2017.01.12 00:45:54.726	US05-live.mt4tradeserver.com:443	'899': request user trade history (0 trades) (OK/None)
0	2017.01.12 00:45:55.339	US05-live.mt4tradeserver.com:443	'899': request user trade history (26 trades)
0	2017.01.12 00:45:56.858	US05-live.mt4tradeserver.com:443	'899': request user trade history (4646 trades)
0	2017.01.12 00:45:57.696	US05-live.mt4tradeserver.com:443	'899': request user trade history (21 trades)
1	2017.01.12 00:45:58.106	US05-live.mt4tradeserver.com:443	'899': request user trade history (0 trades) (OK/None)
0	2017.01.12 00:45:58.521	US05-live.mt4tradeserver.com:443	'899': request user trade history (580 trades)
0	2017.01.12 00:45:58.945	US05-live.mt4tradeserver.com:443	'899': request user trade history (361 trades)
0	2017.01.12 00:45:59.335	US05-live.mt4tradeserver.com:443	'899': request user trade history (31 trades)
0	2017.01.12 00:46:00.161	US05-live.mt4tradeserver.com:443	'899': request user trade history (2281 trades)
1	2017.01.12 00:46:00.666	US05-live.mt4tradeserver.com:443	'899': request user trade history (0 trades) (OK/None)
0	2017.01.12 00:46:01.017	US05-live.mt4tradeserver.com:443	'899': request user trade history (24 trades)
0	2017.01.12 00:46:01.409	US05-live.mt4tradeserver.com:443	'899': request user trade history (302 trades)
0	2017.01.12 00:46:01.897	US05-live.mt4tradeserver.com:443	'899': request user trade history (188 trades)
0	2017.01.12 00:46:02.304	US05-live.mt4tradeserver.com:443	'899': request user trade history (2 trades)
0	2017.01.12 00:46:02.720	US05-live.mt4tradeserver.com:443	'899': request user trade history (443 trades)
0	2017.01.12 00:46:03.650	US05-live.mt4tradeserver.com:443	'899': request user trade history (2181 trades)
1	2017.01.12 00:46:04.150	US05-live.mt4tradeserver.com:443	'899': request user trade history (0 trades) (OK/None)
0	2017.01.12 00:46:04.625	US05-live.mt4tradeserver.com:443	'899': request user trade history (216 trades)
0	2017.01.12 00:46:06.331	US05-live.mt4tradeserver.com:443	'899': request user trade history (5741 trades)
0	2017.01.12 00:46:07.416	US05-live.mt4tradeserver.com:443	'899': request user trade history (1026 trades)
0	2017.01.12 00:46:07.939	US05-live.mt4tradeserver.com:443	'899': request user trade history (313 trades)
1	2017.01.12 00:46:08.280	US05-live.mt4tradeserver.com:443	'899': request user trade history (0 trades) (OK/None)
1	2017.01.12 00:46:08.652	US05-live.mt4tradeserver.com:443	'899': request user trade history (0 trades) (OK/None)
0	2017.01.12 00:46:10.213	US05-live.mt4tradeserver.com:443	'899': request user trade history (621 trades)
0	2017.01.12 00:46:10.598	US05-live.mt4tradeserver.com:443	'899': request user trade history (2 trades)
0	2017.01.12 00:46:11.103	US05-live.mt4tradeserver.com:443	'899': request user trade history (145 trades)
1	2017.01.12 00:46:11.520	US05-live.mt4tradeserver.com:443	'899': request user trade history (0 trades) (OK/None)
1	2017.01.12 00:46:11.827	US05-live.mt4tradeserver.com:443	'899': request user trade history (0 trades) (OK/None)
1	2017.01.12 00:46:12.126	US05-live.mt4tradeserver.com:443	'899': request user trade history (0 trades) (OK/None)
0	2017.01.12 00:46:12.636	US05-live.mt4tradeserver.com:443	'899': request user trade history (239 trades)
0	2017.01.12 00:46:13.057	US05-live.mt4tradeserver.com:443	'899': request user trade history (49 trades)
0	2017.01.12 00:46:13.465	US05-live.mt4tradeserver.com:443	'899': request user trade history (2 trades)
1	2017.01.12 00:46:13.771	US05-live.mt4tradeserver.com:443	'899': request user trade history (0 trades) (OK/None)
0	2017.01.12 00:46:14.090	US05-live.mt4tradeserver.com:443	'899': request user trade history (126 trades)
0	2017.01.12 00:46:14.490	US05-live.mt4tradeserver.com:443	'899': request user trade history (1 trades)
0	2017.01.12 00:46:14.903	US05-live.mt4tradeserver.com:443	'899': request user trade history (280 trades)
0	2017.01.12 00:46:15.356	US05-live.mt4tradeserver.com:443	'899': request user trade history (326 trades)
0	2017.01.12 00:46:15.821	US05-live.mt4tradeserver.com:443	'899': request user trade history (20 trades)
0	2017.01.12 00:46:16.136	US05-live.mt4tradeserver.com:443	'899': request user trade history (25 trades)
1	2017.01.12 00:46:16.538	US05-live.mt4tradeserver.com:443	'899': request user trade history (0 trades) (OK/None)
1	2017.01.12 00:46:16.845	US05-live.mt4tradeserver.com:443	'899': request user trade history (0 trades) (OK/None)
0	2017.01.12 00:46:17.159	US05-live.mt4tradeserver.com:443	'899': request user trade history (33 trades)
0	2017.01.12 00:46:17.565	US05-live.mt4tradeserver.com:443	'899': request user trade history (175 trades)
0	2017.01.12 00:46:17.972	US05-live.mt4tradeserver.com:443	'899': request user trade history (99 trades)
0	2017.01.12 00:46:18.381	US05-live.mt4tradeserver.com:443	'899': request user trade history (75 trades)
0	2017.01.12 00:46:19.006	US05-live.mt4tradeserver.com:443	'899': request user trade history (37 trades)
0	2017.01.12 00:46:19.406	US05-live.mt4tradeserver.com:443	'899': request user trade history (91 trades)
0	2017.01.12 00:46:19.815	US05-live.mt4tradeserver.com:443	'899': request user trade history (14 trades)
1	2017.01.12 00:46:20.111	US05-live.mt4tradeserver.com:443	'899': request user trade history (0 trades) (OK/None)
0	2017.01.12 00:46:20.443	US05-live.mt4tradeserver.com:443	'899': request user trade history (118 trades)
0	2017.01.12 00:46:20.841	US05-live.mt4tradeserver.com:443	'899': request user trade history (151 trades)
0	2017.01.12 00:46:21.175	US05-live.mt4tradeserver.com:443	'899': request user trade history (1 trades)
0	2017.01.12 00:46:21.556	US05-live.mt4tradeserver.com:443	'899': request user trade history (19 trades)
0	2017.01.12 00:46:21.863	US05-live.mt4tradeserver.com:443	'899': request user trade history (1 trades)
0	2017.01.12 00:46:22.175	US05-live.mt4tradeserver.com:443	'899': request user trade history (6 trades)
0	2017.01.12 00:46:22.287	US05-live.mt4tradeserver.com:443	'899': disconnect
0	2017.01.12 00:46:22.288		Remove: manager 115EFD8
