0	2017.01.20 15:50:54.574		MetaTrader 4 Manager API build 985 initialized
0	2017.01.20 15:50:55.123	US05-live.mt4tradeserver.com:443	Connect
0	2017.01.20 15:50:55.552	US05-live.mt4tradeserver.com:443	'899': login (server build 1010)
0	2017.01.20 15:50:56.572	US05-live.mt4tradeserver.com:443	'899': request 109 total users
0	2017.01.20 15:50:57.578	US05-live.mt4tradeserver.com:443	'899': request user trade history (2062 trades)
0	2017.01.20 15:51:00.349	US05-live.mt4tradeserver.com:443	'899': request user trade history (1122 trades)
0	2017.01.20 15:51:00.980	US05-live.mt4tradeserver.com:443	'899': request user trade history (73 trades)
0	2017.01.20 15:51:01.622	US05-live.mt4tradeserver.com:443	'899': request user trade history (1860 trades)
0	2017.01.20 15:51:02.547	US05-live.mt4tradeserver.com:443	'899': request user trade history (1801 trades)
0	2017.01.20 15:51:03.752	US05-live.mt4tradeserver.com:443	'899': request user trade history (2755 trades)
0	2017.01.20 15:51:04.874	US05-live.mt4tradeserver.com:443	'899': request user trade history (226 trades)
0	2017.01.20 15:51:05.279	US05-live.mt4tradeserver.com:443	'899': request user trade history (16 trades)
0	2017.01.20 15:51:07.093	US05-live.mt4tradeserver.com:443	'899': request user trade history (16339 trades)
0	2017.01.20 15:51:10.794	US05-live.mt4tradeserver.com:443	'899': request user trade history (427 trades)
0	2017.01.20 15:51:11.221	US05-live.mt4tradeserver.com:443	'899': request user trade history (91 trades)
0	2017.01.20 15:51:11.639	US05-live.mt4tradeserver.com:443	'899': request user trade history (656 trades)
0	2017.01.20 15:51:12.149	US05-live.mt4tradeserver.com:443	'899': request user trade history (272 trades)
0	2017.01.20 15:51:12.732	US05-live.mt4tradeserver.com:443	'899': request user trade history (1268 trades)
0	2017.01.20 15:51:13.272	US05-live.mt4tradeserver.com:443	'899': request user trade history (196 trades)
0	2017.01.20 15:51:13.682	US05-live.mt4tradeserver.com:443	'899': request user trade history (381 trades)
0	2017.01.20 15:51:14.184	US05-live.mt4tradeserver.com:443	'899': request user trade history (857 trades)
0	2017.01.20 15:51:14.598	US05-live.mt4tradeserver.com:443	'899': request user trade history (20 trades)
0	2017.01.20 15:51:15.049	US05-live.mt4tradeserver.com:443	'899': request user trade history (848 trades)
0	2017.01.20 15:51:15.522	US05-live.mt4tradeserver.com:443	'899': request user trade history (140 trades)
0	2017.01.20 15:51:16.871	US05-live.mt4tradeserver.com:443	'899': request user trade history (11832 trades)
1	2017.01.20 15:51:19.393	US05-live.mt4tradeserver.com:443	'899': request user trade history (0 trades) (OK/None)
1	2017.01.20 15:51:19.717	US05-live.mt4tradeserver.com:443	'899': request user trade history (0 trades) (OK/None)
0	2017.01.20 15:51:20.374	US05-live.mt4tradeserver.com:443	'899': request user trade history (2190 trades)
0	2017.01.20 15:51:21.256	US05-live.mt4tradeserver.com:443	'899': request user trade history (109 trades)
0	2017.01.20 15:51:21.666	US05-live.mt4tradeserver.com:443	'899': request user trade history (85 trades)
1	2017.01.20 15:51:21.971	US05-live.mt4tradeserver.com:443	'899': request user trade history (0 trades) (OK/None)
1	2017.01.20 15:51:22.278	US05-live.mt4tradeserver.com:443	'899': request user trade history (0 trades) (OK/None)
0	2017.01.20 15:51:22.587	US05-live.mt4tradeserver.com:443	'899': request user trade history (97 trades)
0	2017.01.20 15:51:22.910	US05-live.mt4tradeserver.com:443	'899': request user trade history (249 trades)
0	2017.01.20 15:51:23.307	US05-live.mt4tradeserver.com:443	'899': request user trade history (268 trades)
0	2017.01.20 15:51:23.764	US05-live.mt4tradeserver.com:443	'899': request user trade history (820 trades)
0	2017.01.20 15:51:24.230	US05-live.mt4tradeserver.com:443	'899': request user trade history (377 trades)
0	2017.01.20 15:51:24.636	US05-live.mt4tradeserver.com:443	'899': request user trade history (280 trades)
0	2017.01.20 15:51:25.047	US05-live.mt4tradeserver.com:443	'899': request user trade history (328 trades)
0	2017.01.20 15:51:26.198	US05-live.mt4tradeserver.com:443	'899': request user trade history (4606 trades)
0	2017.01.20 15:51:27.506	US05-live.mt4tradeserver.com:443	'899': request user trade history (430 trades)
0	2017.01.20 15:51:27.913	US05-live.mt4tradeserver.com:443	'899': request user trade history (245 trades)
0	2017.01.20 15:51:28.219	US05-live.mt4tradeserver.com:443	'899': request user trade history (110 trades)
0	2017.01.20 15:51:28.525	US05-live.mt4tradeserver.com:443	'899': request user trade history (23 trades)
1	2017.01.20 15:51:28.833	US05-live.mt4tradeserver.com:443	'899': request user trade history (0 trades) (OK/None)
0	2017.01.20 15:51:29.143	US05-live.mt4tradeserver.com:443	'899': request user trade history (127 trades)
0	2017.01.20 15:51:29.825	US05-live.mt4tradeserver.com:443	'899': request user trade history (1783 trades)
0	2017.01.20 15:51:30.574	US05-live.mt4tradeserver.com:443	'899': request user trade history (142 trades)
0	2017.01.20 15:51:31.241	US05-live.mt4tradeserver.com:443	'899': request user trade history (1255 trades)
0	2017.01.20 15:51:31.808	US05-live.mt4tradeserver.com:443	'899': request user trade history (431 trades)
0	2017.01.20 15:51:32.221	US05-live.mt4tradeserver.com:443	'899': request user trade history (446 trades)
0	2017.01.20 15:51:32.797	US05-live.mt4tradeserver.com:443	'899': request user trade history (850 trades)
0	2017.01.20 15:51:33.342	US05-live.mt4tradeserver.com:443	'899': request user trade history (336 trades)
0	2017.01.20 15:51:33.748	US05-live.mt4tradeserver.com:443	'899': request user trade history (90 trades)
0	2017.01.20 15:51:34.159	US05-live.mt4tradeserver.com:443	'899': request user trade history (218 trades)
0	2017.01.20 15:51:34.567	US05-live.mt4tradeserver.com:443	'899': request user trade history (56 trades)
0	2017.01.20 15:51:34.873	US05-live.mt4tradeserver.com:443	'899': request user trade history (8 trades)
1	2017.01.20 15:51:35.181	US05-live.mt4tradeserver.com:443	'899': request user trade history (0 trades) (OK/None)
1	2017.01.20 15:51:35.487	US05-live.mt4tradeserver.com:443	'899': request user trade history (0 trades) (OK/None)
0	2017.01.20 15:51:35.795	US05-live.mt4tradeserver.com:443	'899': request user trade history (26 trades)
0	2017.01.20 15:51:36.819	US05-live.mt4tradeserver.com:443	'899': request user trade history (4646 trades)
0	2017.01.20 15:51:37.849	US05-live.mt4tradeserver.com:443	'899': request user trade history (38 trades)
1	2017.01.20 15:51:38.153	US05-live.mt4tradeserver.com:443	'899': request user trade history (0 trades) (OK/None)
0	2017.01.20 15:51:38.581	US05-live.mt4tradeserver.com:443	'899': request user trade history (580 trades)
0	2017.01.20 15:51:39.080	US05-live.mt4tradeserver.com:443	'899': request user trade history (361 trades)
0	2017.01.20 15:51:39.487	US05-live.mt4tradeserver.com:443	'899': request user trade history (33 trades)
0	2017.01.20 15:51:40.097	US05-live.mt4tradeserver.com:443	'899': request user trade history (2363 trades)
1	2017.01.20 15:51:40.712	US05-live.mt4tradeserver.com:443	'899': request user trade history (0 trades) (OK/None)
0	2017.01.20 15:51:41.018	US05-live.mt4tradeserver.com:443	'899': request user trade history (24 trades)
0	2017.01.20 15:51:41.348	US05-live.mt4tradeserver.com:443	'899': request user trade history (304 trades)
0	2017.01.20 15:51:41.694	US05-live.mt4tradeserver.com:443	'899': request user trade history (188 trades)
0	2017.01.20 15:51:42.008	US05-live.mt4tradeserver.com:443	'899': request user trade history (2 trades)
0	2017.01.20 15:51:42.743	US05-live.mt4tradeserver.com:443	'899': request user trade history (443 trades)
0	2017.01.20 15:51:43.559	US05-live.mt4tradeserver.com:443	'899': request user trade history (2181 trades)
1	2017.01.20 15:51:44.089	US05-live.mt4tradeserver.com:443	'899': request user trade history (0 trades) (OK/None)
0	2017.01.20 15:51:44.403	US05-live.mt4tradeserver.com:443	'899': request user trade history (216 trades)
0	2017.01.20 15:51:45.796	US05-live.mt4tradeserver.com:443	'899': request user trade history (5950 trades)
0	2017.01.20 15:51:47.222	US05-live.mt4tradeserver.com:443	'899': request user trade history (1026 trades)
0	2017.01.20 15:51:47.779	US05-live.mt4tradeserver.com:443	'899': request user trade history (313 trades)
1	2017.01.20 15:51:48.186	US05-live.mt4tradeserver.com:443	'899': request user trade history (0 trades) (OK/None)
1	2017.01.20 15:51:48.494	US05-live.mt4tradeserver.com:443	'899': request user trade history (0 trades) (OK/None)
0	2017.01.20 15:51:49.862	US05-live.mt4tradeserver.com:443	'899': request user trade history (621 trades)
0	2017.01.20 15:51:50.233	US05-live.mt4tradeserver.com:443	'899': request user trade history (2 trades)
0	2017.01.20 15:51:50.617	US05-live.mt4tradeserver.com:443	'899': request user trade history (145 trades)
1	2017.01.20 15:51:50.892	US05-live.mt4tradeserver.com:443	'899': request user trade history (0 trades) (OK/None)
1	2017.01.20 15:51:51.162	US05-live.mt4tradeserver.com:443	'899': request user trade history (0 trades) (OK/None)
1	2017.01.20 15:51:51.975	US05-live.mt4tradeserver.com:443	'899': request user trade history (0 trades) (OK/None)
0	2017.01.20 15:51:52.348	US05-live.mt4tradeserver.com:443	'899': request user trade history (238 trades)
0	2017.01.20 15:51:52.692	US05-live.mt4tradeserver.com:443	'899': request user trade history (49 trades)
0	2017.01.20 15:51:52.999	US05-live.mt4tradeserver.com:443	'899': request user trade history (2 trades)
1	2017.01.20 15:51:53.305	US05-live.mt4tradeserver.com:443	'899': request user trade history (0 trades) (OK/None)
0	2017.01.20 15:51:53.614	US05-live.mt4tradeserver.com:443	'899': request user trade history (131 trades)
0	2017.01.20 15:51:54.024	US05-live.mt4tradeserver.com:443	'899': request user trade history (1 trades)
0	2017.01.20 15:51:54.506	US05-live.mt4tradeserver.com:443	'899': request user trade history (299 trades)
0	2017.01.20 15:51:55.021	US05-live.mt4tradeserver.com:443	'899': request user trade history (350 trades)
0	2017.01.20 15:51:55.458	US05-live.mt4tradeserver.com:443	'899': request user trade history (20 trades)
0	2017.01.20 15:51:55.768	US05-live.mt4tradeserver.com:443	'899': request user trade history (25 trades)
1	2017.01.20 15:51:56.070	US05-live.mt4tradeserver.com:443	'899': request user trade history (0 trades) (OK/None)
1	2017.01.20 15:51:56.378	US05-live.mt4tradeserver.com:443	'899': request user trade history (0 trades) (OK/None)
0	2017.01.20 15:51:56.662	US05-live.mt4tradeserver.com:443	'899': request user trade history (33 trades)
0	2017.01.20 15:51:57.048	US05-live.mt4tradeserver.com:443	'899': request user trade history (185 trades)
0	2017.01.20 15:51:57.404	US05-live.mt4tradeserver.com:443	'899': request user trade history (105 trades)
0	2017.01.20 15:51:57.721	US05-live.mt4tradeserver.com:443	'899': request user trade history (78 trades)
0	2017.01.20 15:51:58.022	US05-live.mt4tradeserver.com:443	'899': request user trade history (37 trades)
0	2017.01.20 15:51:58.324	US05-live.mt4tradeserver.com:443	'899': request user trade history (91 trades)
0	2017.01.20 15:51:58.631	US05-live.mt4tradeserver.com:443	'899': request user trade history (14 trades)
1	2017.01.20 15:51:58.890	US05-live.mt4tradeserver.com:443	'899': request user trade history (0 trades) (OK/None)
0	2017.01.20 15:51:59.247	US05-live.mt4tradeserver.com:443	'899': request user trade history (154 trades)
0	2017.01.20 15:51:59.660	US05-live.mt4tradeserver.com:443	'899': request user trade history (199 trades)
0	2017.01.20 15:52:00.069	US05-live.mt4tradeserver.com:443	'899': request user trade history (1 trades)
0	2017.01.20 15:52:00.371	US05-live.mt4tradeserver.com:443	'899': request user trade history (26 trades)
0	2017.01.20 15:52:00.678	US05-live.mt4tradeserver.com:443	'899': request user trade history (3 trades)
0	2017.01.20 15:52:00.987	US05-live.mt4tradeserver.com:443	'899': request user trade history (10 trades)
0	2017.01.20 15:55:35.482	US05-live.mt4tradeserver.com:443	'899': disconnect
0	2017.01.20 15:55:35.483		Remove: manager 4C37D78
