0	2017.01.09 01:40:53.480		MetaTrader 4 Manager API build 985 initialized
6	2017.01.09 01:40:55.735	jklj	Connect (No connection)
0	2017.01.09 01:40:55.793		Remove: manager 5EA6F80
0	2017.01.09 01:43:20.554		MetaTrader 4 Manager API build 985 initialized
6	2017.01.09 01:43:22.809	ljl	Connect (No connection)
0	2017.01.09 01:43:22.870		Remove: manager 9106848
0	2017.01.09 01:49:42.634		MetaTrader 4 Manager API build 985 initialized
6	2017.01.09 01:49:44.941	jhkh	Connect (No connection)
0	2017.01.09 01:49:45.031		Remove: manager 908E310
0	2017.01.09 01:50:25.133		MetaTrader 4 Manager API build 985 initialized
6	2017.01.09 01:50:27.387	jhk	Connect (No connection)
0	2017.01.09 01:50:27.430		Remove: manager 908E310
0	2017.01.09 01:50:40.079		MetaTrader 4 Manager API build 985 initialized
6	2017.01.09 01:50:42.331	jh	Connect (No connection)
0	2017.01.09 01:50:42.379		Remove: manager C130130
0	2017.01.09 01:51:32.201		MetaTrader 4 Manager API build 985 initialized
6	2017.01.09 01:51:34.456	kjl	Connect (No connection)
0	2017.01.09 01:51:34.503		Remove: manager C133148
0	2017.01.09 01:51:40.292		MetaTrader 4 Manager API build 985 initialized
6	2017.01.09 01:51:42.548	kjl	Connect (No connection)
0	2017.01.09 01:51:42.608		Remove: manager C133148
0	2017.01.09 01:51:48.478		MetaTrader 4 Manager API build 985 initialized
6	2017.01.09 01:51:50.735	kjl	Connect (No connection)
0	2017.01.09 01:51:50.796		Remove: manager C133148
0	2017.01.09 01:51:52.949		MetaTrader 4 Manager API build 985 initialized
6	2017.01.09 01:51:55.205	kjl	Connect (No connection)
0	2017.01.09 01:51:55.270		Remove: manager C133148
0	2017.01.09 01:51:58.192		MetaTrader 4 Manager API build 985 initialized
6	2017.01.09 01:52:00.445	kjl	Connect (No connection)
0	2017.01.09 01:52:00.511		Remove: manager C133148
6	2017.01.09 01:52:01.450	kjl	Connect (No connection)
0	2017.01.09 01:52:01.490		Remove: manager D52B008
0	2017.01.09 01:52:46.694		MetaTrader 4 Manager API build 985 initialized
6	2017.01.09 01:52:48.950	jhk	Connect (No connection)
0	2017.01.09 01:52:49.000		Remove: manager C133148
0	2017.01.09 01:52:50.600		MetaTrader 4 Manager API build 985 initialized
6	2017.01.09 01:52:52.856	jhk	Connect (No connection)
0	2017.01.09 01:52:52.925		Remove: manager C133148
0	2017.01.09 01:52:54.204		MetaTrader 4 Manager API build 985 initialized
6	2017.01.09 01:52:56.457	jhk	Connect (No connection)
0	2017.01.09 01:52:56.514		Remove: manager C133148
0	2017.01.09 01:52:57.660		MetaTrader 4 Manager API build 985 initialized
6	2017.01.09 01:52:59.913	jhk	Connect (No connection)
0	2017.01.09 01:52:59.985		Remove: manager C133148
0	2017.01.09 01:53:03.060		MetaTrader 4 Manager API build 985 initialized
6	2017.01.09 01:53:05.314	jhk	Connect (No connection)
0	2017.01.09 01:53:05.373		Remove: manager C133148
0	2017.01.09 01:56:28.098		MetaTrader 4 Manager API build 985 initialized
6	2017.01.09 01:56:30.360	lk	Connect (No connection)
0	2017.01.09 01:56:30.410		Remove: manager D5A53C0
0	2017.01.09 01:56:37.360		MetaTrader 4 Manager API build 985 initialized
6	2017.01.09 01:56:39.613	lkj	Connect (No connection)
0	2017.01.09 01:56:39.661		Remove: manager C4C8120
0	2017.01.09 01:56:45.491		MetaTrader 4 Manager API build 985 initialized
6	2017.01.09 01:56:47.748	jlkj	Connect (No connection)
0	2017.01.09 01:56:47.811		Remove: manager C4C8120
0	2017.01.09 01:56:48.755		MetaTrader 4 Manager API build 985 initialized
6	2017.01.09 01:56:51.007	lkj	Connect (No connection)
0	2017.01.09 01:56:51.084		Remove: manager C4C8120
0	2017.01.09 01:57:32.612		MetaTrader 4 Manager API build 985 initialized
6	2017.01.09 01:57:34.866	hkjh	Connect (No connection)
0	2017.01.09 01:57:34.919		Remove: manager 281603F0
6	2017.01.09 01:57:35.034	hkjh	Connect (No connection)
0	2017.01.09 01:57:35.151		Remove: manager D578C90
6	2017.01.09 01:57:35.325	hkjh	Connect (No connection)
0	2017.01.09 01:57:35.411		Remove: manager 8F4D030
0	2017.01.09 01:58:08.358		MetaTrader 4 Manager API build 985 initialized
6	2017.01.09 01:58:10.613	kjlj	Connect (No connection)
0	2017.01.09 01:58:10.654		Remove: manager D578C90
6	2017.01.09 01:58:10.706	kjlj	Connect (No connection)
0	2017.01.09 01:58:10.751		Remove: manager 2883A2D8
0	2017.01.09 01:58:51.097		MetaTrader 4 Manager API build 985 initialized
6	2017.01.09 01:58:53.354	jl	Connect (No connection)
0	2017.01.09 01:58:53.400		Remove: manager CB89F88
0	2017.01.09 01:58:59.246		MetaTrader 4 Manager API build 985 initialized
6	2017.01.09 01:59:01.498	kjl	Connect (No connection)
0	2017.01.09 01:59:01.553		Remove: manager CB89F88
6	2017.01.09 01:59:02.408	jl	Connect (No connection)
0	2017.01.09 01:59:02.483		Remove: manager CB70C68
0	2017.01.09 01:59:03.371		MetaTrader 4 Manager API build 985 initialized
6	2017.01.09 01:59:05.623	jl	Connect (No connection)
0	2017.01.09 01:59:05.680		Remove: manager CB70C68
6	2017.01.09 01:59:06.773	kjl	Connect (No connection)
0	2017.01.09 01:59:06.867		Remove: manager 2883A008
0	2017.01.09 19:31:05.959		MetaTrader 4 Manager API build 985 initialized
0	2017.01.09 19:31:06.390	US05-live.mt4tradeserver.com:443	Connect
0	2017.01.09 19:31:06.845	US05-live.mt4tradeserver.com:443	'899': login (server build 1010)
0	2017.01.09 19:31:09.174	US05-live.mt4tradeserver.com:443	'899': request 109 total users
0	2017.01.09 19:31:11.663	US05-live.mt4tradeserver.com:443	'899': request user trade history (1979 trades)
0	2017.01.09 19:31:13.831	US05-live.mt4tradeserver.com:443	'899': request user trade history (1122 trades)
0	2017.01.09 19:31:15.046	US05-live.mt4tradeserver.com:443	'899': request user trade history (73 trades)
0	2017.01.09 19:31:16.606	US05-live.mt4tradeserver.com:443	'899': request user trade history (1860 trades)
0	2017.01.09 19:31:17.720	US05-live.mt4tradeserver.com:443	'899': request user trade history (1798 trades)
0	2017.01.09 19:31:19.089	US05-live.mt4tradeserver.com:443	'899': request user trade history (2755 trades)
0	2017.01.09 19:31:20.879	US05-live.mt4tradeserver.com:443	'899': request user trade history (226 trades)
0	2017.01.09 19:31:21.490	US05-live.mt4tradeserver.com:443	'899': request user trade history (16 trades)
0	2017.01.09 19:31:23.421	US05-live.mt4tradeserver.com:443	'899': request user trade history (16339 trades)
0	2017.01.09 19:31:27.426	US05-live.mt4tradeserver.com:443	'899': request user trade history (427 trades)
0	2017.01.09 19:31:27.943	US05-live.mt4tradeserver.com:443	'899': request user trade history (91 trades)
0	2017.01.09 19:31:28.406	US05-live.mt4tradeserver.com:443	'899': request user trade history (656 trades)
0	2017.01.09 19:31:29.503	US05-live.mt4tradeserver.com:443	'899': request user trade history (272 trades)
0	2017.01.09 19:31:30.233	US05-live.mt4tradeserver.com:443	'899': request user trade history (1268 trades)
0	2017.01.09 19:31:31.017	US05-live.mt4tradeserver.com:443	'899': request user trade history (196 trades)
0	2017.01.09 19:31:32.207	US05-live.mt4tradeserver.com:443	'899': request user trade history (381 trades)
0	2017.01.09 19:31:33.997	US05-live.mt4tradeserver.com:443	'899': request user trade history (855 trades)
0	2017.01.09 19:31:36.253	US05-live.mt4tradeserver.com:443	'899': request user trade history (20 trades)
0	2017.01.09 19:31:37.825	US05-live.mt4tradeserver.com:443	'899': request user trade history (848 trades)
0	2017.01.09 19:31:38.796	US05-live.mt4tradeserver.com:443	'899': request user trade history (140 trades)
0	2017.01.09 19:31:40.286	US05-live.mt4tradeserver.com:443	'899': request user trade history (11822 trades)
1	2017.01.09 19:31:44.398	US05-live.mt4tradeserver.com:443	'899': request user trade history (0 trades) (OK/None)
1	2017.01.09 19:31:45.033	US05-live.mt4tradeserver.com:443	'899': request user trade history (0 trades) (OK/None)
0	2017.01.09 19:31:45.937	US05-live.mt4tradeserver.com:443	'899': request user trade history (2189 trades)
0	2017.01.09 19:31:46.478	US05-live.mt4tradeserver.com:443	'899': request user trade history (109 trades)
0	2017.01.09 19:31:47.240	US05-live.mt4tradeserver.com:443	'899': request user trade history (85 trades)
1	2017.01.09 19:31:47.807	US05-live.mt4tradeserver.com:443	'899': request user trade history (0 trades) (OK/None)
1	2017.01.09 19:31:48.215	US05-live.mt4tradeserver.com:443	'899': request user trade history (0 trades) (OK/None)
0	2017.01.09 19:31:48.731	US05-live.mt4tradeserver.com:443	'899': request user trade history (97 trades)
0	2017.01.09 19:31:49.154	US05-live.mt4tradeserver.com:443	'899': request user trade history (249 trades)
0	2017.01.09 19:31:49.655	US05-live.mt4tradeserver.com:443	'899': request user trade history (268 trades)
0	2017.01.09 19:31:50.229	US05-live.mt4tradeserver.com:443	'899': request user trade history (819 trades)
0	2017.01.09 19:31:51.434	US05-live.mt4tradeserver.com:443	'899': request user trade history (352 trades)
0	2017.01.09 19:31:51.867	US05-live.mt4tradeserver.com:443	'899': request user trade history (277 trades)
0	2017.01.09 19:31:52.426	US05-live.mt4tradeserver.com:443	'899': request user trade history (328 trades)
0	2017.01.09 19:32:00.467	US05-live.mt4tradeserver.com:443	'899': request user trade history (4606 trades)
0	2017.01.09 19:32:02.426	US05-live.mt4tradeserver.com:443	'899': request user trade history (430 trades)
0	2017.01.09 19:32:02.894	US05-live.mt4tradeserver.com:443	'899': request user trade history (200 trades)
0	2017.01.09 19:32:03.520	US05-live.mt4tradeserver.com:443	'899': request user trade history (110 trades)
0	2017.01.09 19:32:05.068	US05-live.mt4tradeserver.com:443	'899': request user trade history (23 trades)
1	2017.01.09 19:32:05.725	US05-live.mt4tradeserver.com:443	'899': request user trade history (0 trades) (OK/None)
0	2017.01.09 19:32:06.447	US05-live.mt4tradeserver.com:443	'899': request user trade history (128 trades)
0	2017.01.09 19:32:07.191	US05-live.mt4tradeserver.com:443	'899': request user trade history (1705 trades)
0	2017.01.09 19:32:07.781	US05-live.mt4tradeserver.com:443	'899': request user trade history (142 trades)
0	2017.01.09 19:32:08.469	US05-live.mt4tradeserver.com:443	'899': request user trade history (1177 trades)
0	2017.01.09 19:32:09.142	US05-live.mt4tradeserver.com:443	'899': request user trade history (431 trades)
0	2017.01.09 19:32:09.683	US05-live.mt4tradeserver.com:443	'899': request user trade history (433 trades)
0	2017.01.09 19:32:10.563	US05-live.mt4tradeserver.com:443	'899': request user trade history (833 trades)
0	2017.01.09 19:32:11.775	US05-live.mt4tradeserver.com:443	'899': request user trade history (336 trades)
0	2017.01.09 19:32:12.178	US05-live.mt4tradeserver.com:443	'899': request user trade history (90 trades)
0	2017.01.09 19:32:12.594	US05-live.mt4tradeserver.com:443	'899': request user trade history (218 trades)
0	2017.01.09 19:32:13.239	US05-live.mt4tradeserver.com:443	'899': request user trade history (56 trades)
0	2017.01.09 19:32:13.919	US05-live.mt4tradeserver.com:443	'899': request user trade history (8 trades)
1	2017.01.09 19:32:14.840	US05-live.mt4tradeserver.com:443	'899': request user trade history (0 trades) (OK/None)
1	2017.01.09 19:32:15.146	US05-live.mt4tradeserver.com:443	'899': request user trade history (0 trades) (OK/None)
0	2017.01.09 19:32:15.518	US05-live.mt4tradeserver.com:443	'899': request user trade history (26 trades)
0	2017.01.09 19:32:17.178	US05-live.mt4tradeserver.com:443	'899': request user trade history (4646 trades)
0	2017.01.09 19:32:18.015	US05-live.mt4tradeserver.com:443	'899': request user trade history (20 trades)
1	2017.01.09 19:32:18.628	US05-live.mt4tradeserver.com:443	'899': request user trade history (0 trades) (OK/None)
0	2017.01.09 19:32:19.149	US05-live.mt4tradeserver.com:443	'899': request user trade history (580 trades)
0	2017.01.09 19:32:19.601	US05-live.mt4tradeserver.com:443	'899': request user trade history (361 trades)
0	2017.01.09 19:32:19.928	US05-live.mt4tradeserver.com:443	'899': request user trade history (29 trades)
0	2017.01.09 19:32:20.888	US05-live.mt4tradeserver.com:443	'899': request user trade history (2254 trades)
1	2017.01.09 19:32:21.413	US05-live.mt4tradeserver.com:443	'899': request user trade history (0 trades) (OK/None)
0	2017.01.09 19:32:21.702	US05-live.mt4tradeserver.com:443	'899': request user trade history (24 trades)
0	2017.01.09 19:32:22.048	US05-live.mt4tradeserver.com:443	'899': request user trade history (302 trades)
0	2017.01.09 19:32:22.444	US05-live.mt4tradeserver.com:443	'899': request user trade history (188 trades)
0	2017.01.09 19:32:22.827	US05-live.mt4tradeserver.com:443	'899': request user trade history (2 trades)
0	2017.01.09 19:32:23.186	US05-live.mt4tradeserver.com:443	'899': request user trade history (443 trades)
0	2017.01.09 19:32:24.104	US05-live.mt4tradeserver.com:443	'899': request user trade history (2181 trades)
1	2017.01.09 19:32:24.670	US05-live.mt4tradeserver.com:443	'899': request user trade history (0 trades) (OK/None)
0	2017.01.09 19:32:25.084	US05-live.mt4tradeserver.com:443	'899': request user trade history (216 trades)
0	2017.01.09 19:32:26.773	US05-live.mt4tradeserver.com:443	'899': request user trade history (5704 trades)
0	2017.01.09 19:32:28.578	US05-live.mt4tradeserver.com:443	'899': request user trade history (1026 trades)
0	2017.01.09 19:32:29.058	US05-live.mt4tradeserver.com:443	'899': request user trade history (313 trades)
1	2017.01.09 19:32:29.687	US05-live.mt4tradeserver.com:443	'899': request user trade history (0 trades) (OK/None)
1	2017.01.09 19:32:30.099	US05-live.mt4tradeserver.com:443	'899': request user trade history (0 trades) (OK/None)
0	2017.01.09 19:32:30.482	US05-live.mt4tradeserver.com:443	'899': request user trade history (621 trades)
0	2017.01.09 19:32:31.415	US05-live.mt4tradeserver.com:443	'899': request user trade history (2 trades)
0	2017.01.09 19:32:32.250	US05-live.mt4tradeserver.com:443	'899': request user trade history (145 trades)
1	2017.01.09 19:32:32.760	US05-live.mt4tradeserver.com:443	'899': request user trade history (0 trades) (OK/None)
1	2017.01.09 19:32:33.067	US05-live.mt4tradeserver.com:443	'899': request user trade history (0 trades) (OK/None)
1	2017.01.09 19:32:33.682	US05-live.mt4tradeserver.com:443	'899': request user trade history (0 trades) (OK/None)
0	2017.01.09 19:32:34.025	US05-live.mt4tradeserver.com:443	'899': request user trade history (239 trades)
0	2017.01.09 19:32:34.401	US05-live.mt4tradeserver.com:443	'899': request user trade history (49 trades)
0	2017.01.09 19:32:35.013	US05-live.mt4tradeserver.com:443	'899': request user trade history (2 trades)
1	2017.01.09 19:32:35.319	US05-live.mt4tradeserver.com:443	'899': request user trade history (0 trades) (OK/None)
0	2017.01.09 19:32:36.038	US05-live.mt4tradeserver.com:443	'899': request user trade history (120 trades)
0	2017.01.09 19:32:36.447	US05-live.mt4tradeserver.com:443	'899': request user trade history (1 trades)
0	2017.01.09 19:32:36.860	US05-live.mt4tradeserver.com:443	'899': request user trade history (276 trades)
0	2017.01.09 19:32:37.270	US05-live.mt4tradeserver.com:443	'899': request user trade history (324 trades)
0	2017.01.09 19:32:37.675	US05-live.mt4tradeserver.com:443	'899': request user trade history (20 trades)
0	2017.01.09 19:32:37.982	US05-live.mt4tradeserver.com:443	'899': request user trade history (24 trades)
1	2017.01.09 19:32:38.391	US05-live.mt4tradeserver.com:443	'899': request user trade history (0 trades) (OK/None)
1	2017.01.09 19:32:38.699	US05-live.mt4tradeserver.com:443	'899': request user trade history (0 trades) (OK/None)
0	2017.01.09 19:32:39.109	US05-live.mt4tradeserver.com:443	'899': request user trade history (33 trades)
0	2017.01.09 19:32:39.524	US05-live.mt4tradeserver.com:443	'899': request user trade history (171 trades)
0	2017.01.09 19:32:39.932	US05-live.mt4tradeserver.com:443	'899': request user trade history (95 trades)
0	2017.01.09 19:32:40.340	US05-live.mt4tradeserver.com:443	'899': request user trade history (72 trades)
0	2017.01.09 19:32:40.851	US05-live.mt4tradeserver.com:443	'899': request user trade history (36 trades)
0	2017.01.09 19:32:41.210	US05-live.mt4tradeserver.com:443	'899': request user trade history (91 trades)
0	2017.01.09 19:32:41.670	US05-live.mt4tradeserver.com:443	'899': request user trade history (14 trades)
1	2017.01.09 19:32:41.976	US05-live.mt4tradeserver.com:443	'899': request user trade history (0 trades) (OK/None)
0	2017.01.09 19:32:42.397	US05-live.mt4tradeserver.com:443	'899': request user trade history (107 trades)
0	2017.01.09 19:32:42.902	US05-live.mt4tradeserver.com:443	'899': request user trade history (131 trades)
0	2017.01.09 19:32:43.310	US05-live.mt4tradeserver.com:443	'899': request user trade history (1 trades)
0	2017.01.09 19:32:43.721	US05-live.mt4tradeserver.com:443	'899': request user trade history (9 trades)
0	2017.01.09 19:32:44.013	US05-live.mt4tradeserver.com:443	'899': request user trade history (1 trades)
0	2017.01.09 19:32:44.332	US05-live.mt4tradeserver.com:443	'899': request user trade history (3 trades)
0	2017.01.09 19:32:44.481	US05-live.mt4tradeserver.com:443	'899': disconnect
0	2017.01.09 19:32:44.482		Remove: manager 582F010
