0	2017.02.01 18:41:12.734		MetaTrader 4 Manager API build 985 initialized
0	2017.02.01 18:41:13.127	US05-live.mt4tradeserver.com:443	Connect
0	2017.02.01 18:41:13.436	US05-live.mt4tradeserver.com:443	'899': login (server build 1010)
0	2017.02.01 18:41:14.276	US05-live.mt4tradeserver.com:443	'899': request 110 total users
0	2017.02.01 18:41:15.270	US05-live.mt4tradeserver.com:443	'899': request user trade history (2097 trades)
0	2017.02.01 18:41:19.896	US05-live.mt4tradeserver.com:443	'899': request user trade history (1122 trades)
0	2017.02.01 18:41:20.361	US05-live.mt4tradeserver.com:443	'899': request user trade history (73 trades)
0	2017.02.01 18:41:20.986	US05-live.mt4tradeserver.com:443	'899': request user trade history (1860 trades)
0	2017.02.01 18:41:21.797	US05-live.mt4tradeserver.com:443	'899': request user trade history (1805 trades)
0	2017.02.01 18:41:22.750	US05-live.mt4tradeserver.com:443	'899': request user trade history (2755 trades)
0	2017.02.01 18:41:24.167	US05-live.mt4tradeserver.com:443	'899': request user trade history (226 trades)
0	2017.02.01 18:41:24.532	US05-live.mt4tradeserver.com:443	'899': request user trade history (16 trades)
0	2017.02.01 18:41:26.389	US05-live.mt4tradeserver.com:443	'899': request user trade history (16339 trades)
0	2017.02.01 18:41:30.118	US05-live.mt4tradeserver.com:443	'899': request user trade history (427 trades)
0	2017.02.01 18:41:30.577	US05-live.mt4tradeserver.com:443	'899': request user trade history (91 trades)
0	2017.02.01 18:41:31.139	US05-live.mt4tradeserver.com:443	'899': request user trade history (656 trades)
0	2017.02.01 18:41:31.847	US05-live.mt4tradeserver.com:443	'899': request user trade history (272 trades)
0	2017.02.01 18:41:32.524	US05-live.mt4tradeserver.com:443	'899': request user trade history (1268 trades)
0	2017.02.01 18:41:32.982	US05-live.mt4tradeserver.com:443	'899': request user trade history (196 trades)
0	2017.02.01 18:41:33.340	US05-live.mt4tradeserver.com:443	'899': request user trade history (381 trades)
0	2017.02.01 18:41:33.813	US05-live.mt4tradeserver.com:443	'899': request user trade history (862 trades)
0	2017.02.01 18:41:34.222	US05-live.mt4tradeserver.com:443	'899': request user trade history (20 trades)
0	2017.02.01 18:41:34.684	US05-live.mt4tradeserver.com:443	'899': request user trade history (848 trades)
0	2017.02.01 18:41:35.060	US05-live.mt4tradeserver.com:443	'899': request user trade history (140 trades)
0	2017.02.01 18:41:36.362	US05-live.mt4tradeserver.com:443	'899': request user trade history (11844 trades)
1	2017.02.01 18:41:39.199	US05-live.mt4tradeserver.com:443	'899': request user trade history (0 trades) (OK/None)
1	2017.02.01 18:41:39.477	US05-live.mt4tradeserver.com:443	'899': request user trade history (0 trades) (OK/None)
0	2017.02.01 18:41:40.124	US05-live.mt4tradeserver.com:443	'899': request user trade history (2193 trades)
0	2017.02.01 18:41:40.869	US05-live.mt4tradeserver.com:443	'899': request user trade history (109 trades)
0	2017.02.01 18:41:41.196	US05-live.mt4tradeserver.com:443	'899': request user trade history (85 trades)
1	2017.02.01 18:41:41.510	US05-live.mt4tradeserver.com:443	'899': request user trade history (0 trades) (OK/None)
1	2017.02.01 18:41:41.772	US05-live.mt4tradeserver.com:443	'899': request user trade history (0 trades) (OK/None)
0	2017.02.01 18:41:42.066	US05-live.mt4tradeserver.com:443	'899': request user trade history (97 trades)
0	2017.02.01 18:41:42.403	US05-live.mt4tradeserver.com:443	'899': request user trade history (249 trades)
0	2017.02.01 18:41:42.768	US05-live.mt4tradeserver.com:443	'899': request user trade history (268 trades)
0	2017.02.01 18:41:43.259	US05-live.mt4tradeserver.com:443	'899': request user trade history (850 trades)
0	2017.02.01 18:41:43.803	US05-live.mt4tradeserver.com:443	'899': request user trade history (390 trades)
0	2017.02.01 18:41:44.204	US05-live.mt4tradeserver.com:443	'899': request user trade history (280 trades)
0	2017.02.01 18:41:44.618	US05-live.mt4tradeserver.com:443	'899': request user trade history (329 trades)
0	2017.02.01 18:41:45.863	US05-live.mt4tradeserver.com:443	'899': request user trade history (4606 trades)
0	2017.02.01 18:41:47.289	US05-live.mt4tradeserver.com:443	'899': request user trade history (430 trades)
0	2017.02.01 18:41:48.074	US05-live.mt4tradeserver.com:443	'899': request user trade history (245 trades)
0	2017.02.01 18:41:48.428	US05-live.mt4tradeserver.com:443	'899': request user trade history (110 trades)
0	2017.02.01 18:41:48.703	US05-live.mt4tradeserver.com:443	'899': request user trade history (23 trades)
1	2017.02.01 18:41:49.028	US05-live.mt4tradeserver.com:443	'899': request user trade history (0 trades) (OK/None)
0	2017.02.01 18:41:49.316	US05-live.mt4tradeserver.com:443	'899': request user trade history (125 trades)
0	2017.02.01 18:41:50.407	US05-live.mt4tradeserver.com:443	'899': request user trade history (1838 trades)
0	2017.02.01 18:41:51.972	US05-live.mt4tradeserver.com:443	'899': request user trade history (143 trades)
0	2017.02.01 18:41:52.585	US05-live.mt4tradeserver.com:443	'899': request user trade history (1311 trades)
0	2017.02.01 18:41:53.209	US05-live.mt4tradeserver.com:443	'899': request user trade history (431 trades)
0	2017.02.01 18:41:53.619	US05-live.mt4tradeserver.com:443	'899': request user trade history (452 trades)
0	2017.02.01 18:41:54.447	US05-live.mt4tradeserver.com:443	'899': request user trade history (866 trades)
0	2017.02.01 18:41:54.953	US05-live.mt4tradeserver.com:443	'899': request user trade history (336 trades)
0	2017.02.01 18:41:55.421	US05-live.mt4tradeserver.com:443	'899': request user trade history (90 trades)
0	2017.02.01 18:41:55.738	US05-live.mt4tradeserver.com:443	'899': request user trade history (218 trades)
0	2017.02.01 18:41:56.025	US05-live.mt4tradeserver.com:443	'899': request user trade history (56 trades)
0	2017.02.01 18:41:56.287	US05-live.mt4tradeserver.com:443	'899': request user trade history (8 trades)
1	2017.02.01 18:41:56.585	US05-live.mt4tradeserver.com:443	'899': request user trade history (0 trades) (OK/None)
1	2017.02.01 18:41:56.842	US05-live.mt4tradeserver.com:443	'899': request user trade history (0 trades) (OK/None)
0	2017.02.01 18:41:57.114	US05-live.mt4tradeserver.com:443	'899': request user trade history (26 trades)
0	2017.02.01 18:41:58.099	US05-live.mt4tradeserver.com:443	'899': request user trade history (4646 trades)
0	2017.02.01 18:42:00.235	US05-live.mt4tradeserver.com:443	'899': request user trade history (56 trades)
1	2017.02.01 18:42:00.963	US05-live.mt4tradeserver.com:443	'899': request user trade history (0 trades) (OK/None)
0	2017.02.01 18:42:01.564	US05-live.mt4tradeserver.com:443	'899': request user trade history (580 trades)
0	2017.02.01 18:42:02.004	US05-live.mt4tradeserver.com:443	'899': request user trade history (361 trades)
0	2017.02.01 18:42:02.346	US05-live.mt4tradeserver.com:443	'899': request user trade history (35 trades)
0	2017.02.01 18:42:02.993	US05-live.mt4tradeserver.com:443	'899': request user trade history (2525 trades)
1	2017.02.01 18:42:03.788	US05-live.mt4tradeserver.com:443	'899': request user trade history (0 trades) (OK/None)
0	2017.02.01 18:42:04.070	US05-live.mt4tradeserver.com:443	'899': request user trade history (24 trades)
0	2017.02.01 18:42:04.401	US05-live.mt4tradeserver.com:443	'899': request user trade history (308 trades)
0	2017.02.01 18:42:04.716	US05-live.mt4tradeserver.com:443	'899': request user trade history (188 trades)
0	2017.02.01 18:42:04.982	US05-live.mt4tradeserver.com:443	'899': request user trade history (2 trades)
0	2017.02.01 18:42:05.324	US05-live.mt4tradeserver.com:443	'899': request user trade history (443 trades)
0	2017.02.01 18:42:06.087	US05-live.mt4tradeserver.com:443	'899': request user trade history (2181 trades)
1	2017.02.01 18:42:07.335	US05-live.mt4tradeserver.com:443	'899': request user trade history (0 trades) (OK/None)
0	2017.02.01 18:42:07.650	US05-live.mt4tradeserver.com:443	'899': request user trade history (216 trades)
0	2017.02.01 18:42:08.991	US05-live.mt4tradeserver.com:443	'899': request user trade history (6392 trades)
0	2017.02.01 18:42:11.741	US05-live.mt4tradeserver.com:443	'899': request user trade history (1026 trades)
0	2017.02.01 18:42:12.268	US05-live.mt4tradeserver.com:443	'899': request user trade history (313 trades)
1	2017.02.01 18:42:12.630	US05-live.mt4tradeserver.com:443	'899': request user trade history (0 trades) (OK/None)
1	2017.02.01 18:42:12.889	US05-live.mt4tradeserver.com:443	'899': request user trade history (0 trades) (OK/None)
0	2017.02.01 18:42:13.270	US05-live.mt4tradeserver.com:443	'899': request user trade history (621 trades)
0	2017.02.01 18:42:13.577	US05-live.mt4tradeserver.com:443	'899': request user trade history (2 trades)
0	2017.02.01 18:42:13.860	US05-live.mt4tradeserver.com:443	'899': request user trade history (145 trades)
1	2017.02.01 18:42:14.192	US05-live.mt4tradeserver.com:443	'899': request user trade history (0 trades) (OK/None)
1	2017.02.01 18:42:14.454	US05-live.mt4tradeserver.com:443	'899': request user trade history (0 trades) (OK/None)
1	2017.02.01 18:42:14.710	US05-live.mt4tradeserver.com:443	'899': request user trade history (0 trades) (OK/None)
0	2017.02.01 18:42:15.049	US05-live.mt4tradeserver.com:443	'899': request user trade history (238 trades)
0	2017.02.01 18:42:15.451	US05-live.mt4tradeserver.com:443	'899': request user trade history (49 trades)
0	2017.02.01 18:42:15.735	US05-live.mt4tradeserver.com:443	'899': request user trade history (2 trades)
1	2017.02.01 18:42:15.993	US05-live.mt4tradeserver.com:443	'899': request user trade history (0 trades) (OK/None)
0	2017.02.01 18:42:16.282	US05-live.mt4tradeserver.com:443	'899': request user trade history (131 trades)
0	2017.02.01 18:42:16.578	US05-live.mt4tradeserver.com:443	'899': request user trade history (1 trades)
0	2017.02.01 18:42:16.933	US05-live.mt4tradeserver.com:443	'899': request user trade history (319 trades)
0	2017.02.01 18:42:17.370	US05-live.mt4tradeserver.com:443	'899': request user trade history (356 trades)
0	2017.02.01 18:42:17.712	US05-live.mt4tradeserver.com:443	'899': request user trade history (20 trades)
0	2017.02.01 18:42:17.990	US05-live.mt4tradeserver.com:443	'899': request user trade history (24 trades)
1	2017.02.01 18:42:18.296	US05-live.mt4tradeserver.com:443	'899': request user trade history (0 trades) (OK/None)
1	2017.02.01 18:42:18.562	US05-live.mt4tradeserver.com:443	'899': request user trade history (0 trades) (OK/None)
0	2017.02.01 18:42:18.857	US05-live.mt4tradeserver.com:443	'899': request user trade history (33 trades)
0	2017.02.01 18:42:19.334	US05-live.mt4tradeserver.com:443	'899': request user trade history (210 trades)
0	2017.02.01 18:42:19.651	US05-live.mt4tradeserver.com:443	'899': request user trade history (113 trades)
0	2017.02.01 18:42:19.942	US05-live.mt4tradeserver.com:443	'899': request user trade history (77 trades)
0	2017.02.01 18:42:20.229	US05-live.mt4tradeserver.com:443	'899': request user trade history (37 trades)
0	2017.02.01 18:42:20.526	US05-live.mt4tradeserver.com:443	'899': request user trade history (122 trades)
0	2017.02.01 18:42:20.807	US05-live.mt4tradeserver.com:443	'899': request user trade history (14 trades)
1	2017.02.01 18:42:21.075	US05-live.mt4tradeserver.com:443	'899': request user trade history (0 trades) (OK/None)
0	2017.02.01 18:42:21.379	US05-live.mt4tradeserver.com:443	'899': request user trade history (172 trades)
0	2017.02.01 18:42:21.726	US05-live.mt4tradeserver.com:443	'899': request user trade history (254 trades)
0	2017.02.01 18:42:22.004	US05-live.mt4tradeserver.com:443	'899': request user trade history (1 trades)
0	2017.02.01 18:42:22.271	US05-live.mt4tradeserver.com:443	'899': request user trade history (25 trades)
0	2017.02.01 18:42:22.545	US05-live.mt4tradeserver.com:443	'899': request user trade history (11 trades)
0	2017.02.01 18:42:22.827	US05-live.mt4tradeserver.com:443	'899': request user trade history (24 trades)
0	2017.02.01 18:42:23.126	US05-live.mt4tradeserver.com:443	'899': request user trade history (228 trades)
0	2017.02.01 18:46:18.509	US05-live.mt4tradeserver.com:443	'899': disconnect
0	2017.02.01 18:46:18.509		Remove: manager 4E4E950
