0	2017.01.21 13:18:33.578		MetaTrader 4 Manager API build 985 initialized
0	2017.01.21 13:18:34.018	US05-live.mt4tradeserver.com:443	Connect
0	2017.01.21 13:18:34.473	US05-live.mt4tradeserver.com:443	'899': login (server build 1010)
0	2017.01.21 13:18:35.363	US05-live.mt4tradeserver.com:443	'899': request 109 total users
0	2017.01.21 13:18:36.397	US05-live.mt4tradeserver.com:443	'899': request user trade history (2062 trades)
0	2017.01.21 13:18:38.898	US05-live.mt4tradeserver.com:443	'899': request user trade history (1122 trades)
0	2017.01.21 13:18:39.798	US05-live.mt4tradeserver.com:443	'899': request user trade history (73 trades)
0	2017.01.21 13:18:40.490	US05-live.mt4tradeserver.com:443	'899': request user trade history (1860 trades)
0	2017.01.21 13:18:41.739	US05-live.mt4tradeserver.com:443	'899': request user trade history (1801 trades)
0	2017.01.21 13:18:43.297	US05-live.mt4tradeserver.com:443	'899': request user trade history (2755 trades)
0	2017.01.21 13:18:44.615	US05-live.mt4tradeserver.com:443	'899': request user trade history (226 trades)
0	2017.01.21 13:18:45.020	US05-live.mt4tradeserver.com:443	'899': request user trade history (16 trades)
0	2017.01.21 13:18:46.733	US05-live.mt4tradeserver.com:443	'899': request user trade history (16339 trades)
0	2017.01.21 13:18:50.792	US05-live.mt4tradeserver.com:443	'899': request user trade history (427 trades)
0	2017.01.21 13:18:51.269	US05-live.mt4tradeserver.com:443	'899': request user trade history (91 trades)
0	2017.01.21 13:18:51.713	US05-live.mt4tradeserver.com:443	'899': request user trade history (656 trades)
0	2017.01.21 13:18:52.500	US05-live.mt4tradeserver.com:443	'899': request user trade history (272 trades)
0	2017.01.21 13:18:53.085	US05-live.mt4tradeserver.com:443	'899': request user trade history (1268 trades)
0	2017.01.21 13:18:53.829	US05-live.mt4tradeserver.com:443	'899': request user trade history (196 trades)
0	2017.01.21 13:18:54.347	US05-live.mt4tradeserver.com:443	'899': request user trade history (381 trades)
0	2017.01.21 13:18:54.821	US05-live.mt4tradeserver.com:443	'899': request user trade history (857 trades)
0	2017.01.21 13:18:55.467	US05-live.mt4tradeserver.com:443	'899': request user trade history (20 trades)
0	2017.01.21 13:18:55.928	US05-live.mt4tradeserver.com:443	'899': request user trade history (848 trades)
0	2017.01.21 13:18:56.696	US05-live.mt4tradeserver.com:443	'899': request user trade history (140 trades)
0	2017.01.21 13:18:58.037	US05-live.mt4tradeserver.com:443	'899': request user trade history (11832 trades)
1	2017.01.21 13:19:02.122	US05-live.mt4tradeserver.com:443	'899': request user trade history (0 trades) (OK/None)
1	2017.01.21 13:19:02.429	US05-live.mt4tradeserver.com:443	'899': request user trade history (0 trades) (OK/None)
0	2017.01.21 13:19:03.109	US05-live.mt4tradeserver.com:443	'899': request user trade history (2190 trades)
0	2017.01.21 13:19:04.069	US05-live.mt4tradeserver.com:443	'899': request user trade history (109 trades)
0	2017.01.21 13:19:04.479	US05-live.mt4tradeserver.com:443	'899': request user trade history (85 trades)
1	2017.01.21 13:19:04.784	US05-live.mt4tradeserver.com:443	'899': request user trade history (0 trades) (OK/None)
1	2017.01.21 13:19:05.092	US05-live.mt4tradeserver.com:443	'899': request user trade history (0 trades) (OK/None)
0	2017.01.21 13:19:05.400	US05-live.mt4tradeserver.com:443	'899': request user trade history (97 trades)
0	2017.01.21 13:19:05.812	US05-live.mt4tradeserver.com:443	'899': request user trade history (249 trades)
0	2017.01.21 13:19:06.223	US05-live.mt4tradeserver.com:443	'899': request user trade history (268 trades)
0	2017.01.21 13:19:06.749	US05-live.mt4tradeserver.com:443	'899': request user trade history (823 trades)
0	2017.01.21 13:19:07.381	US05-live.mt4tradeserver.com:443	'899': request user trade history (378 trades)
0	2017.01.21 13:19:07.828	US05-live.mt4tradeserver.com:443	'899': request user trade history (280 trades)
0	2017.01.21 13:19:08.270	US05-live.mt4tradeserver.com:443	'899': request user trade history (328 trades)
0	2017.01.21 13:19:09.447	US05-live.mt4tradeserver.com:443	'899': request user trade history (4606 trades)
0	2017.01.21 13:19:11.559	US05-live.mt4tradeserver.com:443	'899': request user trade history (430 trades)
0	2017.01.21 13:19:11.938	US05-live.mt4tradeserver.com:443	'899': request user trade history (245 trades)
0	2017.01.21 13:19:12.364	US05-live.mt4tradeserver.com:443	'899': request user trade history (110 trades)
0	2017.01.21 13:19:12.775	US05-live.mt4tradeserver.com:443	'899': request user trade history (23 trades)
1	2017.01.21 13:19:13.180	US05-live.mt4tradeserver.com:443	'899': request user trade history (0 trades) (OK/None)
0	2017.01.21 13:19:13.489	US05-live.mt4tradeserver.com:443	'899': request user trade history (127 trades)
0	2017.01.21 13:19:14.167	US05-live.mt4tradeserver.com:443	'899': request user trade history (1791 trades)
0	2017.01.21 13:19:14.821	US05-live.mt4tradeserver.com:443	'899': request user trade history (142 trades)
0	2017.01.21 13:19:15.381	US05-live.mt4tradeserver.com:443	'899': request user trade history (1264 trades)
0	2017.01.21 13:19:16.075	US05-live.mt4tradeserver.com:443	'899': request user trade history (431 trades)
0	2017.01.21 13:19:16.587	US05-live.mt4tradeserver.com:443	'899': request user trade history (446 trades)
0	2017.01.21 13:19:17.140	US05-live.mt4tradeserver.com:443	'899': request user trade history (852 trades)
0	2017.01.21 13:19:17.691	US05-live.mt4tradeserver.com:443	'899': request user trade history (336 trades)
0	2017.01.21 13:19:18.098	US05-live.mt4tradeserver.com:443	'899': request user trade history (90 trades)
0	2017.01.21 13:19:18.510	US05-live.mt4tradeserver.com:443	'899': request user trade history (218 trades)
0	2017.01.21 13:19:18.916	US05-live.mt4tradeserver.com:443	'899': request user trade history (56 trades)
0	2017.01.21 13:19:19.223	US05-live.mt4tradeserver.com:443	'899': request user trade history (8 trades)
1	2017.01.21 13:19:19.530	US05-live.mt4tradeserver.com:443	'899': request user trade history (0 trades) (OK/None)
1	2017.01.21 13:19:19.838	US05-live.mt4tradeserver.com:443	'899': request user trade history (0 trades) (OK/None)
0	2017.01.21 13:19:20.145	US05-live.mt4tradeserver.com:443	'899': request user trade history (26 trades)
0	2017.01.21 13:19:21.123	US05-live.mt4tradeserver.com:443	'899': request user trade history (4646 trades)
0	2017.01.21 13:19:22.602	US05-live.mt4tradeserver.com:443	'899': request user trade history (38 trades)
1	2017.01.21 13:19:23.011	US05-live.mt4tradeserver.com:443	'899': request user trade history (0 trades) (OK/None)
0	2017.01.21 13:19:23.377	US05-live.mt4tradeserver.com:443	'899': request user trade history (580 trades)
0	2017.01.21 13:19:23.940	US05-live.mt4tradeserver.com:443	'899': request user trade history (361 trades)
0	2017.01.21 13:19:24.344	US05-live.mt4tradeserver.com:443	'899': request user trade history (33 trades)
0	2017.01.21 13:19:24.986	US05-live.mt4tradeserver.com:443	'899': request user trade history (2368 trades)
1	2017.01.21 13:19:25.776	US05-live.mt4tradeserver.com:443	'899': request user trade history (0 trades) (OK/None)
0	2017.01.21 13:19:26.085	US05-live.mt4tradeserver.com:443	'899': request user trade history (24 trades)
0	2017.01.21 13:19:26.498	US05-live.mt4tradeserver.com:443	'899': request user trade history (304 trades)
0	2017.01.21 13:19:26.906	US05-live.mt4tradeserver.com:443	'899': request user trade history (188 trades)
0	2017.01.21 13:19:27.312	US05-live.mt4tradeserver.com:443	'899': request user trade history (2 trades)
0	2017.01.21 13:19:27.659	US05-live.mt4tradeserver.com:443	'899': request user trade history (443 trades)
0	2017.01.21 13:19:28.383	US05-live.mt4tradeserver.com:443	'899': request user trade history (2181 trades)
1	2017.01.21 13:19:29.360	US05-live.mt4tradeserver.com:443	'899': request user trade history (0 trades) (OK/None)
0	2017.01.21 13:19:29.671	US05-live.mt4tradeserver.com:443	'899': request user trade history (216 trades)
0	2017.01.21 13:19:31.038	US05-live.mt4tradeserver.com:443	'899': request user trade history (5977 trades)
0	2017.01.21 13:19:32.862	US05-live.mt4tradeserver.com:443	'899': request user trade history (1026 trades)
0	2017.01.21 13:19:33.358	US05-live.mt4tradeserver.com:443	'899': request user trade history (313 trades)
1	2017.01.21 13:19:33.766	US05-live.mt4tradeserver.com:443	'899': request user trade history (0 trades) (OK/None)
1	2017.01.21 13:19:34.072	US05-live.mt4tradeserver.com:443	'899': request user trade history (0 trades) (OK/None)
0	2017.01.21 13:19:34.461	US05-live.mt4tradeserver.com:443	'899': request user trade history (621 trades)
0	2017.01.21 13:19:34.857	US05-live.mt4tradeserver.com:443	'899': request user trade history (2 trades)
0	2017.01.21 13:19:35.176	US05-live.mt4tradeserver.com:443	'899': request user trade history (145 trades)
1	2017.01.21 13:19:35.506	US05-live.mt4tradeserver.com:443	'899': request user trade history (0 trades) (OK/None)
1	2017.01.21 13:19:35.812	US05-live.mt4tradeserver.com:443	'899': request user trade history (0 trades) (OK/None)
1	2017.01.21 13:19:36.121	US05-live.mt4tradeserver.com:443	'899': request user trade history (0 trades) (OK/None)
0	2017.01.21 13:19:36.434	US05-live.mt4tradeserver.com:443	'899': request user trade history (238 trades)
0	2017.01.21 13:19:36.836	US05-live.mt4tradeserver.com:443	'899': request user trade history (49 trades)
0	2017.01.21 13:19:37.144	US05-live.mt4tradeserver.com:443	'899': request user trade history (2 trades)
1	2017.01.21 13:19:37.450	US05-live.mt4tradeserver.com:443	'899': request user trade history (0 trades) (OK/None)
0	2017.01.21 13:19:37.758	US05-live.mt4tradeserver.com:443	'899': request user trade history (131 trades)
0	2017.01.21 13:19:38.168	US05-live.mt4tradeserver.com:443	'899': request user trade history (1 trades)
0	2017.01.21 13:19:38.581	US05-live.mt4tradeserver.com:443	'899': request user trade history (301 trades)
0	2017.01.21 13:19:39.011	US05-live.mt4tradeserver.com:443	'899': request user trade history (350 trades)
0	2017.01.21 13:19:39.396	US05-live.mt4tradeserver.com:443	'899': request user trade history (20 trades)
0	2017.01.21 13:19:39.704	US05-live.mt4tradeserver.com:443	'899': request user trade history (25 trades)
1	2017.01.21 13:19:40.011	US05-live.mt4tradeserver.com:443	'899': request user trade history (0 trades) (OK/None)
1	2017.01.21 13:19:40.318	US05-live.mt4tradeserver.com:443	'899': request user trade history (0 trades) (OK/None)
0	2017.01.21 13:19:40.625	US05-live.mt4tradeserver.com:443	'899': request user trade history (33 trades)
0	2017.01.21 13:19:40.945	US05-live.mt4tradeserver.com:443	'899': request user trade history (186 trades)
0	2017.01.21 13:19:41.343	US05-live.mt4tradeserver.com:443	'899': request user trade history (105 trades)
0	2017.01.21 13:19:41.653	US05-live.mt4tradeserver.com:443	'899': request user trade history (78 trades)
0	2017.01.21 13:19:41.956	US05-live.mt4tradeserver.com:443	'899': request user trade history (37 trades)
0	2017.01.21 13:19:42.264	US05-live.mt4tradeserver.com:443	'899': request user trade history (91 trades)
0	2017.01.21 13:19:42.571	US05-live.mt4tradeserver.com:443	'899': request user trade history (14 trades)
1	2017.01.21 13:19:42.878	US05-live.mt4tradeserver.com:443	'899': request user trade history (0 trades) (OK/None)
0	2017.01.21 13:19:43.211	US05-live.mt4tradeserver.com:443	'899': request user trade history (155 trades)
0	2017.01.21 13:19:43.643	US05-live.mt4tradeserver.com:443	'899': request user trade history (203 trades)
0	2017.01.21 13:19:44.131	US05-live.mt4tradeserver.com:443	'899': request user trade history (1 trades)
0	2017.01.21 13:19:44.565	US05-live.mt4tradeserver.com:443	'899': request user trade history (26 trades)
0	2017.01.21 13:19:44.896	US05-live.mt4tradeserver.com:443	'899': request user trade history (3 trades)
0	2017.01.21 13:19:45.162	US05-live.mt4tradeserver.com:443	'899': request user trade history (12 trades)
0	2017.01.21 13:23:39.868	US05-live.mt4tradeserver.com:443	'899': disconnect
0	2017.01.21 13:23:39.870		Remove: manager 4A76008
0	2017.01.21 17:06:07.271		MetaTrader 4 Manager API build 985 initialized
0	2017.01.21 17:06:07.654	US05-live.mt4tradeserver.com:443	Connect
0	2017.01.21 17:06:08.113	US05-live.mt4tradeserver.com:443	'899': login (server build 1010)
0	2017.01.21 17:06:08.993	US05-live.mt4tradeserver.com:443	'899': request 109 total users
0	2017.01.21 17:06:10.041	US05-live.mt4tradeserver.com:443	'899': request user trade history (2062 trades)
0	2017.01.21 17:06:12.313	US05-live.mt4tradeserver.com:443	'899': request user trade history (1122 trades)
0	2017.01.21 17:06:12.798	US05-live.mt4tradeserver.com:443	'899': request user trade history (73 trades)
0	2017.01.21 17:06:13.451	US05-live.mt4tradeserver.com:443	'899': request user trade history (1860 trades)
0	2017.01.21 17:06:14.418	US05-live.mt4tradeserver.com:443	'899': request user trade history (1801 trades)
0	2017.01.21 17:06:15.830	US05-live.mt4tradeserver.com:443	'899': request user trade history (2755 trades)
0	2017.01.21 17:06:17.034	US05-live.mt4tradeserver.com:443	'899': request user trade history (226 trades)
0	2017.01.21 17:06:17.536	US05-live.mt4tradeserver.com:443	'899': request user trade history (16 trades)
0	2017.01.21 17:06:19.236	US05-live.mt4tradeserver.com:443	'899': request user trade history (16339 trades)
0	2017.01.21 17:06:23.682	US05-live.mt4tradeserver.com:443	'899': request user trade history (427 trades)
0	2017.01.21 17:06:24.191	US05-live.mt4tradeserver.com:443	'899': request user trade history (91 trades)
0	2017.01.21 17:06:24.610	US05-live.mt4tradeserver.com:443	'899': request user trade history (656 trades)
0	2017.01.21 17:06:25.216	US05-live.mt4tradeserver.com:443	'899': request user trade history (272 trades)
0	2017.01.21 17:06:25.770	US05-live.mt4tradeserver.com:443	'899': request user trade history (1268 trades)
0	2017.01.21 17:06:26.341	US05-live.mt4tradeserver.com:443	'899': request user trade history (196 trades)
0	2017.01.21 17:06:26.777	US05-live.mt4tradeserver.com:443	'899': request user trade history (381 trades)
0	2017.01.21 17:06:27.266	US05-live.mt4tradeserver.com:443	'899': request user trade history (857 trades)
0	2017.01.21 17:06:27.671	US05-live.mt4tradeserver.com:443	'899': request user trade history (20 trades)
0	2017.01.21 17:06:28.150	US05-live.mt4tradeserver.com:443	'899': request user trade history (848 trades)
0	2017.01.21 17:06:28.594	US05-live.mt4tradeserver.com:443	'899': request user trade history (140 trades)
0	2017.01.21 17:06:29.955	US05-live.mt4tradeserver.com:443	'899': request user trade history (11832 trades)
1	2017.01.21 17:06:32.483	US05-live.mt4tradeserver.com:443	'899': request user trade history (0 trades) (OK/None)
1	2017.01.21 17:06:32.790	US05-live.mt4tradeserver.com:443	'899': request user trade history (0 trades) (OK/None)
0	2017.01.21 17:06:33.426	US05-live.mt4tradeserver.com:443	'899': request user trade history (2190 trades)
0	2017.01.21 17:06:34.226	US05-live.mt4tradeserver.com:443	'899': request user trade history (109 trades)
0	2017.01.21 17:06:34.634	US05-live.mt4tradeserver.com:443	'899': request user trade history (85 trades)
1	2017.01.21 17:06:35.044	US05-live.mt4tradeserver.com:443	'899': request user trade history (0 trades) (OK/None)
1	2017.01.21 17:06:35.458	US05-live.mt4tradeserver.com:443	'899': request user trade history (0 trades) (OK/None)
0	2017.01.21 17:06:35.761	US05-live.mt4tradeserver.com:443	'899': request user trade history (97 trades)
0	2017.01.21 17:06:36.174	US05-live.mt4tradeserver.com:443	'899': request user trade history (249 trades)
0	2017.01.21 17:06:36.583	US05-live.mt4tradeserver.com:443	'899': request user trade history (268 trades)
0	2017.01.21 17:06:37.051	US05-live.mt4tradeserver.com:443	'899': request user trade history (823 trades)
0	2017.01.21 17:06:37.609	US05-live.mt4tradeserver.com:443	'899': request user trade history (378 trades)
0	2017.01.21 17:06:38.020	US05-live.mt4tradeserver.com:443	'899': request user trade history (280 trades)
0	2017.01.21 17:06:38.428	US05-live.mt4tradeserver.com:443	'899': request user trade history (328 trades)
0	2017.01.21 17:06:39.617	US05-live.mt4tradeserver.com:443	'899': request user trade history (4606 trades)
0	2017.01.21 17:06:41.508	US05-live.mt4tradeserver.com:443	'899': request user trade history (430 trades)
0	2017.01.21 17:06:42.117	US05-live.mt4tradeserver.com:443	'899': request user trade history (245 trades)
0	2017.01.21 17:06:42.521	US05-live.mt4tradeserver.com:443	'899': request user trade history (110 trades)
0	2017.01.21 17:06:42.829	US05-live.mt4tradeserver.com:443	'899': request user trade history (23 trades)
1	2017.01.21 17:06:43.237	US05-live.mt4tradeserver.com:443	'899': request user trade history (0 trades) (OK/None)
0	2017.01.21 17:06:43.549	US05-live.mt4tradeserver.com:443	'899': request user trade history (127 trades)
0	2017.01.21 17:06:44.257	US05-live.mt4tradeserver.com:443	'899': request user trade history (1791 trades)
0	2017.01.21 17:06:44.875	US05-live.mt4tradeserver.com:443	'899': request user trade history (142 trades)
0	2017.01.21 17:06:45.423	US05-live.mt4tradeserver.com:443	'899': request user trade history (1264 trades)
0	2017.01.21 17:06:46.011	US05-live.mt4tradeserver.com:443	'899': request user trade history (431 trades)
0	2017.01.21 17:06:46.453	US05-live.mt4tradeserver.com:443	'899': request user trade history (446 trades)
0	2017.01.21 17:06:46.978	US05-live.mt4tradeserver.com:443	'899': request user trade history (852 trades)
0	2017.01.21 17:06:47.439	US05-live.mt4tradeserver.com:443	'899': request user trade history (336 trades)
0	2017.01.21 17:06:47.845	US05-live.mt4tradeserver.com:443	'899': request user trade history (90 trades)
0	2017.01.21 17:06:48.262	US05-live.mt4tradeserver.com:443	'899': request user trade history (218 trades)
0	2017.01.21 17:06:48.663	US05-live.mt4tradeserver.com:443	'899': request user trade history (56 trades)
0	2017.01.21 17:06:49.072	US05-live.mt4tradeserver.com:443	'899': request user trade history (8 trades)
1	2017.01.21 17:06:49.380	US05-live.mt4tradeserver.com:443	'899': request user trade history (0 trades) (OK/None)
1	2017.01.21 17:06:49.687	US05-live.mt4tradeserver.com:443	'899': request user trade history (0 trades) (OK/None)
0	2017.01.21 17:06:49.994	US05-live.mt4tradeserver.com:443	'899': request user trade history (26 trades)
0	2017.01.21 17:06:50.980	US05-live.mt4tradeserver.com:443	'899': request user trade history (4646 trades)
0	2017.01.21 17:06:52.760	US05-live.mt4tradeserver.com:443	'899': request user trade history (38 trades)
1	2017.01.21 17:06:53.168	US05-live.mt4tradeserver.com:443	'899': request user trade history (0 trades) (OK/None)
0	2017.01.21 17:06:53.533	US05-live.mt4tradeserver.com:443	'899': request user trade history (580 trades)
0	2017.01.21 17:06:54.102	US05-live.mt4tradeserver.com:443	'899': request user trade history (361 trades)
0	2017.01.21 17:06:54.459	US05-live.mt4tradeserver.com:443	'899': request user trade history (33 trades)
0	2017.01.21 17:06:55.093	US05-live.mt4tradeserver.com:443	'899': request user trade history (2368 trades)
1	2017.01.21 17:06:55.830	US05-live.mt4tradeserver.com:443	'899': request user trade history (0 trades) (OK/None)
0	2017.01.21 17:06:56.138	US05-live.mt4tradeserver.com:443	'899': request user trade history (24 trades)
0	2017.01.21 17:06:56.552	US05-live.mt4tradeserver.com:443	'899': request user trade history (304 trades)
0	2017.01.21 17:06:56.960	US05-live.mt4tradeserver.com:443	'899': request user trade history (188 trades)
0	2017.01.21 17:06:57.367	US05-live.mt4tradeserver.com:443	'899': request user trade history (2 trades)
0	2017.01.21 17:06:57.783	US05-live.mt4tradeserver.com:443	'899': request user trade history (443 trades)
0	2017.01.21 17:06:58.543	US05-live.mt4tradeserver.com:443	'899': request user trade history (2181 trades)
1	2017.01.21 17:06:59.619	US05-live.mt4tradeserver.com:443	'899': request user trade history (0 trades) (OK/None)
0	2017.01.21 17:06:59.935	US05-live.mt4tradeserver.com:443	'899': request user trade history (216 trades)
0	2017.01.21 17:07:01.269	US05-live.mt4tradeserver.com:443	'899': request user trade history (5977 trades)
0	2017.01.21 17:07:02.855	US05-live.mt4tradeserver.com:443	'899': request user trade history (1026 trades)
0	2017.01.21 17:07:03.412	US05-live.mt4tradeserver.com:443	'899': request user trade history (313 trades)
1	2017.01.21 17:07:03.716	US05-live.mt4tradeserver.com:443	'899': request user trade history (0 trades) (OK/None)
1	2017.01.21 17:07:04.026	US05-live.mt4tradeserver.com:443	'899': request user trade history (0 trades) (OK/None)
0	2017.01.21 17:07:04.445	US05-live.mt4tradeserver.com:443	'899': request user trade history (621 trades)
0	2017.01.21 17:07:04.852	US05-live.mt4tradeserver.com:443	'899': request user trade history (2 trades)
0	2017.01.21 17:07:05.148	US05-live.mt4tradeserver.com:443	'899': request user trade history (145 trades)
1	2017.01.21 17:07:05.559	US05-live.mt4tradeserver.com:443	'899': request user trade history (0 trades) (OK/None)
1	2017.01.21 17:07:05.866	US05-live.mt4tradeserver.com:443	'899': request user trade history (0 trades) (OK/None)
1	2017.01.21 17:07:06.173	US05-live.mt4tradeserver.com:443	'899': request user trade history (0 trades) (OK/None)
0	2017.01.21 17:07:06.486	US05-live.mt4tradeserver.com:443	'899': request user trade history (238 trades)
0	2017.01.21 17:07:06.891	US05-live.mt4tradeserver.com:443	'899': request user trade history (49 trades)
0	2017.01.21 17:07:07.196	US05-live.mt4tradeserver.com:443	'899': request user trade history (2 trades)
1	2017.01.21 17:07:07.504	US05-live.mt4tradeserver.com:443	'899': request user trade history (0 trades) (OK/None)
0	2017.01.21 17:07:07.814	US05-live.mt4tradeserver.com:443	'899': request user trade history (131 trades)
0	2017.01.21 17:07:08.120	US05-live.mt4tradeserver.com:443	'899': request user trade history (1 trades)
0	2017.01.21 17:07:08.538	US05-live.mt4tradeserver.com:443	'899': request user trade history (301 trades)
0	2017.01.21 17:07:08.945	US05-live.mt4tradeserver.com:443	'899': request user trade history (350 trades)
0	2017.01.21 17:07:09.348	US05-live.mt4tradeserver.com:443	'899': request user trade history (20 trades)
0	2017.01.21 17:07:09.655	US05-live.mt4tradeserver.com:443	'899': request user trade history (25 trades)
1	2017.01.21 17:07:09.963	US05-live.mt4tradeserver.com:443	'899': request user trade history (0 trades) (OK/None)
1	2017.01.21 17:07:10.269	US05-live.mt4tradeserver.com:443	'899': request user trade history (0 trades) (OK/None)
0	2017.01.21 17:07:10.681	US05-live.mt4tradeserver.com:443	'899': request user trade history (33 trades)
0	2017.01.21 17:07:10.993	US05-live.mt4tradeserver.com:443	'899': request user trade history (186 trades)
0	2017.01.21 17:07:11.591	US05-live.mt4tradeserver.com:443	'899': request user trade history (105 trades)
0	2017.01.21 17:07:11.921	US05-live.mt4tradeserver.com:443	'899': request user trade history (78 trades)
0	2017.01.21 17:07:12.366	US05-live.mt4tradeserver.com:443	'899': request user trade history (37 trades)
0	2017.01.21 17:07:12.690	US05-live.mt4tradeserver.com:443	'899': request user trade history (91 trades)
0	2017.01.21 17:07:13.137	US05-live.mt4tradeserver.com:443	'899': request user trade history (14 trades)
1	2017.01.21 17:07:13.444	US05-live.mt4tradeserver.com:443	'899': request user trade history (0 trades) (OK/None)
0	2017.01.21 17:07:13.753	US05-live.mt4tradeserver.com:443	'899': request user trade history (155 trades)
0	2017.01.21 17:07:14.368	US05-live.mt4tradeserver.com:443	'899': request user trade history (203 trades)
0	2017.01.21 17:07:14.775	US05-live.mt4tradeserver.com:443	'899': request user trade history (1 trades)
0	2017.01.21 17:07:15.082	US05-live.mt4tradeserver.com:443	'899': request user trade history (26 trades)
0	2017.01.21 17:07:15.390	US05-live.mt4tradeserver.com:443	'899': request user trade history (3 trades)
0	2017.01.21 17:07:15.697	US05-live.mt4tradeserver.com:443	'899': request user trade history (12 trades)
0	2017.01.21 17:10:59.657	US05-live.mt4tradeserver.com:443	'899': disconnect
0	2017.01.21 17:10:59.658		Remove: manager 552F020
