0	2017.02.09 12:35:50.027		MetaTrader 4 Manager API build 985 initialized
0	2017.02.09 12:35:50.914	US05-live.mt4tradeserver.com:443	Connect
0	2017.02.09 12:35:51.645	US05-live.mt4tradeserver.com:443	'899': login (server build 1031)
0	2017.02.09 12:35:54.154	US05-live.mt4tradeserver.com:443	'899': request 111 total users
0	2017.02.09 12:35:57.261	US05-live.mt4tradeserver.com:443	'899': request user trade history (2108 trades)
0	2017.02.09 12:36:01.177	US05-live.mt4tradeserver.com:443	'899': request user trade history (1122 trades)
0	2017.02.09 12:36:01.972	US05-live.mt4tradeserver.com:443	'899': request user trade history (73 trades)
0	2017.02.09 12:36:03.354	US05-live.mt4tradeserver.com:443	'899': request user trade history (1860 trades)
0	2017.02.09 12:36:05.074	US05-live.mt4tradeserver.com:443	'899': request user trade history (1813 trades)
0	2017.02.09 12:36:06.498	US05-live.mt4tradeserver.com:443	'899': request user trade history (2755 trades)
0	2017.02.09 12:36:07.512	US05-live.mt4tradeserver.com:443	'899': request user trade history (226 trades)
0	2017.02.09 12:36:08.012	US05-live.mt4tradeserver.com:443	'899': request user trade history (16 trades)
0	2017.02.09 12:36:10.000	US05-live.mt4tradeserver.com:443	'899': request user trade history (16339 trades)
0	2017.02.09 12:36:14.089	US05-live.mt4tradeserver.com:443	'899': request user trade history (427 trades)
0	2017.02.09 12:36:14.545	US05-live.mt4tradeserver.com:443	'899': request user trade history (91 trades)
0	2017.02.09 12:36:14.961	US05-live.mt4tradeserver.com:443	'899': request user trade history (656 trades)
0	2017.02.09 12:36:15.449	US05-live.mt4tradeserver.com:443	'899': request user trade history (272 trades)
0	2017.02.09 12:36:16.019	US05-live.mt4tradeserver.com:443	'899': request user trade history (1268 trades)
0	2017.02.09 12:36:16.423	US05-live.mt4tradeserver.com:443	'899': request user trade history (196 trades)
0	2017.02.09 12:36:16.884	US05-live.mt4tradeserver.com:443	'899': request user trade history (381 trades)
0	2017.02.09 12:36:17.564	US05-live.mt4tradeserver.com:443	'899': request user trade history (866 trades)
0	2017.02.09 12:36:18.357	US05-live.mt4tradeserver.com:443	'899': request user trade history (20 trades)
0	2017.02.09 12:36:18.807	US05-live.mt4tradeserver.com:443	'899': request user trade history (848 trades)
0	2017.02.09 12:36:19.198	US05-live.mt4tradeserver.com:443	'899': request user trade history (140 trades)
0	2017.02.09 12:36:20.613	US05-live.mt4tradeserver.com:443	'899': request user trade history (11852 trades)
1	2017.02.09 12:36:25.215	US05-live.mt4tradeserver.com:443	'899': request user trade history (0 trades) (OK/None)
1	2017.02.09 12:36:25.729	US05-live.mt4tradeserver.com:443	'899': request user trade history (0 trades) (OK/None)
0	2017.02.09 12:36:26.786	US05-live.mt4tradeserver.com:443	'899': request user trade history (2193 trades)
0	2017.02.09 12:36:27.310	US05-live.mt4tradeserver.com:443	'899': request user trade history (109 trades)
0	2017.02.09 12:36:27.685	US05-live.mt4tradeserver.com:443	'899': request user trade history (85 trades)
1	2017.02.09 12:36:27.980	US05-live.mt4tradeserver.com:443	'899': request user trade history (0 trades) (OK/None)
1	2017.02.09 12:36:28.243	US05-live.mt4tradeserver.com:443	'899': request user trade history (0 trades) (OK/None)
0	2017.02.09 12:36:28.564	US05-live.mt4tradeserver.com:443	'899': request user trade history (97 trades)
0	2017.02.09 12:36:28.887	US05-live.mt4tradeserver.com:443	'899': request user trade history (249 trades)
0	2017.02.09 12:36:29.315	US05-live.mt4tradeserver.com:443	'899': request user trade history (268 trades)
0	2017.02.09 12:36:29.793	US05-live.mt4tradeserver.com:443	'899': request user trade history (874 trades)
0	2017.02.09 12:36:30.249	US05-live.mt4tradeserver.com:443	'899': request user trade history (398 trades)
0	2017.02.09 12:36:30.602	US05-live.mt4tradeserver.com:443	'899': request user trade history (281 trades)
0	2017.02.09 12:36:30.931	US05-live.mt4tradeserver.com:443	'899': request user trade history (329 trades)
0	2017.02.09 12:36:32.093	US05-live.mt4tradeserver.com:443	'899': request user trade history (4606 trades)
0	2017.02.09 12:36:33.514	US05-live.mt4tradeserver.com:443	'899': request user trade history (430 trades)
0	2017.02.09 12:36:33.832	US05-live.mt4tradeserver.com:443	'899': request user trade history (245 trades)
0	2017.02.09 12:36:34.149	US05-live.mt4tradeserver.com:443	'899': request user trade history (110 trades)
0	2017.02.09 12:36:34.451	US05-live.mt4tradeserver.com:443	'899': request user trade history (23 trades)
1	2017.02.09 12:36:34.743	US05-live.mt4tradeserver.com:443	'899': request user trade history (0 trades) (OK/None)
0	2017.02.09 12:36:35.057	US05-live.mt4tradeserver.com:443	'899': request user trade history (122 trades)
0	2017.02.09 12:36:35.726	US05-live.mt4tradeserver.com:443	'899': request user trade history (1910 trades)
0	2017.02.09 12:36:38.009	US05-live.mt4tradeserver.com:443	'899': request user trade history (143 trades)
0	2017.02.09 12:36:38.844	US05-live.mt4tradeserver.com:443	'899': request user trade history (1383 trades)
0	2017.02.09 12:36:39.280	US05-live.mt4tradeserver.com:443	'899': request user trade history (431 trades)
0	2017.02.09 12:36:39.929	US05-live.mt4tradeserver.com:443	'899': request user trade history (452 trades)
0	2017.02.09 12:36:40.557	US05-live.mt4tradeserver.com:443	'899': request user trade history (875 trades)
0	2017.02.09 12:36:41.074	US05-live.mt4tradeserver.com:443	'899': request user trade history (336 trades)
0	2017.02.09 12:36:41.466	US05-live.mt4tradeserver.com:443	'899': request user trade history (90 trades)
0	2017.02.09 12:36:41.791	US05-live.mt4tradeserver.com:443	'899': request user trade history (218 trades)
0	2017.02.09 12:36:42.145	US05-live.mt4tradeserver.com:443	'899': request user trade history (56 trades)
0	2017.02.09 12:36:42.413	US05-live.mt4tradeserver.com:443	'899': request user trade history (8 trades)
1	2017.02.09 12:36:42.677	US05-live.mt4tradeserver.com:443	'899': request user trade history (0 trades) (OK/None)
1	2017.02.09 12:36:42.953	US05-live.mt4tradeserver.com:443	'899': request user trade history (0 trades) (OK/None)
0	2017.02.09 12:36:43.307	US05-live.mt4tradeserver.com:443	'899': request user trade history (26 trades)
0	2017.02.09 12:36:44.484	US05-live.mt4tradeserver.com:443	'899': request user trade history (4646 trades)
0	2017.02.09 12:36:50.817	US05-live.mt4tradeserver.com:443	'899': request user trade history (58 trades)
1	2017.02.09 12:36:51.086	US05-live.mt4tradeserver.com:443	'899': request user trade history (0 trades) (OK/None)
0	2017.02.09 12:36:51.445	US05-live.mt4tradeserver.com:443	'899': request user trade history (580 trades)
0	2017.02.09 12:36:51.845	US05-live.mt4tradeserver.com:443	'899': request user trade history (361 trades)
0	2017.02.09 12:36:52.309	US05-live.mt4tradeserver.com:443	'899': request user trade history (37 trades)
0	2017.02.09 12:36:53.032	US05-live.mt4tradeserver.com:443	'899': request user trade history (2673 trades)
1	2017.02.09 12:36:53.887	US05-live.mt4tradeserver.com:443	'899': request user trade history (0 trades) (OK/None)
0	2017.02.09 12:36:54.504	US05-live.mt4tradeserver.com:443	'899': request user trade history (24 trades)
0	2017.02.09 12:36:54.884	US05-live.mt4tradeserver.com:443	'899': request user trade history (308 trades)
0	2017.02.09 12:36:55.192	US05-live.mt4tradeserver.com:443	'899': request user trade history (188 trades)
0	2017.02.09 12:36:55.492	US05-live.mt4tradeserver.com:443	'899': request user trade history (2 trades)
0	2017.02.09 12:36:55.838	US05-live.mt4tradeserver.com:443	'899': request user trade history (443 trades)
0	2017.02.09 12:36:56.740	US05-live.mt4tradeserver.com:443	'899': request user trade history (2181 trades)
1	2017.02.09 12:36:57.393	US05-live.mt4tradeserver.com:443	'899': request user trade history (0 trades) (OK/None)
0	2017.02.09 12:36:57.711	US05-live.mt4tradeserver.com:443	'899': request user trade history (216 trades)
0	2017.02.09 12:36:59.928	US05-live.mt4tradeserver.com:443	'899': request user trade history (6776 trades)
0	2017.02.09 12:37:01.034	US05-live.mt4tradeserver.com:443	'899': request user trade history (1026 trades)
0	2017.02.09 12:37:01.457	US05-live.mt4tradeserver.com:443	'899': request user trade history (313 trades)
1	2017.02.09 12:37:01.755	US05-live.mt4tradeserver.com:443	'899': request user trade history (0 trades) (OK/None)
1	2017.02.09 12:37:02.028	US05-live.mt4tradeserver.com:443	'899': request user trade history (0 trades) (OK/None)
0	2017.02.09 12:37:02.404	US05-live.mt4tradeserver.com:443	'899': request user trade history (621 trades)
0	2017.02.09 12:37:02.795	US05-live.mt4tradeserver.com:443	'899': request user trade history (2 trades)
0	2017.02.09 12:37:03.090	US05-live.mt4tradeserver.com:443	'899': request user trade history (145 trades)
1	2017.02.09 12:37:03.393	US05-live.mt4tradeserver.com:443	'899': request user trade history (0 trades) (OK/None)
1	2017.02.09 12:37:03.719	US05-live.mt4tradeserver.com:443	'899': request user trade history (0 trades) (OK/None)
1	2017.02.09 12:37:03.983	US05-live.mt4tradeserver.com:443	'899': request user trade history (0 trades) (OK/None)
0	2017.02.09 12:37:04.317	US05-live.mt4tradeserver.com:443	'899': request user trade history (238 trades)
0	2017.02.09 12:37:04.601	US05-live.mt4tradeserver.com:443	'899': request user trade history (49 trades)
0	2017.02.09 12:37:04.970	US05-live.mt4tradeserver.com:443	'899': request user trade history (2 trades)
1	2017.02.09 12:37:05.767	US05-live.mt4tradeserver.com:443	'899': request user trade history (0 trades) (OK/None)
0	2017.02.09 12:37:06.202	US05-live.mt4tradeserver.com:443	'899': request user trade history (131 trades)
0	2017.02.09 12:37:06.508	US05-live.mt4tradeserver.com:443	'899': request user trade history (1 trades)
0	2017.02.09 12:37:06.895	US05-live.mt4tradeserver.com:443	'899': request user trade history (335 trades)
0	2017.02.09 12:37:07.287	US05-live.mt4tradeserver.com:443	'899': request user trade history (357 trades)
0	2017.02.09 12:37:07.591	US05-live.mt4tradeserver.com:443	'899': request user trade history (20 trades)
0	2017.02.09 12:37:07.865	US05-live.mt4tradeserver.com:443	'899': request user trade history (24 trades)
1	2017.02.09 12:37:08.132	US05-live.mt4tradeserver.com:443	'899': request user trade history (0 trades) (OK/None)
1	2017.02.09 12:37:08.429	US05-live.mt4tradeserver.com:443	'899': request user trade history (0 trades) (OK/None)
0	2017.02.09 12:37:08.720	US05-live.mt4tradeserver.com:443	'899': request user trade history (33 trades)
0	2017.02.09 12:37:09.080	US05-live.mt4tradeserver.com:443	'899': request user trade history (220 trades)
0	2017.02.09 12:37:09.374	US05-live.mt4tradeserver.com:443	'899': request user trade history (112 trades)
0	2017.02.09 12:37:09.761	US05-live.mt4tradeserver.com:443	'899': request user trade history (84 trades)
0	2017.02.09 12:37:10.069	US05-live.mt4tradeserver.com:443	'899': request user trade history (37 trades)
0	2017.02.09 12:37:10.377	US05-live.mt4tradeserver.com:443	'899': request user trade history (136 trades)
0	2017.02.09 12:37:10.784	US05-live.mt4tradeserver.com:443	'899': request user trade history (14 trades)
1	2017.02.09 12:37:11.091	US05-live.mt4tradeserver.com:443	'899': request user trade history (0 trades) (OK/None)
0	2017.02.09 12:37:11.401	US05-live.mt4tradeserver.com:443	'899': request user trade history (174 trades)
0	2017.02.09 12:37:11.816	US05-live.mt4tradeserver.com:443	'899': request user trade history (290 trades)
0	2017.02.09 12:37:12.218	US05-live.mt4tradeserver.com:443	'899': request user trade history (1 trades)
0	2017.02.09 12:37:12.523	US05-live.mt4tradeserver.com:443	'899': request user trade history (24 trades)
0	2017.02.09 12:37:12.789	US05-live.mt4tradeserver.com:443	'899': request user trade history (12 trades)
0	2017.02.09 12:37:13.051	US05-live.mt4tradeserver.com:443	'899': request user trade history (29 trades)
0	2017.02.09 12:37:13.380	US05-live.mt4tradeserver.com:443	'899': request user trade history (539 trades)
1	2017.02.09 12:37:13.726	US05-live.mt4tradeserver.com:443	'899': request user trade history (0 trades) (OK/None)
0	2017.02.09 12:42:32.986	US05-live.mt4tradeserver.com:443	'899': disconnect
0	2017.02.09 12:42:32.986		Remove: manager 51611D8
