0	2017.01.26 14:16:00.652		MetaTrader 4 Manager API build 985 initialized
0	2017.01.26 14:16:01.277	US05-live.mt4tradeserver.com:443	Connect
0	2017.01.26 14:16:01.868	US05-live.mt4tradeserver.com:443	'899': login (server build 1010)
0	2017.01.26 14:16:03.768	US05-live.mt4tradeserver.com:443	'899': request 110 total users
0	2017.01.26 14:16:05.542	US05-live.mt4tradeserver.com:443	'899': request user trade history (2077 trades)
0	2017.01.26 14:16:08.216	US05-live.mt4tradeserver.com:443	'899': request user trade history (1122 trades)
0	2017.01.26 14:16:09.002	US05-live.mt4tradeserver.com:443	'899': request user trade history (73 trades)
0	2017.01.26 14:16:10.616	US05-live.mt4tradeserver.com:443	'899': request user trade history (1860 trades)
0	2017.01.26 14:16:12.343	US05-live.mt4tradeserver.com:443	'899': request user trade history (1804 trades)
0	2017.01.26 14:16:14.060	US05-live.mt4tradeserver.com:443	'899': request user trade history (2755 trades)
0	2017.01.26 14:16:15.043	US05-live.mt4tradeserver.com:443	'899': request user trade history (226 trades)
0	2017.01.26 14:16:15.805	US05-live.mt4tradeserver.com:443	'899': request user trade history (16 trades)
0	2017.01.26 14:16:17.958	US05-live.mt4tradeserver.com:443	'899': request user trade history (16339 trades)
0	2017.01.26 14:16:20.336	US05-live.mt4tradeserver.com:443	'899': request user trade history (427 trades)
0	2017.01.26 14:16:21.120	US05-live.mt4tradeserver.com:443	'899': request user trade history (91 trades)
0	2017.01.26 14:16:22.651	US05-live.mt4tradeserver.com:443	'899': request user trade history (656 trades)
0	2017.01.26 14:16:23.836	US05-live.mt4tradeserver.com:443	'899': request user trade history (272 trades)
0	2017.01.26 14:16:25.183	US05-live.mt4tradeserver.com:443	'899': request user trade history (1268 trades)
0	2017.01.26 14:16:26.303	US05-live.mt4tradeserver.com:443	'899': request user trade history (196 trades)
0	2017.01.26 14:16:27.452	US05-live.mt4tradeserver.com:443	'899': request user trade history (381 trades)
0	2017.01.26 14:16:28.452	US05-live.mt4tradeserver.com:443	'899': request user trade history (857 trades)
0	2017.01.26 14:16:29.332	US05-live.mt4tradeserver.com:443	'899': request user trade history (20 trades)
0	2017.01.26 14:16:30.228	US05-live.mt4tradeserver.com:443	'899': request user trade history (848 trades)
0	2017.01.26 14:16:31.025	US05-live.mt4tradeserver.com:443	'899': request user trade history (140 trades)
0	2017.01.26 14:16:32.878	US05-live.mt4tradeserver.com:443	'899': request user trade history (11837 trades)
1	2017.01.26 14:16:36.648	US05-live.mt4tradeserver.com:443	'899': request user trade history (0 trades) (OK/None)
1	2017.01.26 14:16:37.350	US05-live.mt4tradeserver.com:443	'899': request user trade history (0 trades) (OK/None)
0	2017.01.26 14:16:38.394	US05-live.mt4tradeserver.com:443	'899': request user trade history (2192 trades)
0	2017.01.26 14:16:39.332	US05-live.mt4tradeserver.com:443	'899': request user trade history (109 trades)
0	2017.01.26 14:16:40.016	US05-live.mt4tradeserver.com:443	'899': request user trade history (85 trades)
1	2017.01.26 14:16:40.663	US05-live.mt4tradeserver.com:443	'899': request user trade history (0 trades) (OK/None)
1	2017.01.26 14:16:41.584	US05-live.mt4tradeserver.com:443	'899': request user trade history (0 trades) (OK/None)
0	2017.01.26 14:16:42.219	US05-live.mt4tradeserver.com:443	'899': request user trade history (97 trades)
0	2017.01.26 14:16:42.921	US05-live.mt4tradeserver.com:443	'899': request user trade history (249 trades)
0	2017.01.26 14:16:43.616	US05-live.mt4tradeserver.com:443	'899': request user trade history (268 trades)
0	2017.01.26 14:16:44.412	US05-live.mt4tradeserver.com:443	'899': request user trade history (829 trades)
0	2017.01.26 14:16:45.430	US05-live.mt4tradeserver.com:443	'899': request user trade history (379 trades)
0	2017.01.26 14:16:46.185	US05-live.mt4tradeserver.com:443	'899': request user trade history (280 trades)
0	2017.01.26 14:16:47.064	US05-live.mt4tradeserver.com:443	'899': request user trade history (329 trades)
0	2017.01.26 14:16:48.614	US05-live.mt4tradeserver.com:443	'899': request user trade history (4606 trades)
0	2017.01.26 14:16:50.152	US05-live.mt4tradeserver.com:443	'899': request user trade history (430 trades)
0	2017.01.26 14:16:51.270	US05-live.mt4tradeserver.com:443	'899': request user trade history (245 trades)
0	2017.01.26 14:16:51.969	US05-live.mt4tradeserver.com:443	'899': request user trade history (110 trades)
0	2017.01.26 14:16:52.638	US05-live.mt4tradeserver.com:443	'899': request user trade history (23 trades)
1	2017.01.26 14:16:53.303	US05-live.mt4tradeserver.com:443	'899': request user trade history (0 trades) (OK/None)
0	2017.01.26 14:16:53.994	US05-live.mt4tradeserver.com:443	'899': request user trade history (125 trades)
0	2017.01.26 14:16:55.182	US05-live.mt4tradeserver.com:443	'899': request user trade history (1813 trades)
0	2017.01.26 14:16:56.449	US05-live.mt4tradeserver.com:443	'899': request user trade history (142 trades)
0	2017.01.26 14:16:57.513	US05-live.mt4tradeserver.com:443	'899': request user trade history (1286 trades)
0	2017.01.26 14:16:58.681	US05-live.mt4tradeserver.com:443	'899': request user trade history (431 trades)
0	2017.01.26 14:16:59.909	US05-live.mt4tradeserver.com:443	'899': request user trade history (450 trades)
0	2017.01.26 14:17:01.121	US05-live.mt4tradeserver.com:443	'899': request user trade history (856 trades)
0	2017.01.26 14:17:02.083	US05-live.mt4tradeserver.com:443	'899': request user trade history (336 trades)
0	2017.01.26 14:17:02.839	US05-live.mt4tradeserver.com:443	'899': request user trade history (90 trades)
0	2017.01.26 14:17:03.572	US05-live.mt4tradeserver.com:443	'899': request user trade history (218 trades)
0	2017.01.26 14:17:04.623	US05-live.mt4tradeserver.com:443	'899': request user trade history (56 trades)
0	2017.01.26 14:17:05.310	US05-live.mt4tradeserver.com:443	'899': request user trade history (8 trades)
1	2017.01.26 14:17:06.014	US05-live.mt4tradeserver.com:443	'899': request user trade history (0 trades) (OK/None)
1	2017.01.26 14:17:06.732	US05-live.mt4tradeserver.com:443	'899': request user trade history (0 trades) (OK/None)
0	2017.01.26 14:17:07.465	US05-live.mt4tradeserver.com:443	'899': request user trade history (26 trades)
0	2017.01.26 14:17:09.384	US05-live.mt4tradeserver.com:443	'899': request user trade history (4646 trades)
0	2017.01.26 14:17:10.670	US05-live.mt4tradeserver.com:443	'899': request user trade history (45 trades)
1	2017.01.26 14:17:11.347	US05-live.mt4tradeserver.com:443	'899': request user trade history (0 trades) (OK/None)
0	2017.01.26 14:17:12.116	US05-live.mt4tradeserver.com:443	'899': request user trade history (580 trades)
0	2017.01.26 14:17:12.995	US05-live.mt4tradeserver.com:443	'899': request user trade history (361 trades)
0	2017.01.26 14:17:13.779	US05-live.mt4tradeserver.com:443	'899': request user trade history (34 trades)
0	2017.01.26 14:17:14.800	US05-live.mt4tradeserver.com:443	'899': request user trade history (2430 trades)
1	2017.01.26 14:17:15.767	US05-live.mt4tradeserver.com:443	'899': request user trade history (0 trades) (OK/None)
0	2017.01.26 14:17:16.528	US05-live.mt4tradeserver.com:443	'899': request user trade history (24 trades)
0	2017.01.26 14:17:17.372	US05-live.mt4tradeserver.com:443	'899': request user trade history (305 trades)
0	2017.01.26 14:17:18.211	US05-live.mt4tradeserver.com:443	'899': request user trade history (188 trades)
0	2017.01.26 14:17:18.990	US05-live.mt4tradeserver.com:443	'899': request user trade history (2 trades)
0	2017.01.26 14:17:19.840	US05-live.mt4tradeserver.com:443	'899': request user trade history (443 trades)
0	2017.01.26 14:17:21.427	US05-live.mt4tradeserver.com:443	'899': request user trade history (2181 trades)
1	2017.01.26 14:17:22.422	US05-live.mt4tradeserver.com:443	'899': request user trade history (0 trades) (OK/None)
0	2017.01.26 14:17:23.493	US05-live.mt4tradeserver.com:443	'899': request user trade history (216 trades)
0	2017.01.26 14:17:26.333	US05-live.mt4tradeserver.com:443	'899': request user trade history (6179 trades)
0	2017.01.26 14:17:28.327	US05-live.mt4tradeserver.com:443	'899': request user trade history (1026 trades)
0	2017.01.26 14:17:29.240	US05-live.mt4tradeserver.com:443	'899': request user trade history (313 trades)
1	2017.01.26 14:17:30.038	US05-live.mt4tradeserver.com:443	'899': request user trade history (0 trades) (OK/None)
1	2017.01.26 14:17:30.775	US05-live.mt4tradeserver.com:443	'899': request user trade history (0 trades) (OK/None)
0	2017.01.26 14:17:31.683	US05-live.mt4tradeserver.com:443	'899': request user trade history (621 trades)
0	2017.01.26 14:17:32.517	US05-live.mt4tradeserver.com:443	'899': request user trade history (2 trades)
0	2017.01.26 14:17:33.292	US05-live.mt4tradeserver.com:443	'899': request user trade history (145 trades)
1	2017.01.26 14:17:34.087	US05-live.mt4tradeserver.com:443	'899': request user trade history (0 trades) (OK/None)
1	2017.01.26 14:17:34.807	US05-live.mt4tradeserver.com:443	'899': request user trade history (0 trades) (OK/None)
1	2017.01.26 14:17:35.593	US05-live.mt4tradeserver.com:443	'899': request user trade history (0 trades) (OK/None)
0	2017.01.26 14:17:36.385	US05-live.mt4tradeserver.com:443	'899': request user trade history (238 trades)
0	2017.01.26 14:17:37.440	US05-live.mt4tradeserver.com:443	'899': request user trade history (49 trades)
0	2017.01.26 14:17:38.175	US05-live.mt4tradeserver.com:443	'899': request user trade history (2 trades)
1	2017.01.26 14:17:38.913	US05-live.mt4tradeserver.com:443	'899': request user trade history (0 trades) (OK/None)
0	2017.01.26 14:17:40.036	US05-live.mt4tradeserver.com:443	'899': request user trade history (131 trades)
0	2017.01.26 14:17:40.803	US05-live.mt4tradeserver.com:443	'899': request user trade history (1 trades)
0	2017.01.26 14:17:41.637	US05-live.mt4tradeserver.com:443	'899': request user trade history (311 trades)
0	2017.01.26 14:17:42.504	US05-live.mt4tradeserver.com:443	'899': request user trade history (352 trades)
0	2017.01.26 14:17:43.328	US05-live.mt4tradeserver.com:443	'899': request user trade history (20 trades)
0	2017.01.26 14:17:44.098	US05-live.mt4tradeserver.com:443	'899': request user trade history (25 trades)
1	2017.01.26 14:17:44.873	US05-live.mt4tradeserver.com:443	'899': request user trade history (0 trades) (OK/None)
1	2017.01.26 14:17:45.759	US05-live.mt4tradeserver.com:443	'899': request user trade history (0 trades) (OK/None)
0	2017.01.26 14:17:46.600	US05-live.mt4tradeserver.com:443	'899': request user trade history (33 trades)
0	2017.01.26 14:17:47.402	US05-live.mt4tradeserver.com:443	'899': request user trade history (196 trades)
0	2017.01.26 14:17:48.284	US05-live.mt4tradeserver.com:443	'899': request user trade history (110 trades)
0	2017.01.26 14:17:49.004	US05-live.mt4tradeserver.com:443	'899': request user trade history (77 trades)
0	2017.01.26 14:17:49.751	US05-live.mt4tradeserver.com:443	'899': request user trade history (37 trades)
0	2017.01.26 14:17:50.850	US05-live.mt4tradeserver.com:443	'899': request user trade history (98 trades)
0	2017.01.26 14:17:51.605	US05-live.mt4tradeserver.com:443	'899': request user trade history (14 trades)
1	2017.01.26 14:17:52.345	US05-live.mt4tradeserver.com:443	'899': request user trade history (0 trades) (OK/None)
0	2017.01.26 14:17:53.251	US05-live.mt4tradeserver.com:443	'899': request user trade history (161 trades)
0	2017.01.26 14:17:54.157	US05-live.mt4tradeserver.com:443	'899': request user trade history (216 trades)
0	2017.01.26 14:17:54.942	US05-live.mt4tradeserver.com:443	'899': request user trade history (1 trades)
0	2017.01.26 14:17:55.777	US05-live.mt4tradeserver.com:443	'899': request user trade history (25 trades)
0	2017.01.26 14:17:56.550	US05-live.mt4tradeserver.com:443	'899': request user trade history (6 trades)
0	2017.01.26 14:17:57.943	US05-live.mt4tradeserver.com:443	'899': request user trade history (14 trades)
1	2017.01.26 14:17:59.201	US05-live.mt4tradeserver.com:443	'899': request user trade history (0 trades) (OK/None)
0	2017.01.26 14:21:45.871	US05-live.mt4tradeserver.com:443	'899': disconnect
0	2017.01.26 14:21:45.872		Remove: manager 59C4008
