0	2017.02.06 14:54:29.064		MetaTrader 4 Manager API build 985 initialized
0	2017.02.06 14:54:29.699	US05-live.mt4tradeserver.com:443	Connect
0	2017.02.06 14:54:30.063	US05-live.mt4tradeserver.com:443	'899': login (server build 1031)
0	2017.02.06 14:54:30.911	US05-live.mt4tradeserver.com:443	'899': request 111 total users
0	2017.02.06 14:54:31.837	US05-live.mt4tradeserver.com:443	'899': request user trade history (2098 trades)
0	2017.02.06 14:54:33.383	US05-live.mt4tradeserver.com:443	'899': request user trade history (1122 trades)
0	2017.02.06 14:54:33.843	US05-live.mt4tradeserver.com:443	'899': request user trade history (73 trades)
0	2017.02.06 14:54:34.495	US05-live.mt4tradeserver.com:443	'899': request user trade history (1860 trades)
0	2017.02.06 14:54:35.838	US05-live.mt4tradeserver.com:443	'899': request user trade history (1813 trades)
0	2017.02.06 14:54:37.005	US05-live.mt4tradeserver.com:443	'899': request user trade history (2755 trades)
0	2017.02.06 14:54:37.792	US05-live.mt4tradeserver.com:443	'899': request user trade history (226 trades)
0	2017.02.06 14:54:38.111	US05-live.mt4tradeserver.com:443	'899': request user trade history (16 trades)
0	2017.02.06 14:54:39.952	US05-live.mt4tradeserver.com:443	'899': request user trade history (16339 trades)
0	2017.02.06 14:54:42.447	US05-live.mt4tradeserver.com:443	'899': request user trade history (427 trades)
0	2017.02.06 14:54:42.903	US05-live.mt4tradeserver.com:443	'899': request user trade history (91 trades)
0	2017.02.06 14:54:43.342	US05-live.mt4tradeserver.com:443	'899': request user trade history (656 trades)
0	2017.02.06 14:54:43.764	US05-live.mt4tradeserver.com:443	'899': request user trade history (272 trades)
0	2017.02.06 14:54:44.301	US05-live.mt4tradeserver.com:443	'899': request user trade history (1268 trades)
0	2017.02.06 14:54:44.743	US05-live.mt4tradeserver.com:443	'899': request user trade history (196 trades)
0	2017.02.06 14:54:45.102	US05-live.mt4tradeserver.com:443	'899': request user trade history (381 trades)
0	2017.02.06 14:54:45.621	US05-live.mt4tradeserver.com:443	'899': request user trade history (862 trades)
0	2017.02.06 14:54:46.115	US05-live.mt4tradeserver.com:443	'899': request user trade history (20 trades)
0	2017.02.06 14:54:47.357	US05-live.mt4tradeserver.com:443	'899': request user trade history (848 trades)
0	2017.02.06 14:54:47.781	US05-live.mt4tradeserver.com:443	'899': request user trade history (140 trades)
0	2017.02.06 14:54:49.086	US05-live.mt4tradeserver.com:443	'899': request user trade history (11847 trades)
1	2017.02.06 14:54:51.216	US05-live.mt4tradeserver.com:443	'899': request user trade history (0 trades) (OK/None)
1	2017.02.06 14:54:51.474	US05-live.mt4tradeserver.com:443	'899': request user trade history (0 trades) (OK/None)
0	2017.02.06 14:54:52.110	US05-live.mt4tradeserver.com:443	'899': request user trade history (2193 trades)
0	2017.02.06 14:54:52.861	US05-live.mt4tradeserver.com:443	'899': request user trade history (109 trades)
0	2017.02.06 14:54:53.165	US05-live.mt4tradeserver.com:443	'899': request user trade history (85 trades)
1	2017.02.06 14:54:53.443	US05-live.mt4tradeserver.com:443	'899': request user trade history (0 trades) (OK/None)
1	2017.02.06 14:54:53.709	US05-live.mt4tradeserver.com:443	'899': request user trade history (0 trades) (OK/None)
0	2017.02.06 14:54:53.994	US05-live.mt4tradeserver.com:443	'899': request user trade history (97 trades)
0	2017.02.06 14:54:54.647	US05-live.mt4tradeserver.com:443	'899': request user trade history (249 trades)
0	2017.02.06 14:54:55.020	US05-live.mt4tradeserver.com:443	'899': request user trade history (268 trades)
0	2017.02.06 14:54:55.519	US05-live.mt4tradeserver.com:443	'899': request user trade history (855 trades)
0	2017.02.06 14:54:56.875	US05-live.mt4tradeserver.com:443	'899': request user trade history (388 trades)
0	2017.02.06 14:54:57.355	US05-live.mt4tradeserver.com:443	'899': request user trade history (281 trades)
0	2017.02.06 14:54:57.991	US05-live.mt4tradeserver.com:443	'899': request user trade history (329 trades)
0	2017.02.06 14:54:59.447	US05-live.mt4tradeserver.com:443	'899': request user trade history (4606 trades)
0	2017.02.06 14:55:00.670	US05-live.mt4tradeserver.com:443	'899': request user trade history (430 trades)
0	2017.02.06 14:55:01.091	US05-live.mt4tradeserver.com:443	'899': request user trade history (245 trades)
0	2017.02.06 14:55:01.433	US05-live.mt4tradeserver.com:443	'899': request user trade history (110 trades)
0	2017.02.06 14:55:01.740	US05-live.mt4tradeserver.com:443	'899': request user trade history (23 trades)
1	2017.02.06 14:55:02.014	US05-live.mt4tradeserver.com:443	'899': request user trade history (0 trades) (OK/None)
0	2017.02.06 14:55:02.510	US05-live.mt4tradeserver.com:443	'899': request user trade history (122 trades)
0	2017.02.06 14:55:03.299	US05-live.mt4tradeserver.com:443	'899': request user trade history (1874 trades)
0	2017.02.06 14:55:03.876	US05-live.mt4tradeserver.com:443	'899': request user trade history (143 trades)
0	2017.02.06 14:55:04.716	US05-live.mt4tradeserver.com:443	'899': request user trade history (1347 trades)
0	2017.02.06 14:55:05.875	US05-live.mt4tradeserver.com:443	'899': request user trade history (431 trades)
0	2017.02.06 14:55:06.353	US05-live.mt4tradeserver.com:443	'899': request user trade history (452 trades)
0	2017.02.06 14:55:09.046	US05-live.mt4tradeserver.com:443	'899': request user trade history (869 trades)
0	2017.02.06 14:55:09.630	US05-live.mt4tradeserver.com:443	'899': request user trade history (336 trades)
0	2017.02.06 14:55:12.174	US05-live.mt4tradeserver.com:443	'899': request user trade history (90 trades)
0	2017.02.06 14:55:13.713	US05-live.mt4tradeserver.com:443	'899': request user trade history (218 trades)
0	2017.02.06 14:55:14.136	US05-live.mt4tradeserver.com:443	'899': request user trade history (56 trades)
0	2017.02.06 14:55:14.525	US05-live.mt4tradeserver.com:443	'899': request user trade history (8 trades)
1	2017.02.06 14:55:14.812	US05-live.mt4tradeserver.com:443	'899': request user trade history (0 trades) (OK/None)
1	2017.02.06 14:55:15.072	US05-live.mt4tradeserver.com:443	'899': request user trade history (0 trades) (OK/None)
0	2017.02.06 14:55:15.380	US05-live.mt4tradeserver.com:443	'899': request user trade history (26 trades)
0	2017.02.06 14:55:16.827	US05-live.mt4tradeserver.com:443	'899': request user trade history (4646 trades)
0	2017.02.06 14:55:18.101	US05-live.mt4tradeserver.com:443	'899': request user trade history (50 trades)
1	2017.02.06 14:55:18.391	US05-live.mt4tradeserver.com:443	'899': request user trade history (0 trades) (OK/None)
0	2017.02.06 14:55:18.766	US05-live.mt4tradeserver.com:443	'899': request user trade history (580 trades)
0	2017.02.06 14:55:19.236	US05-live.mt4tradeserver.com:443	'899': request user trade history (361 trades)
0	2017.02.06 14:55:19.543	US05-live.mt4tradeserver.com:443	'899': request user trade history (35 trades)
0	2017.02.06 14:55:20.524	US05-live.mt4tradeserver.com:443	'899': request user trade history (2617 trades)
1	2017.02.06 14:55:21.523	US05-live.mt4tradeserver.com:443	'899': request user trade history (0 trades) (OK/None)
0	2017.02.06 14:55:21.816	US05-live.mt4tradeserver.com:443	'899': request user trade history (24 trades)
0	2017.02.06 14:55:22.152	US05-live.mt4tradeserver.com:443	'899': request user trade history (308 trades)
0	2017.02.06 14:55:22.870	US05-live.mt4tradeserver.com:443	'899': request user trade history (188 trades)
0	2017.02.06 14:55:24.261	US05-live.mt4tradeserver.com:443	'899': request user trade history (2 trades)
0	2017.02.06 14:55:24.697	US05-live.mt4tradeserver.com:443	'899': request user trade history (443 trades)
0	2017.02.06 14:55:25.441	US05-live.mt4tradeserver.com:443	'899': request user trade history (2181 trades)
1	2017.02.06 14:55:25.981	US05-live.mt4tradeserver.com:443	'899': request user trade history (0 trades) (OK/None)
0	2017.02.06 14:55:26.288	US05-live.mt4tradeserver.com:443	'899': request user trade history (216 trades)
0	2017.02.06 14:55:27.983	US05-live.mt4tradeserver.com:443	'899': request user trade history (6573 trades)
0	2017.02.06 14:55:30.050	US05-live.mt4tradeserver.com:443	'899': request user trade history (1026 trades)
0	2017.02.06 14:55:30.503	US05-live.mt4tradeserver.com:443	'899': request user trade history (313 trades)
1	2017.02.06 14:55:30.813	US05-live.mt4tradeserver.com:443	'899': request user trade history (0 trades) (OK/None)
1	2017.02.06 14:55:31.082	US05-live.mt4tradeserver.com:443	'899': request user trade history (0 trades) (OK/None)
0	2017.02.06 14:55:31.618	US05-live.mt4tradeserver.com:443	'899': request user trade history (621 trades)
0	2017.02.06 14:55:32.086	US05-live.mt4tradeserver.com:443	'899': request user trade history (2 trades)
0	2017.02.06 14:55:32.378	US05-live.mt4tradeserver.com:443	'899': request user trade history (145 trades)
1	2017.02.06 14:55:32.660	US05-live.mt4tradeserver.com:443	'899': request user trade history (0 trades) (OK/None)
1	2017.02.06 14:55:32.921	US05-live.mt4tradeserver.com:443	'899': request user trade history (0 trades) (OK/None)
1	2017.02.06 14:55:33.185	US05-live.mt4tradeserver.com:443	'899': request user trade history (0 trades) (OK/None)
0	2017.02.06 14:55:33.761	US05-live.mt4tradeserver.com:443	'899': request user trade history (238 trades)
0	2017.02.06 14:55:34.095	US05-live.mt4tradeserver.com:443	'899': request user trade history (49 trades)
0	2017.02.06 14:55:34.470	US05-live.mt4tradeserver.com:443	'899': request user trade history (2 trades)
1	2017.02.06 14:55:34.771	US05-live.mt4tradeserver.com:443	'899': request user trade history (0 trades) (OK/None)
0	2017.02.06 14:55:35.061	US05-live.mt4tradeserver.com:443	'899': request user trade history (131 trades)
0	2017.02.06 14:55:35.336	US05-live.mt4tradeserver.com:443	'899': request user trade history (1 trades)
0	2017.02.06 14:55:35.676	US05-live.mt4tradeserver.com:443	'899': request user trade history (330 trades)
0	2017.02.06 14:55:36.075	US05-live.mt4tradeserver.com:443	'899': request user trade history (357 trades)
0	2017.02.06 14:55:36.423	US05-live.mt4tradeserver.com:443	'899': request user trade history (20 trades)
0	2017.02.06 14:55:36.708	US05-live.mt4tradeserver.com:443	'899': request user trade history (24 trades)
1	2017.02.06 14:55:36.983	US05-live.mt4tradeserver.com:443	'899': request user trade history (0 trades) (OK/None)
1	2017.02.06 14:55:37.248	US05-live.mt4tradeserver.com:443	'899': request user trade history (0 trades) (OK/None)
0	2017.02.06 14:55:37.523	US05-live.mt4tradeserver.com:443	'899': request user trade history (33 trades)
0	2017.02.06 14:55:37.842	US05-live.mt4tradeserver.com:443	'899': request user trade history (216 trades)
0	2017.02.06 14:55:38.185	US05-live.mt4tradeserver.com:443	'899': request user trade history (112 trades)
0	2017.02.06 14:55:38.493	US05-live.mt4tradeserver.com:443	'899': request user trade history (81 trades)
0	2017.02.06 14:55:38.793	US05-live.mt4tradeserver.com:443	'899': request user trade history (37 trades)
0	2017.02.06 14:55:39.082	US05-live.mt4tradeserver.com:443	'899': request user trade history (131 trades)
0	2017.02.06 14:55:39.357	US05-live.mt4tradeserver.com:443	'899': request user trade history (14 trades)
1	2017.02.06 14:55:39.616	US05-live.mt4tradeserver.com:443	'899': request user trade history (0 trades) (OK/None)
0	2017.02.06 14:55:39.910	US05-live.mt4tradeserver.com:443	'899': request user trade history (173 trades)
0	2017.02.06 14:55:40.250	US05-live.mt4tradeserver.com:443	'899': request user trade history (271 trades)
0	2017.02.06 14:55:40.636	US05-live.mt4tradeserver.com:443	'899': request user trade history (1 trades)
0	2017.02.06 14:55:40.903	US05-live.mt4tradeserver.com:443	'899': request user trade history (24 trades)
0	2017.02.06 14:55:41.186	US05-live.mt4tradeserver.com:443	'899': request user trade history (11 trades)
0	2017.02.06 14:55:41.465	US05-live.mt4tradeserver.com:443	'899': request user trade history (26 trades)
0	2017.02.06 14:55:41.786	US05-live.mt4tradeserver.com:443	'899': request user trade history (389 trades)
1	2017.02.06 14:55:42.108	US05-live.mt4tradeserver.com:443	'899': request user trade history (0 trades) (OK/None)
0	2017.02.06 15:01:21.379	US05-live.mt4tradeserver.com:443	'899': disconnect
0	2017.02.06 15:01:21.424		Remove: manager 492D9B0
