0	2017.01.11 14:45:35.989		MetaTrader 4 Manager API build 985 initialized
0	2017.01.11 14:45:36.461	US05-live.mt4tradeserver.com:443	Connect
0	2017.01.11 14:45:37.024	US05-live.mt4tradeserver.com:443	'899': login (server build 1010)
0	2017.01.11 14:45:38.192	US05-live.mt4tradeserver.com:443	'899': request 109 total users
0	2017.01.11 14:45:39.164	US05-live.mt4tradeserver.com:443	'899': request user trade history (1980 trades)
0	2017.01.11 14:45:41.817	US05-live.mt4tradeserver.com:443	'899': request user trade history (1122 trades)
0	2017.01.11 14:45:42.393	US05-live.mt4tradeserver.com:443	'899': request user trade history (73 trades)
0	2017.01.11 14:45:43.086	US05-live.mt4tradeserver.com:443	'899': request user trade history (1860 trades)
0	2017.01.11 14:45:44.232	US05-live.mt4tradeserver.com:443	'899': request user trade history (1798 trades)
0	2017.01.11 14:45:45.167	US05-live.mt4tradeserver.com:443	'899': request user trade history (2755 trades)
0	2017.01.11 14:45:46.139	US05-live.mt4tradeserver.com:443	'899': request user trade history (226 trades)
0	2017.01.11 14:45:46.649	US05-live.mt4tradeserver.com:443	'899': request user trade history (16 trades)
0	2017.01.11 14:45:48.499	US05-live.mt4tradeserver.com:443	'899': request user trade history (16339 trades)
0	2017.01.11 14:45:51.068	US05-live.mt4tradeserver.com:443	'899': request user trade history (427 trades)
0	2017.01.11 14:45:51.772	US05-live.mt4tradeserver.com:443	'899': request user trade history (91 trades)
0	2017.01.11 14:45:52.405	US05-live.mt4tradeserver.com:443	'899': request user trade history (656 trades)
0	2017.01.11 14:45:53.014	US05-live.mt4tradeserver.com:443	'899': request user trade history (272 trades)
0	2017.01.11 14:45:53.796	US05-live.mt4tradeserver.com:443	'899': request user trade history (1268 trades)
0	2017.01.11 14:45:54.333	US05-live.mt4tradeserver.com:443	'899': request user trade history (196 trades)
0	2017.01.11 14:45:54.860	US05-live.mt4tradeserver.com:443	'899': request user trade history (381 trades)
0	2017.01.11 14:45:55.400	US05-live.mt4tradeserver.com:443	'899': request user trade history (855 trades)
0	2017.01.11 14:45:55.817	US05-live.mt4tradeserver.com:443	'899': request user trade history (20 trades)
0	2017.01.11 14:45:56.296	US05-live.mt4tradeserver.com:443	'899': request user trade history (848 trades)
0	2017.01.11 14:45:56.654	US05-live.mt4tradeserver.com:443	'899': request user trade history (140 trades)
0	2017.01.11 14:45:58.107	US05-live.mt4tradeserver.com:443	'899': request user trade history (11828 trades)
1	2017.01.11 14:45:59.858	US05-live.mt4tradeserver.com:443	'899': request user trade history (0 trades) (OK/None)
1	2017.01.11 14:46:00.371	US05-live.mt4tradeserver.com:443	'899': request user trade history (0 trades) (OK/None)
0	2017.01.11 14:46:01.241	US05-live.mt4tradeserver.com:443	'899': request user trade history (2189 trades)
0	2017.01.11 14:46:01.663	US05-live.mt4tradeserver.com:443	'899': request user trade history (109 trades)
0	2017.01.11 14:46:01.992	US05-live.mt4tradeserver.com:443	'899': request user trade history (85 trades)
1	2017.01.11 14:46:02.419	US05-live.mt4tradeserver.com:443	'899': request user trade history (0 trades) (OK/None)
1	2017.01.11 14:46:02.726	US05-live.mt4tradeserver.com:443	'899': request user trade history (0 trades) (OK/None)
0	2017.01.11 14:46:03.041	US05-live.mt4tradeserver.com:443	'899': request user trade history (97 trades)
0	2017.01.11 14:46:03.551	US05-live.mt4tradeserver.com:443	'899': request user trade history (249 trades)
0	2017.01.11 14:46:04.063	US05-live.mt4tradeserver.com:443	'899': request user trade history (268 trades)
0	2017.01.11 14:46:04.580	US05-live.mt4tradeserver.com:443	'899': request user trade history (819 trades)
0	2017.01.11 14:46:05.092	US05-live.mt4tradeserver.com:443	'899': request user trade history (356 trades)
0	2017.01.11 14:46:05.601	US05-live.mt4tradeserver.com:443	'899': request user trade history (277 trades)
0	2017.01.11 14:46:06.114	US05-live.mt4tradeserver.com:443	'899': request user trade history (328 trades)
0	2017.01.11 14:46:07.337	US05-live.mt4tradeserver.com:443	'899': request user trade history (4606 trades)
0	2017.01.11 14:46:08.714	US05-live.mt4tradeserver.com:443	'899': request user trade history (430 trades)
0	2017.01.11 14:46:09.283	US05-live.mt4tradeserver.com:443	'899': request user trade history (212 trades)
0	2017.01.11 14:46:09.898	US05-live.mt4tradeserver.com:443	'899': request user trade history (110 trades)
0	2017.01.11 14:46:11.203	US05-live.mt4tradeserver.com:443	'899': request user trade history (23 trades)
1	2017.01.11 14:46:12.454	US05-live.mt4tradeserver.com:443	'899': request user trade history (0 trades) (OK/None)
0	2017.01.11 14:46:12.772	US05-live.mt4tradeserver.com:443	'899': request user trade history (128 trades)
0	2017.01.11 14:46:14.567	US05-live.mt4tradeserver.com:443	'899': request user trade history (1717 trades)
0	2017.01.11 14:46:15.733	US05-live.mt4tradeserver.com:443	'899': request user trade history (142 trades)
0	2017.01.11 14:46:17.062	US05-live.mt4tradeserver.com:443	'899': request user trade history (1189 trades)
0	2017.01.11 14:46:19.221	US05-live.mt4tradeserver.com:443	'899': request user trade history (431 trades)
0	2017.01.11 14:46:19.734	US05-live.mt4tradeserver.com:443	'899': request user trade history (436 trades)
0	2017.01.11 14:46:20.428	US05-live.mt4tradeserver.com:443	'899': request user trade history (838 trades)
0	2017.01.11 14:46:20.856	US05-live.mt4tradeserver.com:443	'899': request user trade history (336 trades)
0	2017.01.11 14:46:21.365	US05-live.mt4tradeserver.com:443	'899': request user trade history (90 trades)
0	2017.01.11 14:46:21.985	US05-live.mt4tradeserver.com:443	'899': request user trade history (218 trades)
0	2017.01.11 14:46:22.592	US05-live.mt4tradeserver.com:443	'899': request user trade history (56 trades)
0	2017.01.11 14:46:23.105	US05-live.mt4tradeserver.com:443	'899': request user trade history (8 trades)
1	2017.01.11 14:46:23.616	US05-live.mt4tradeserver.com:443	'899': request user trade history (0 trades) (OK/None)
1	2017.01.11 14:46:23.920	US05-live.mt4tradeserver.com:443	'899': request user trade history (0 trades) (OK/None)
0	2017.01.11 14:46:24.240	US05-live.mt4tradeserver.com:443	'899': request user trade history (26 trades)
0	2017.01.11 14:46:25.496	US05-live.mt4tradeserver.com:443	'899': request user trade history (4646 trades)
0	2017.01.11 14:46:26.179	US05-live.mt4tradeserver.com:443	'899': request user trade history (21 trades)
1	2017.01.11 14:46:26.689	US05-live.mt4tradeserver.com:443	'899': request user trade history (0 trades) (OK/None)
0	2017.01.11 14:46:27.319	US05-live.mt4tradeserver.com:443	'899': request user trade history (580 trades)
0	2017.01.11 14:46:27.885	US05-live.mt4tradeserver.com:443	'899': request user trade history (361 trades)
0	2017.01.11 14:46:28.431	US05-live.mt4tradeserver.com:443	'899': request user trade history (30 trades)
0	2017.01.11 14:46:29.291	US05-live.mt4tradeserver.com:443	'899': request user trade history (2273 trades)
1	2017.01.11 14:46:30.065	US05-live.mt4tradeserver.com:443	'899': request user trade history (0 trades) (OK/None)
0	2017.01.11 14:46:30.386	US05-live.mt4tradeserver.com:443	'899': request user trade history (24 trades)
0	2017.01.11 14:46:30.957	US05-live.mt4tradeserver.com:443	'899': request user trade history (302 trades)
0	2017.01.11 14:46:31.411	US05-live.mt4tradeserver.com:443	'899': request user trade history (188 trades)
0	2017.01.11 14:46:31.809	US05-live.mt4tradeserver.com:443	'899': request user trade history (2 trades)
0	2017.01.11 14:46:32.446	US05-live.mt4tradeserver.com:443	'899': request user trade history (443 trades)
0	2017.01.11 14:46:33.364	US05-live.mt4tradeserver.com:443	'899': request user trade history (2181 trades)
1	2017.01.11 14:46:34.266	US05-live.mt4tradeserver.com:443	'899': request user trade history (0 trades) (OK/None)
0	2017.01.11 14:46:34.586	US05-live.mt4tradeserver.com:443	'899': request user trade history (216 trades)
0	2017.01.11 14:46:36.154	US05-live.mt4tradeserver.com:443	'899': request user trade history (5736 trades)
0	2017.01.11 14:46:37.338	US05-live.mt4tradeserver.com:443	'899': request user trade history (1026 trades)
0	2017.01.11 14:46:37.955	US05-live.mt4tradeserver.com:443	'899': request user trade history (313 trades)
1	2017.01.11 14:46:38.262	US05-live.mt4tradeserver.com:443	'899': request user trade history (0 trades) (OK/None)
1	2017.01.11 14:46:38.567	US05-live.mt4tradeserver.com:443	'899': request user trade history (0 trades) (OK/None)
0	2017.01.11 14:46:39.275	US05-live.mt4tradeserver.com:443	'899': request user trade history (621 trades)
0	2017.01.11 14:46:39.658	US05-live.mt4tradeserver.com:443	'899': request user trade history (2 trades)
0	2017.01.11 14:46:40.004	US05-live.mt4tradeserver.com:443	'899': request user trade history (145 trades)
1	2017.01.11 14:46:40.310	US05-live.mt4tradeserver.com:443	'899': request user trade history (0 trades) (OK/None)
1	2017.01.11 14:46:40.616	US05-live.mt4tradeserver.com:443	'899': request user trade history (0 trades) (OK/None)
1	2017.01.11 14:46:40.922	US05-live.mt4tradeserver.com:443	'899': request user trade history (0 trades) (OK/None)
0	2017.01.11 14:46:41.550	US05-live.mt4tradeserver.com:443	'899': request user trade history (239 trades)
0	2017.01.11 14:46:42.155	US05-live.mt4tradeserver.com:443	'899': request user trade history (49 trades)
0	2017.01.11 14:46:42.459	US05-live.mt4tradeserver.com:443	'899': request user trade history (2 trades)
1	2017.01.11 14:46:42.767	US05-live.mt4tradeserver.com:443	'899': request user trade history (0 trades) (OK/None)
0	2017.01.11 14:46:43.095	US05-live.mt4tradeserver.com:443	'899': request user trade history (124 trades)
0	2017.01.11 14:46:43.586	US05-live.mt4tradeserver.com:443	'899': request user trade history (1 trades)
0	2017.01.11 14:46:44.202	US05-live.mt4tradeserver.com:443	'899': request user trade history (278 trades)
0	2017.01.11 14:46:44.828	US05-live.mt4tradeserver.com:443	'899': request user trade history (325 trades)
0	2017.01.11 14:46:45.327	US05-live.mt4tradeserver.com:443	'899': request user trade history (20 trades)
0	2017.01.11 14:46:45.615	US05-live.mt4tradeserver.com:443	'899': request user trade history (25 trades)
1	2017.01.11 14:46:46.041	US05-live.mt4tradeserver.com:443	'899': request user trade history (0 trades) (OK/None)
1	2017.01.11 14:46:46.363	US05-live.mt4tradeserver.com:443	'899': request user trade history (0 trades) (OK/None)
0	2017.01.11 14:46:46.861	US05-live.mt4tradeserver.com:443	'899': request user trade history (33 trades)
0	2017.01.11 14:46:47.404	US05-live.mt4tradeserver.com:443	'899': request user trade history (174 trades)
0	2017.01.11 14:46:47.891	US05-live.mt4tradeserver.com:443	'899': request user trade history (99 trades)
0	2017.01.11 14:46:48.199	US05-live.mt4tradeserver.com:443	'899': request user trade history (74 trades)
0	2017.01.11 14:46:48.499	US05-live.mt4tradeserver.com:443	'899': request user trade history (37 trades)
0	2017.01.11 14:46:48.818	US05-live.mt4tradeserver.com:443	'899': request user trade history (91 trades)
0	2017.01.11 14:46:49.421	US05-live.mt4tradeserver.com:443	'899': request user trade history (14 trades)
1	2017.01.11 14:46:49.726	US05-live.mt4tradeserver.com:443	'899': request user trade history (0 trades) (OK/None)
0	2017.01.11 14:46:50.055	US05-live.mt4tradeserver.com:443	'899': request user trade history (116 trades)
0	2017.01.11 14:46:50.681	US05-live.mt4tradeserver.com:443	'899': request user trade history (142 trades)
0	2017.01.11 14:46:51.262	US05-live.mt4tradeserver.com:443	'899': request user trade history (1 trades)
0	2017.01.11 14:46:51.574	US05-live.mt4tradeserver.com:443	'899': request user trade history (19 trades)
0	2017.01.11 14:46:51.898	US05-live.mt4tradeserver.com:443	'899': request user trade history (1 trades)
0	2017.01.11 14:46:52.224	US05-live.mt4tradeserver.com:443	'899': request user trade history (5 trades)
0	2017.01.11 14:46:52.334	US05-live.mt4tradeserver.com:443	'899': disconnect
0	2017.01.11 14:46:52.334		Remove: manager 531BB98
0	2017.01.11 15:07:53.152		MetaTrader 4 Manager API build 985 initialized
0	2017.01.11 15:07:53.645	US05-live.mt4tradeserver.com:443	Connect
0	2017.01.11 15:07:54.071	US05-live.mt4tradeserver.com:443	'899': login (server build 1010)
0	2017.01.11 15:07:54.988	US05-live.mt4tradeserver.com:443	'899': request 109 total users
0	2017.01.11 15:07:56.161	US05-live.mt4tradeserver.com:443	'899': request user trade history (1980 trades)
0	2017.01.11 15:08:31.258	US05-live.mt4tradeserver.com:443	'899': request user trade history (1122 trades)
0	2017.01.11 15:08:49.651	US05-live.mt4tradeserver.com:443	'899': request user trade history (73 trades)
0	2017.01.11 15:08:51.456	US05-live.mt4tradeserver.com:443	'899': request user trade history (1860 trades)
0	2017.01.11 15:09:28.081	US05-live.mt4tradeserver.com:443	'899': request user trade history (1798 trades)
0	2017.01.11 15:10:22.671	US05-live.mt4tradeserver.com:443	'899': request user trade history (2755 trades)
0	2017.01.11 15:11:07.833	US05-live.mt4tradeserver.com:443	'899': request user trade history (226 trades)
0	2017.01.11 15:11:10.991	US05-live.mt4tradeserver.com:443	'899': request user trade history (16 trades)
0	2017.01.11 15:11:13.294	US05-live.mt4tradeserver.com:443	'899': request user trade history (16339 trades)
2	2017.01.11 15:17:26.911	US05-live.mt4tradeserver.com:443	'899': request user trade history (Common error)
6	2017.01.11 15:17:27.521	US05-live.mt4tradeserver.com:443	'899': request user trade history (No connection)
6	2017.01.11 15:17:28.033	US05-live.mt4tradeserver.com:443	'899': request user trade history (No connection)
6	2017.01.11 15:17:28.645	US05-live.mt4tradeserver.com:443	'899': request user trade history (No connection)
6	2017.01.11 15:17:29.259	US05-live.mt4tradeserver.com:443	'899': request user trade history (No connection)
6	2017.01.11 15:17:29.713	US05-live.mt4tradeserver.com:443	'899': request user trade history (No connection)
6	2017.01.11 15:17:30.343	US05-live.mt4tradeserver.com:443	'899': request user trade history (No connection)
6	2017.01.11 15:17:30.656	US05-live.mt4tradeserver.com:443	'899': request user trade history (No connection)
6	2017.01.11 15:17:30.961	US05-live.mt4tradeserver.com:443	'899': request user trade history (No connection)
6	2017.01.11 15:17:31.519	US05-live.mt4tradeserver.com:443	'899': request user trade history (No connection)
6	2017.01.11 15:17:32.127	US05-live.mt4tradeserver.com:443	'899': request user trade history (No connection)
6	2017.01.11 15:17:32.747	US05-live.mt4tradeserver.com:443	'899': request user trade history (No connection)
6	2017.01.11 15:17:33.356	US05-live.mt4tradeserver.com:443	'899': request user trade history (No connection)
6	2017.01.11 15:17:33.813	US05-live.mt4tradeserver.com:443	'899': request user trade history (No connection)
6	2017.01.11 15:17:34.482	US05-live.mt4tradeserver.com:443	'899': request user trade history (No connection)
6	2017.01.11 15:17:34.789	US05-live.mt4tradeserver.com:443	'899': request user trade history (No connection)
6	2017.01.11 15:17:35.511	US05-live.mt4tradeserver.com:443	'899': request user trade history (No connection)
6	2017.01.11 15:17:36.018	US05-live.mt4tradeserver.com:443	'899': request user trade history (No connection)
6	2017.01.11 15:17:36.532	US05-live.mt4tradeserver.com:443	'899': request user trade history (No connection)
6	2017.01.11 15:17:36.984	US05-live.mt4tradeserver.com:443	'899': request user trade history (No connection)
6	2017.01.11 15:17:37.290	US05-live.mt4tradeserver.com:443	'899': request user trade history (No connection)
6	2017.01.11 15:17:37.963	US05-live.mt4tradeserver.com:443	'899': request user trade history (No connection)
6	2017.01.11 15:17:38.578	US05-live.mt4tradeserver.com:443	'899': request user trade history (No connection)
6	2017.01.11 15:17:39.031	US05-live.mt4tradeserver.com:443	'899': request user trade history (No connection)
6	2017.01.11 15:17:39.337	US05-live.mt4tradeserver.com:443	'899': request user trade history (No connection)
6	2017.01.11 15:17:39.758	US05-live.mt4tradeserver.com:443	'899': request user trade history (No connection)
6	2017.01.11 15:17:40.421	US05-live.mt4tradeserver.com:443	'899': request user trade history (No connection)
6	2017.01.11 15:17:40.954	US05-live.mt4tradeserver.com:443	'899': request user trade history (No connection)
6	2017.01.11 15:17:41.600	US05-live.mt4tradeserver.com:443	'899': request user trade history (No connection)
6	2017.01.11 15:17:42.265	US05-live.mt4tradeserver.com:443	'899': request user trade history (No connection)
6	2017.01.11 15:17:42.879	US05-live.mt4tradeserver.com:443	'899': request user trade history (No connection)
6	2017.01.11 15:17:43.494	US05-live.mt4tradeserver.com:443	'899': request user trade history (No connection)
6	2017.01.11 15:17:44.114	US05-live.mt4tradeserver.com:443	'899': request user trade history (No connection)
6	2017.01.11 15:17:44.723	US05-live.mt4tradeserver.com:443	'899': request user trade history (No connection)
6	2017.01.11 15:17:45.337	US05-live.mt4tradeserver.com:443	'899': request user trade history (No connection)
6	2017.01.11 15:17:45.951	US05-live.mt4tradeserver.com:443	'899': request user trade history (No connection)
6	2017.01.11 15:17:46.497	US05-live.mt4tradeserver.com:443	'899': request user trade history (No connection)
6	2017.01.11 15:17:47.028	US05-live.mt4tradeserver.com:443	'899': request user trade history (No connection)
6	2017.01.11 15:17:47.339	US05-live.mt4tradeserver.com:443	'899': request user trade history (No connection)
6	2017.01.11 15:17:47.896	US05-live.mt4tradeserver.com:443	'899': request user trade history (No connection)
6	2017.01.11 15:17:48.512	US05-live.mt4tradeserver.com:443	'899': request user trade history (No connection)
6	2017.01.11 15:17:49.125	US05-live.mt4tradeserver.com:443	'899': request user trade history (No connection)
6	2017.01.11 15:17:49.741	US05-live.mt4tradeserver.com:443	'899': request user trade history (No connection)
6	2017.01.11 15:17:50.196	US05-live.mt4tradeserver.com:443	'899': request user trade history (No connection)
6	2017.01.11 15:17:50.766	US05-live.mt4tradeserver.com:443	'899': request user trade history (No connection)
6	2017.01.11 15:17:51.276	US05-live.mt4tradeserver.com:443	'899': request user trade history (No connection)
6	2017.01.11 15:17:51.788	US05-live.mt4tradeserver.com:443	'899': request user trade history (No connection)
6	2017.01.11 15:17:52.299	US05-live.mt4tradeserver.com:443	'899': request user trade history (No connection)
6	2017.01.11 15:17:52.754	US05-live.mt4tradeserver.com:443	'899': request user trade history (No connection)
6	2017.01.11 15:17:53.426	US05-live.mt4tradeserver.com:443	'899': request user trade history (No connection)
6	2017.01.11 15:17:53.916	US05-live.mt4tradeserver.com:443	'899': request user trade history (No connection)
6	2017.01.11 15:17:54.554	US05-live.mt4tradeserver.com:443	'899': request user trade history (No connection)
6	2017.01.11 15:17:54.880	US05-live.mt4tradeserver.com:443	'899': request user trade history (No connection)
6	2017.01.11 15:17:55.579	US05-live.mt4tradeserver.com:443	'899': request user trade history (No connection)
6	2017.01.11 15:17:56.191	US05-live.mt4tradeserver.com:443	'899': request user trade history (No connection)
6	2017.01.11 15:17:56.495	US05-live.mt4tradeserver.com:443	'899': request user trade history (No connection)
6	2017.01.11 15:17:56.908	US05-live.mt4tradeserver.com:443	'899': request user trade history (No connection)
6	2017.01.11 15:17:57.375	US05-live.mt4tradeserver.com:443	'899': request user trade history (No connection)
6	2017.01.11 15:17:58.034	US05-live.mt4tradeserver.com:443	'899': request user trade history (No connection)
6	2017.01.11 15:17:58.658	US05-live.mt4tradeserver.com:443	'899': request user trade history (No connection)
6	2017.01.11 15:17:59.263	US05-live.mt4tradeserver.com:443	'899': request user trade history (No connection)
6	2017.01.11 15:17:59.877	US05-live.mt4tradeserver.com:443	'899': request user trade history (No connection)
6	2017.01.11 15:18:00.599	US05-live.mt4tradeserver.com:443	'899': request user trade history (No connection)
6	2017.01.11 15:18:00.908	US05-live.mt4tradeserver.com:443	'899': request user trade history (No connection)
6	2017.01.11 15:18:01.219	US05-live.mt4tradeserver.com:443	'899': request user trade history (No connection)
6	2017.01.11 15:18:01.580	US05-live.mt4tradeserver.com:443	'899': request user trade history (No connection)
6	2017.01.11 15:18:02.130	US05-live.mt4tradeserver.com:443	'899': request user trade history (No connection)
6	2017.01.11 15:18:02.744	US05-live.mt4tradeserver.com:443	'899': request user trade history (No connection)
6	2017.01.11 15:18:03.364	US05-live.mt4tradeserver.com:443	'899': request user trade history (No connection)
6	2017.01.11 15:18:03.915	US05-live.mt4tradeserver.com:443	'899': request user trade history (No connection)
6	2017.01.11 15:18:04.230	US05-live.mt4tradeserver.com:443	'899': request user trade history (No connection)
6	2017.01.11 15:18:04.837	US05-live.mt4tradeserver.com:443	'899': request user trade history (No connection)
6	2017.01.11 15:18:05.145	US05-live.mt4tradeserver.com:443	'899': request user trade history (No connection)
6	2017.01.11 15:18:05.714	US05-live.mt4tradeserver.com:443	'899': request user trade history (No connection)
6	2017.01.11 15:18:06.169	US05-live.mt4tradeserver.com:443	'899': request user trade history (No connection)
6	2017.01.11 15:18:06.781	US05-live.mt4tradeserver.com:443	'899': request user trade history (No connection)
6	2017.01.11 15:18:07.148	US05-live.mt4tradeserver.com:443	'899': request user trade history (No connection)
6	2017.01.11 15:18:07.914	US05-live.mt4tradeserver.com:443	'899': request user trade history (No connection)
6	2017.01.11 15:18:08.579	US05-live.mt4tradeserver.com:443	'899': request user trade history (No connection)
6	2017.01.11 15:18:09.139	US05-live.mt4tradeserver.com:443	'899': request user trade history (No connection)
6	2017.01.11 15:18:09.652	US05-live.mt4tradeserver.com:443	'899': request user trade history (No connection)
6	2017.01.11 15:18:10.279	US05-live.mt4tradeserver.com:443	'899': request user trade history (No connection)
6	2017.01.11 15:18:11.040	US05-live.mt4tradeserver.com:443	'899': request user trade history (No connection)
6	2017.01.11 15:18:11.654	US05-live.mt4tradeserver.com:443	'899': request user trade history (No connection)
6	2017.01.11 15:18:12.268	US05-live.mt4tradeserver.com:443	'899': request user trade history (No connection)
6	2017.01.11 15:18:12.890	US05-live.mt4tradeserver.com:443	'899': request user trade history (No connection)
6	2017.01.11 15:18:13.497	US05-live.mt4tradeserver.com:443	'899': request user trade history (No connection)
6	2017.01.11 15:18:14.112	US05-live.mt4tradeserver.com:443	'899': request user trade history (No connection)
6	2017.01.11 15:18:14.727	US05-live.mt4tradeserver.com:443	'899': request user trade history (No connection)
6	2017.01.11 15:18:15.631	US05-live.mt4tradeserver.com:443	'899': request user trade history (No connection)
6	2017.01.11 15:18:16.161	US05-live.mt4tradeserver.com:443	'899': request user trade history (No connection)
6	2017.01.11 15:18:16.773	US05-live.mt4tradeserver.com:443	'899': request user trade history (No connection)
6	2017.01.11 15:18:17.388	US05-live.mt4tradeserver.com:443	'899': request user trade history (No connection)
6	2017.01.11 15:18:18.002	US05-live.mt4tradeserver.com:443	'899': request user trade history (No connection)
6	2017.01.11 15:18:18.499	US05-live.mt4tradeserver.com:443	'899': request user trade history (No connection)
6	2017.01.11 15:18:19.128	US05-live.mt4tradeserver.com:443	'899': request user trade history (No connection)
6	2017.01.11 15:18:19.742	US05-live.mt4tradeserver.com:443	'899': request user trade history (No connection)
6	2017.01.11 15:18:20.206	US05-live.mt4tradeserver.com:443	'899': request user trade history (No connection)
6	2017.01.11 15:18:20.869	US05-live.mt4tradeserver.com:443	'899': request user trade history (No connection)
6	2017.01.11 15:18:21.483	US05-live.mt4tradeserver.com:443	'899': request user trade history (No connection)
0	2017.01.11 15:18:21.806		Remove: manager 5257F90
