0	2017.01.07 15:24:57.077		MetaTrader 4 Manager API build 985 initialized
0	2017.01.07 15:24:57.376	us03-demo.mt4tradeserver.com:443	Connect
0	2017.01.07 15:24:57.726	us03-demo.mt4tradeserver.com:443	'995': login (server build 1010)
0	2017.01.07 15:24:58.340	us03-demo.mt4tradeserver.com:443	'995': request 38 total users
0	2017.01.07 15:24:58.752	us03-demo.mt4tradeserver.com:443	'995': request user trade history (117 trades)
0	2017.01.07 15:24:59.671	us03-demo.mt4tradeserver.com:443	'995': request user trade history (19 trades)
0	2017.01.07 15:24:59.978	us03-demo.mt4tradeserver.com:443	'995': request user trade history (36 trades)
0	2017.01.07 15:25:00.285	us03-demo.mt4tradeserver.com:443	'995': request user trade history (5 trades)
0	2017.01.07 15:25:00.593	us03-demo.mt4tradeserver.com:443	'995': request user trade history (16 trades)
0	2017.01.07 15:25:00.900	us03-demo.mt4tradeserver.com:443	'995': request user trade history (12 trades)
0	2017.01.07 15:25:01.207	us03-demo.mt4tradeserver.com:443	'995': request user trade history (17 trades)
0	2017.01.07 15:25:01.515	us03-demo.mt4tradeserver.com:443	'995': request user trade history (6 trades)
0	2017.01.07 15:25:01.822	us03-demo.mt4tradeserver.com:443	'995': request user trade history (5 trades)
0	2017.01.07 15:25:02.129	us03-demo.mt4tradeserver.com:443	'995': request user trade history (5 trades)
0	2017.01.07 15:25:02.438	us03-demo.mt4tradeserver.com:443	'995': request user trade history (1 trades)
0	2017.01.07 15:25:02.743	us03-demo.mt4tradeserver.com:443	'995': request user trade history (18 trades)
0	2017.01.07 15:25:03.050	us03-demo.mt4tradeserver.com:443	'995': request user trade history (15 trades)
0	2017.01.07 15:25:03.357	us03-demo.mt4tradeserver.com:443	'995': request user trade history (1 trades)
0	2017.01.07 15:25:03.664	us03-demo.mt4tradeserver.com:443	'995': request user trade history (1 trades)
0	2017.01.07 15:25:03.972	us03-demo.mt4tradeserver.com:443	'995': request user trade history (1 trades)
0	2017.01.07 15:25:04.280	us03-demo.mt4tradeserver.com:443	'995': request user trade history (34 trades)
0	2017.01.07 15:25:04.587	us03-demo.mt4tradeserver.com:443	'995': request user trade history (1 trades)
0	2017.01.07 15:25:04.894	us03-demo.mt4tradeserver.com:443	'995': request user trade history (1 trades)
0	2017.01.07 15:25:05.204	us03-demo.mt4tradeserver.com:443	'995': request user trade history (113 trades)
0	2017.01.07 15:25:05.500	us03-demo.mt4tradeserver.com:443	'995': request user trade history (4 trades)
0	2017.01.07 15:25:05.815	us03-demo.mt4tradeserver.com:443	'995': request user trade history (3 trades)
0	2017.01.07 15:25:06.089	us03-demo.mt4tradeserver.com:443	'995': request user trade history (2 trades)
0	2017.01.07 15:25:06.430	us03-demo.mt4tradeserver.com:443	'995': request user trade history (2 trades)
0	2017.01.07 15:25:06.736	us03-demo.mt4tradeserver.com:443	'995': request user trade history (2 trades)
0	2017.01.07 15:25:07.006	us03-demo.mt4tradeserver.com:443	'995': request user trade history (4 trades)
0	2017.01.07 15:25:07.270	us03-demo.mt4tradeserver.com:443	'995': request user trade history (2 trades)
0	2017.01.07 15:25:07.557	us03-demo.mt4tradeserver.com:443	'995': request user trade history (2 trades)
0	2017.01.07 15:25:07.863	us03-demo.mt4tradeserver.com:443	'995': request user trade history (2 trades)
0	2017.01.07 15:25:08.171	us03-demo.mt4tradeserver.com:443	'995': request user trade history (2 trades)
0	2017.01.07 15:25:08.477	us03-demo.mt4tradeserver.com:443	'995': request user trade history (2 trades)
0	2017.01.07 15:25:08.785	us03-demo.mt4tradeserver.com:443	'995': request user trade history (2 trades)
0	2017.01.07 15:25:09.092	us03-demo.mt4tradeserver.com:443	'995': request user trade history (53 trades)
0	2017.01.07 15:25:09.399	us03-demo.mt4tradeserver.com:443	'995': request user trade history (2 trades)
0	2017.01.07 15:25:09.706	us03-demo.mt4tradeserver.com:443	'995': request user trade history (2 trades)
0	2017.01.07 15:25:10.014	us03-demo.mt4tradeserver.com:443	'995': request user trade history (57 trades)
0	2017.01.07 15:25:10.320	us03-demo.mt4tradeserver.com:443	'995': request user trade history (2 trades)
0	2017.01.07 15:25:10.628	us03-demo.mt4tradeserver.com:443	'995': request user trade history (2 trades)
0	2017.01.07 15:25:10.765	us03-demo.mt4tradeserver.com:443	'995': disconnect
0	2017.01.07 15:25:10.766		Remove: manager 53F4008
0	2017.01.07 18:49:25.069		MetaTrader 4 Manager API build 985 initialized
0	2017.01.07 18:49:25.586	us03-demo.mt4tradeserver.com:443	Connect
0	2017.01.07 18:49:25.938	us03-demo.mt4tradeserver.com:443	'995': login (server build 1010)
0	2017.01.07 18:49:26.556	us03-demo.mt4tradeserver.com:443	'995': request 38 total users
0	2017.01.07 18:49:26.967	us03-demo.mt4tradeserver.com:443	'995': request user trade history (117 trades)
0	2017.01.07 18:49:27.991	us03-demo.mt4tradeserver.com:443	'995': request user trade history (19 trades)
0	2017.01.07 18:49:28.400	us03-demo.mt4tradeserver.com:443	'995': request user trade history (36 trades)
0	2017.01.07 18:49:28.707	us03-demo.mt4tradeserver.com:443	'995': request user trade history (5 trades)
0	2017.01.07 18:49:29.011	us03-demo.mt4tradeserver.com:443	'995': request user trade history (16 trades)
0	2017.01.07 18:49:29.318	us03-demo.mt4tradeserver.com:443	'995': request user trade history (12 trades)
0	2017.01.07 18:49:29.625	us03-demo.mt4tradeserver.com:443	'995': request user trade history (17 trades)
0	2017.01.07 18:49:29.932	us03-demo.mt4tradeserver.com:443	'995': request user trade history (6 trades)
0	2017.01.07 18:49:30.238	us03-demo.mt4tradeserver.com:443	'995': request user trade history (5 trades)
0	2017.01.07 18:49:30.546	us03-demo.mt4tradeserver.com:443	'995': request user trade history (5 trades)
0	2017.01.07 18:49:30.956	us03-demo.mt4tradeserver.com:443	'995': request user trade history (1 trades)
0	2017.01.07 18:49:31.263	us03-demo.mt4tradeserver.com:443	'995': request user trade history (18 trades)
0	2017.01.07 18:49:31.570	us03-demo.mt4tradeserver.com:443	'995': request user trade history (15 trades)
0	2017.01.07 18:49:31.878	us03-demo.mt4tradeserver.com:443	'995': request user trade history (1 trades)
0	2017.01.07 18:49:32.188	us03-demo.mt4tradeserver.com:443	'995': request user trade history (1 trades)
0	2017.01.07 18:49:32.495	us03-demo.mt4tradeserver.com:443	'995': request user trade history (1 trades)
0	2017.01.07 18:49:32.803	us03-demo.mt4tradeserver.com:443	'995': request user trade history (34 trades)
0	2017.01.07 18:49:33.109	us03-demo.mt4tradeserver.com:443	'995': request user trade history (1 trades)
0	2017.01.07 18:49:33.416	us03-demo.mt4tradeserver.com:443	'995': request user trade history (1 trades)
0	2017.01.07 18:49:33.726	us03-demo.mt4tradeserver.com:443	'995': request user trade history (113 trades)
0	2017.01.07 18:49:34.032	us03-demo.mt4tradeserver.com:443	'995': request user trade history (4 trades)
0	2017.01.07 18:49:34.336	us03-demo.mt4tradeserver.com:443	'995': request user trade history (3 trades)
0	2017.01.07 18:49:34.646	us03-demo.mt4tradeserver.com:443	'995': request user trade history (2 trades)
0	2017.01.07 18:49:34.955	us03-demo.mt4tradeserver.com:443	'995': request user trade history (2 trades)
0	2017.01.07 18:49:35.260	us03-demo.mt4tradeserver.com:443	'995': request user trade history (2 trades)
0	2017.01.07 18:49:35.566	us03-demo.mt4tradeserver.com:443	'995': request user trade history (4 trades)
0	2017.01.07 18:49:35.874	us03-demo.mt4tradeserver.com:443	'995': request user trade history (2 trades)
0	2017.01.07 18:49:36.181	us03-demo.mt4tradeserver.com:443	'995': request user trade history (2 trades)
0	2017.01.07 18:49:36.489	us03-demo.mt4tradeserver.com:443	'995': request user trade history (2 trades)
0	2017.01.07 18:49:36.796	us03-demo.mt4tradeserver.com:443	'995': request user trade history (2 trades)
0	2017.01.07 18:49:37.103	us03-demo.mt4tradeserver.com:443	'995': request user trade history (2 trades)
0	2017.01.07 18:49:37.369	us03-demo.mt4tradeserver.com:443	'995': request user trade history (2 trades)
0	2017.01.07 18:49:37.718	us03-demo.mt4tradeserver.com:443	'995': request user trade history (53 trades)
0	2017.01.07 18:49:38.022	us03-demo.mt4tradeserver.com:443	'995': request user trade history (2 trades)
0	2017.01.07 18:49:38.288	us03-demo.mt4tradeserver.com:443	'995': request user trade history (2 trades)
0	2017.01.07 18:49:38.639	us03-demo.mt4tradeserver.com:443	'995': request user trade history (57 trades)
0	2017.01.07 18:49:38.947	us03-demo.mt4tradeserver.com:443	'995': request user trade history (2 trades)
0	2017.01.07 18:49:39.254	us03-demo.mt4tradeserver.com:443	'995': request user trade history (2 trades)
0	2017.01.07 18:49:39.393	us03-demo.mt4tradeserver.com:443	'995': disconnect
0	2017.01.07 18:49:39.394		Remove: manager 5512008
0	2017.01.07 19:39:44.045		MetaTrader 4 Manager API build 985 initialized
0	2017.01.07 19:39:44.388	us03-demo.mt4tradeserver.com:443	Connect
0	2017.01.07 19:39:44.693	us03-demo.mt4tradeserver.com:443	'995': login (server build 1010)
0	2017.01.07 19:39:45.256	us03-demo.mt4tradeserver.com:443	'995': request 38 total users
0	2017.01.07 19:39:45.626	us03-demo.mt4tradeserver.com:443	'995': request user trade history (117 trades)
0	2017.01.07 19:39:46.769	us03-demo.mt4tradeserver.com:443	'995': request user trade history (19 trades)
0	2017.01.07 19:39:47.130	us03-demo.mt4tradeserver.com:443	'995': request user trade history (36 trades)
0	2017.01.07 19:39:47.389	us03-demo.mt4tradeserver.com:443	'995': request user trade history (5 trades)
0	2017.01.07 19:39:47.732	us03-demo.mt4tradeserver.com:443	'995': request user trade history (16 trades)
0	2017.01.07 19:39:48.022	us03-demo.mt4tradeserver.com:443	'995': request user trade history (12 trades)
0	2017.01.07 19:39:48.402	us03-demo.mt4tradeserver.com:443	'995': request user trade history (17 trades)
0	2017.01.07 19:39:48.687	us03-demo.mt4tradeserver.com:443	'995': request user trade history (6 trades)
0	2017.01.07 19:39:48.987	us03-demo.mt4tradeserver.com:443	'995': request user trade history (5 trades)
0	2017.01.07 19:39:49.272	us03-demo.mt4tradeserver.com:443	'995': request user trade history (5 trades)
0	2017.01.07 19:39:49.610	us03-demo.mt4tradeserver.com:443	'995': request user trade history (1 trades)
0	2017.01.07 19:39:49.916	us03-demo.mt4tradeserver.com:443	'995': request user trade history (18 trades)
0	2017.01.07 19:39:50.184	us03-demo.mt4tradeserver.com:443	'995': request user trade history (15 trades)
0	2017.01.07 19:39:50.507	us03-demo.mt4tradeserver.com:443	'995': request user trade history (1 trades)
0	2017.01.07 19:39:51.078	us03-demo.mt4tradeserver.com:443	'995': request user trade history (1 trades)
0	2017.01.07 19:39:51.338	us03-demo.mt4tradeserver.com:443	'995': request user trade history (1 trades)
0	2017.01.07 19:39:51.738	us03-demo.mt4tradeserver.com:443	'995': request user trade history (34 trades)
0	2017.01.07 19:39:52.000	us03-demo.mt4tradeserver.com:443	'995': request user trade history (1 trades)
0	2017.01.07 19:39:52.263	us03-demo.mt4tradeserver.com:443	'995': request user trade history (1 trades)
0	2017.01.07 19:39:52.604	us03-demo.mt4tradeserver.com:443	'995': request user trade history (113 trades)
0	2017.01.07 19:39:53.010	us03-demo.mt4tradeserver.com:443	'995': request user trade history (4 trades)
0	2017.01.07 19:39:53.388	us03-demo.mt4tradeserver.com:443	'995': request user trade history (3 trades)
0	2017.01.07 19:39:53.656	us03-demo.mt4tradeserver.com:443	'995': request user trade history (2 trades)
0	2017.01.07 19:39:53.985	us03-demo.mt4tradeserver.com:443	'995': request user trade history (2 trades)
0	2017.01.07 19:39:54.360	us03-demo.mt4tradeserver.com:443	'995': request user trade history (2 trades)
0	2017.01.07 19:39:54.771	us03-demo.mt4tradeserver.com:443	'995': request user trade history (4 trades)
0	2017.01.07 19:39:55.209	us03-demo.mt4tradeserver.com:443	'995': request user trade history (2 trades)
0	2017.01.07 19:39:55.643	us03-demo.mt4tradeserver.com:443	'995': request user trade history (2 trades)
0	2017.01.07 19:39:56.086	us03-demo.mt4tradeserver.com:443	'995': request user trade history (2 trades)
0	2017.01.07 19:39:56.525	us03-demo.mt4tradeserver.com:443	'995': request user trade history (2 trades)
0	2017.01.07 19:39:56.898	us03-demo.mt4tradeserver.com:443	'995': request user trade history (2 trades)
0	2017.01.07 19:39:57.274	us03-demo.mt4tradeserver.com:443	'995': request user trade history (2 trades)
0	2017.01.07 19:39:57.702	us03-demo.mt4tradeserver.com:443	'995': request user trade history (53 trades)
0	2017.01.07 19:39:58.159	us03-demo.mt4tradeserver.com:443	'995': request user trade history (2 trades)
0	2017.01.07 19:39:58.660	us03-demo.mt4tradeserver.com:443	'995': request user trade history (2 trades)
0	2017.01.07 19:39:59.081	us03-demo.mt4tradeserver.com:443	'995': request user trade history (57 trades)
0	2017.01.07 19:39:59.439	us03-demo.mt4tradeserver.com:443	'995': request user trade history (2 trades)
0	2017.01.07 19:39:59.816	us03-demo.mt4tradeserver.com:443	'995': request user trade history (2 trades)
0	2017.01.07 19:39:59.981	us03-demo.mt4tradeserver.com:443	'995': disconnect
0	2017.01.07 19:39:59.981		Remove: manager 4EAD530
0	2017.01.07 23:54:50.645		MetaTrader 4 Manager API build 985 initialized
0	2017.01.07 23:54:51.001	US05-live.mt4tradeserver.com:443	Connect
0	2017.01.07 23:54:51.334	US05-live.mt4tradeserver.com:443	'899': login (server build 1010)
0	2017.01.07 23:54:52.270	US05-live.mt4tradeserver.com:443	'899': request 108 total users
0	2017.01.07 23:54:53.504	US05-live.mt4tradeserver.com:443	'899': disconnect
0	2017.01.07 23:54:53.504		Remove: manager 57A9008
0	2017.01.07 23:55:26.420		MetaTrader 4 Manager API build 985 initialized
0	2017.01.07 23:55:26.811	US05-live.mt4tradeserver.com:443	Connect
0	2017.01.07 23:55:27.250	US05-live.mt4tradeserver.com:443	'899': login (server build 1010)
0	2017.01.07 23:55:28.114	US05-live.mt4tradeserver.com:443	'899': request 108 total users
0	2017.01.07 23:55:29.480	US05-live.mt4tradeserver.com:443	'899': request user trade history (1980 trades)
0	2017.01.07 23:55:31.671	US05-live.mt4tradeserver.com:443	'899': request user trade history (1122 trades)
0	2017.01.07 23:55:32.210	US05-live.mt4tradeserver.com:443	'899': request user trade history (73 trades)
0	2017.01.07 23:55:33.195	US05-live.mt4tradeserver.com:443	'899': request user trade history (1860 trades)
0	2017.01.07 23:55:34.405	US05-live.mt4tradeserver.com:443	'899': request user trade history (1798 trades)
0	2017.01.07 23:55:36.848	US05-live.mt4tradeserver.com:443	'899': request user trade history (2755 trades)
0	2017.01.07 23:55:38.241	US05-live.mt4tradeserver.com:443	'899': request user trade history (226 trades)
0	2017.01.07 23:55:38.608	US05-live.mt4tradeserver.com:443	'899': request user trade history (16 trades)
0	2017.01.07 23:55:40.890	US05-live.mt4tradeserver.com:443	'899': request user trade history (16339 trades)
0	2017.01.07 23:55:43.227	US05-live.mt4tradeserver.com:443	'899': request user trade history (427 trades)
0	2017.01.07 23:55:43.611	US05-live.mt4tradeserver.com:443	'899': request user trade history (91 trades)
0	2017.01.07 23:55:44.158	US05-live.mt4tradeserver.com:443	'899': request user trade history (656 trades)
0	2017.01.07 23:55:44.611	US05-live.mt4tradeserver.com:443	'899': request user trade history (272 trades)
0	2017.01.07 23:55:45.315	US05-live.mt4tradeserver.com:443	'899': request user trade history (1268 trades)
0	2017.01.07 23:55:45.822	US05-live.mt4tradeserver.com:443	'899': request user trade history (196 trades)
0	2017.01.07 23:55:46.316	US05-live.mt4tradeserver.com:443	'899': request user trade history (381 trades)
0	2017.01.07 23:55:46.980	US05-live.mt4tradeserver.com:443	'899': request user trade history (855 trades)
0	2017.01.07 23:55:47.471	US05-live.mt4tradeserver.com:443	'899': request user trade history (20 trades)
0	2017.01.07 23:55:48.134	US05-live.mt4tradeserver.com:443	'899': request user trade history (848 trades)
0	2017.01.07 23:55:48.786	US05-live.mt4tradeserver.com:443	'899': request user trade history (140 trades)
0	2017.01.07 23:55:51.355	US05-live.mt4tradeserver.com:443	'899': request user trade history (11821 trades)
1	2017.01.07 23:55:53.103	US05-live.mt4tradeserver.com:443	'899': request user trade history (0 trades) (OK/None)
1	2017.01.07 23:55:53.433	US05-live.mt4tradeserver.com:443	'899': request user trade history (0 trades) (OK/None)
0	2017.01.07 23:55:54.652	US05-live.mt4tradeserver.com:443	'899': request user trade history (2189 trades)
0	2017.01.07 23:55:55.206	US05-live.mt4tradeserver.com:443	'899': request user trade history (109 trades)
0	2017.01.07 23:55:55.555	US05-live.mt4tradeserver.com:443	'899': request user trade history (85 trades)
1	2017.01.07 23:55:55.883	US05-live.mt4tradeserver.com:443	'899': request user trade history (0 trades) (OK/None)
1	2017.01.07 23:55:56.206	US05-live.mt4tradeserver.com:443	'899': request user trade history (0 trades) (OK/None)
0	2017.01.07 23:55:56.946	US05-live.mt4tradeserver.com:443	'899': request user trade history (97 trades)
0	2017.01.07 23:55:57.417	US05-live.mt4tradeserver.com:443	'899': request user trade history (249 trades)
0	2017.01.07 23:55:57.969	US05-live.mt4tradeserver.com:443	'899': request user trade history (268 trades)
0	2017.01.07 23:55:58.673	US05-live.mt4tradeserver.com:443	'899': request user trade history (819 trades)
0	2017.01.07 23:55:59.234	US05-live.mt4tradeserver.com:443	'899': request user trade history (358 trades)
0	2017.01.07 23:55:59.756	US05-live.mt4tradeserver.com:443	'899': request user trade history (277 trades)
0	2017.01.07 23:56:00.215	US05-live.mt4tradeserver.com:443	'899': request user trade history (328 trades)
0	2017.01.07 23:56:03.789	US05-live.mt4tradeserver.com:443	'899': request user trade history (4606 trades)
0	2017.01.07 23:56:05.072	US05-live.mt4tradeserver.com:443	'899': request user trade history (430 trades)
0	2017.01.07 23:56:05.493	US05-live.mt4tradeserver.com:443	'899': request user trade history (195 trades)
0	2017.01.07 23:56:06.108	US05-live.mt4tradeserver.com:443	'899': request user trade history (110 trades)
0	2017.01.07 23:56:06.454	US05-live.mt4tradeserver.com:443	'899': request user trade history (23 trades)
1	2017.01.07 23:56:06.785	US05-live.mt4tradeserver.com:443	'899': request user trade history (0 trades) (OK/None)
0	2017.01.07 23:56:07.151	US05-live.mt4tradeserver.com:443	'899': request user trade history (132 trades)
0	2017.01.07 23:56:11.992	US05-live.mt4tradeserver.com:443	'899': request user trade history (1708 trades)
0	2017.01.07 23:56:12.630	US05-live.mt4tradeserver.com:443	'899': request user trade history (142 trades)
0	2017.01.07 23:56:13.875	US05-live.mt4tradeserver.com:443	'899': request user trade history (1180 trades)
0	2017.01.07 23:56:14.622	US05-live.mt4tradeserver.com:443	'899': request user trade history (431 trades)
0	2017.01.07 23:56:15.428	US05-live.mt4tradeserver.com:443	'899': request user trade history (433 trades)
0	2017.01.07 23:56:17.120	US05-live.mt4tradeserver.com:443	'899': request user trade history (833 trades)
0	2017.01.07 23:56:18.029	US05-live.mt4tradeserver.com:443	'899': request user trade history (336 trades)
0	2017.01.07 23:56:20.131	US05-live.mt4tradeserver.com:443	'899': request user trade history (90 trades)
0	2017.01.07 23:56:20.655	US05-live.mt4tradeserver.com:443	'899': request user trade history (218 trades)
0	2017.01.07 23:56:21.036	US05-live.mt4tradeserver.com:443	'899': request user trade history (56 trades)
0	2017.01.07 23:56:21.390	US05-live.mt4tradeserver.com:443	'899': request user trade history (8 trades)
1	2017.01.07 23:56:21.736	US05-live.mt4tradeserver.com:443	'899': request user trade history (0 trades) (OK/None)
1	2017.01.07 23:56:22.083	US05-live.mt4tradeserver.com:443	'899': request user trade history (0 trades) (OK/None)
0	2017.01.07 23:56:22.446	US05-live.mt4tradeserver.com:443	'899': request user trade history (26 trades)
0	2017.01.07 23:56:24.861	US05-live.mt4tradeserver.com:443	'899': request user trade history (4646 trades)
0	2017.01.07 23:56:25.697	US05-live.mt4tradeserver.com:443	'899': request user trade history (19 trades)
1	2017.01.07 23:56:26.037	US05-live.mt4tradeserver.com:443	'899': request user trade history (0 trades) (OK/None)
0	2017.01.07 23:56:26.895	US05-live.mt4tradeserver.com:443	'899': request user trade history (580 trades)
0	2017.01.07 23:56:27.410	US05-live.mt4tradeserver.com:443	'899': request user trade history (361 trades)
0	2017.01.07 23:56:27.781	US05-live.mt4tradeserver.com:443	'899': request user trade history (29 trades)
0	2017.01.07 23:56:28.704	US05-live.mt4tradeserver.com:443	'899': request user trade history (2248 trades)
1	2017.01.07 23:56:29.296	US05-live.mt4tradeserver.com:443	'899': request user trade history (0 trades) (OK/None)
0	2017.01.07 23:56:29.928	US05-live.mt4tradeserver.com:443	'899': request user trade history (24 trades)
0	2017.01.07 23:56:30.368	US05-live.mt4tradeserver.com:443	'899': request user trade history (302 trades)
0	2017.01.07 23:56:30.772	US05-live.mt4tradeserver.com:443	'899': request user trade history (188 trades)
0	2017.01.07 23:56:31.132	US05-live.mt4tradeserver.com:443	'899': request user trade history (2 trades)
0	2017.01.07 23:56:31.598	US05-live.mt4tradeserver.com:443	'899': request user trade history (443 trades)
0	2017.01.07 23:56:32.668	US05-live.mt4tradeserver.com:443	'899': request user trade history (2181 trades)
1	2017.01.07 23:56:33.287	US05-live.mt4tradeserver.com:443	'899': request user trade history (0 trades) (OK/None)
0	2017.01.07 23:56:34.007	US05-live.mt4tradeserver.com:443	'899': request user trade history (216 trades)
0	2017.01.07 23:56:39.928	US05-live.mt4tradeserver.com:443	'899': request user trade history (5757 trades)
0	2017.01.07 23:56:41.850	US05-live.mt4tradeserver.com:443	'899': request user trade history (1026 trades)
0	2017.01.07 23:56:42.342	US05-live.mt4tradeserver.com:443	'899': request user trade history (313 trades)
1	2017.01.07 23:56:42.721	US05-live.mt4tradeserver.com:443	'899': request user trade history (0 trades) (OK/None)
1	2017.01.07 23:56:43.047	US05-live.mt4tradeserver.com:443	'899': request user trade history (0 trades) (OK/None)
0	2017.01.07 23:56:44.042	US05-live.mt4tradeserver.com:443	'899': request user trade history (621 trades)
0	2017.01.07 23:56:44.427	US05-live.mt4tradeserver.com:443	'899': request user trade history (2 trades)
0	2017.01.07 23:56:45.147	US05-live.mt4tradeserver.com:443	'899': request user trade history (145 trades)
1	2017.01.07 23:56:45.493	US05-live.mt4tradeserver.com:443	'899': request user trade history (0 trades) (OK/None)
1	2017.01.07 23:56:45.816	US05-live.mt4tradeserver.com:443	'899': request user trade history (0 trades) (OK/None)
1	2017.01.07 23:56:46.147	US05-live.mt4tradeserver.com:443	'899': request user trade history (0 trades) (OK/None)
0	2017.01.07 23:56:46.798	US05-live.mt4tradeserver.com:443	'899': request user trade history (239 trades)
0	2017.01.07 23:56:47.165	US05-live.mt4tradeserver.com:443	'899': request user trade history (49 trades)
0	2017.01.07 23:56:47.505	US05-live.mt4tradeserver.com:443	'899': request user trade history (2 trades)
1	2017.01.07 23:56:47.838	US05-live.mt4tradeserver.com:443	'899': request user trade history (0 trades) (OK/None)
0	2017.01.07 23:56:48.552	US05-live.mt4tradeserver.com:443	'899': request user trade history (119 trades)
0	2017.01.07 23:56:48.917	US05-live.mt4tradeserver.com:443	'899': request user trade history (1 trades)
0	2017.01.07 23:56:49.358	US05-live.mt4tradeserver.com:443	'899': request user trade history (274 trades)
0	2017.01.07 23:56:49.943	US05-live.mt4tradeserver.com:443	'899': request user trade history (329 trades)
0	2017.01.07 23:56:50.322	US05-live.mt4tradeserver.com:443	'899': request user trade history (20 trades)
0	2017.01.07 23:56:50.680	US05-live.mt4tradeserver.com:443	'899': request user trade history (24 trades)
1	2017.01.07 23:56:51.002	US05-live.mt4tradeserver.com:443	'899': request user trade history (0 trades) (OK/None)
1	2017.01.07 23:56:51.329	US05-live.mt4tradeserver.com:443	'899': request user trade history (0 trades) (OK/None)
0	2017.01.07 23:56:51.666	US05-live.mt4tradeserver.com:443	'899': request user trade history (33 trades)
0	2017.01.07 23:56:52.085	US05-live.mt4tradeserver.com:443	'899': request user trade history (169 trades)
0	2017.01.07 23:56:52.468	US05-live.mt4tradeserver.com:443	'899': request user trade history (95 trades)
0	2017.01.07 23:56:52.822	US05-live.mt4tradeserver.com:443	'899': request user trade history (73 trades)
0	2017.01.07 23:56:53.352	US05-live.mt4tradeserver.com:443	'899': request user trade history (36 trades)
0	2017.01.07 23:56:53.737	US05-live.mt4tradeserver.com:443	'899': request user trade history (91 trades)
0	2017.01.07 23:56:54.296	US05-live.mt4tradeserver.com:443	'899': request user trade history (14 trades)
1	2017.01.07 23:56:54.667	US05-live.mt4tradeserver.com:443	'899': request user trade history (0 trades) (OK/None)
0	2017.01.07 23:56:55.152	US05-live.mt4tradeserver.com:443	'899': request user trade history (103 trades)
0	2017.01.07 23:56:55.528	US05-live.mt4tradeserver.com:443	'899': request user trade history (164 trades)
0	2017.01.07 23:56:55.919	US05-live.mt4tradeserver.com:443	'899': request user trade history (1 trades)
0	2017.01.07 23:56:56.250	US05-live.mt4tradeserver.com:443	'899': request user trade history (7 trades)
0	2017.01.07 23:56:56.591	US05-live.mt4tradeserver.com:443	'899': request user trade history (1 trades)
0	2017.01.07 23:56:56.721	US05-live.mt4tradeserver.com:443	'899': disconnect
0	2017.01.07 23:56:56.722		Remove: manager 5410010
