0	2017.02.20 20:51:56.989		MetaTrader 4 Manager API build 985 initialized
0	2017.02.20 20:51:57.875	US05-live.mt4tradeserver.com:443	Connect
0	2017.02.20 20:51:58.269	US05-live.mt4tradeserver.com:443	'899': login (server build 1031)
0	2017.02.20 20:52:00.332	US05-live.mt4tradeserver.com:443	'899': request 110 total users
0	2017.02.20 20:52:01.315	US05-live.mt4tradeserver.com:443	'899': request user trade history (2136 trades)
0	2017.02.20 20:52:01.853	US05-live.mt4tradeserver.com:443	'899': request user trade history (1122 trades)
0	2017.02.20 20:52:02.161	US05-live.mt4tradeserver.com:443	'899': request user trade history (73 trades)
0	2017.02.20 20:52:02.807	US05-live.mt4tradeserver.com:443	'899': request user trade history (1860 trades)
0	2017.02.20 20:52:03.445	US05-live.mt4tradeserver.com:443	'899': request user trade history (1823 trades)
0	2017.02.20 20:52:04.291	US05-live.mt4tradeserver.com:443	'899': request user trade history (2755 trades)
0	2017.02.20 20:52:04.623	US05-live.mt4tradeserver.com:443	'899': request user trade history (226 trades)
0	2017.02.20 20:52:04.938	US05-live.mt4tradeserver.com:443	'899': request user trade history (16 trades)
0	2017.02.20 20:52:06.745	US05-live.mt4tradeserver.com:443	'899': request user trade history (16339 trades)
0	2017.02.20 20:52:07.186	US05-live.mt4tradeserver.com:443	'899': request user trade history (427 trades)
0	2017.02.20 20:52:07.486	US05-live.mt4tradeserver.com:443	'899': request user trade history (91 trades)
0	2017.02.20 20:52:07.907	US05-live.mt4tradeserver.com:443	'899': request user trade history (656 trades)
0	2017.02.20 20:52:08.307	US05-live.mt4tradeserver.com:443	'899': request user trade history (272 trades)
0	2017.02.20 20:52:08.815	US05-live.mt4tradeserver.com:443	'899': request user trade history (1268 trades)
0	2017.02.20 20:52:09.124	US05-live.mt4tradeserver.com:443	'899': request user trade history (196 trades)
0	2017.02.20 20:52:09.466	US05-live.mt4tradeserver.com:443	'899': request user trade history (381 trades)
0	2017.02.20 20:52:09.919	US05-live.mt4tradeserver.com:443	'899': request user trade history (873 trades)
0	2017.02.20 20:52:10.252	US05-live.mt4tradeserver.com:443	'899': request user trade history (20 trades)
0	2017.02.20 20:52:10.716	US05-live.mt4tradeserver.com:443	'899': request user trade history (848 trades)
0	2017.02.20 20:52:11.175	US05-live.mt4tradeserver.com:443	'899': request user trade history (140 trades)
0	2017.02.20 20:52:12.464	US05-live.mt4tradeserver.com:443	'899': request user trade history (11863 trades)
1	2017.02.20 20:52:12.753	US05-live.mt4tradeserver.com:443	'899': request user trade history (0 trades) (OK/None)
1	2017.02.20 20:52:13.020	US05-live.mt4tradeserver.com:443	'899': request user trade history (0 trades) (OK/None)
0	2017.02.20 20:52:13.662	US05-live.mt4tradeserver.com:443	'899': request user trade history (2193 trades)
0	2017.02.20 20:52:14.040	US05-live.mt4tradeserver.com:443	'899': request user trade history (109 trades)
0	2017.02.20 20:52:14.348	US05-live.mt4tradeserver.com:443	'899': request user trade history (85 trades)
1	2017.02.20 20:52:14.653	US05-live.mt4tradeserver.com:443	'899': request user trade history (0 trades) (OK/None)
1	2017.02.20 20:52:14.961	US05-live.mt4tradeserver.com:443	'899': request user trade history (0 trades) (OK/None)
0	2017.02.20 20:52:15.271	US05-live.mt4tradeserver.com:443	'899': request user trade history (97 trades)
0	2017.02.20 20:52:15.681	US05-live.mt4tradeserver.com:443	'899': request user trade history (249 trades)
0	2017.02.20 20:52:16.092	US05-live.mt4tradeserver.com:443	'899': request user trade history (268 trades)
0	2017.02.20 20:52:16.547	US05-live.mt4tradeserver.com:443	'899': request user trade history (887 trades)
0	2017.02.20 20:52:16.912	US05-live.mt4tradeserver.com:443	'899': request user trade history (405 trades)
0	2017.02.20 20:52:17.319	US05-live.mt4tradeserver.com:443	'899': request user trade history (283 trades)
0	2017.02.20 20:52:17.729	US05-live.mt4tradeserver.com:443	'899': request user trade history (329 trades)
0	2017.02.20 20:52:18.869	US05-live.mt4tradeserver.com:443	'899': request user trade history (4606 trades)
0	2017.02.20 20:52:19.268	US05-live.mt4tradeserver.com:443	'899': request user trade history (430 trades)
0	2017.02.20 20:52:19.579	US05-live.mt4tradeserver.com:443	'899': request user trade history (245 trades)
0	2017.02.20 20:52:19.878	US05-live.mt4tradeserver.com:443	'899': request user trade history (110 trades)
0	2017.02.20 20:52:20.184	US05-live.mt4tradeserver.com:443	'899': request user trade history (23 trades)
1	2017.02.20 20:52:20.491	US05-live.mt4tradeserver.com:443	'899': request user trade history (0 trades) (OK/None)
0	2017.02.20 20:52:20.800	US05-live.mt4tradeserver.com:443	'899': request user trade history (122 trades)
0	2017.02.20 20:52:21.490	US05-live.mt4tradeserver.com:443	'899': request user trade history (1970 trades)
0	2017.02.20 20:52:21.823	US05-live.mt4tradeserver.com:443	'899': request user trade history (143 trades)
0	2017.02.20 20:52:22.369	US05-live.mt4tradeserver.com:443	'899': request user trade history (1443 trades)
0	2017.02.20 20:52:22.749	US05-live.mt4tradeserver.com:443	'899': request user trade history (431 trades)
0	2017.02.20 20:52:23.160	US05-live.mt4tradeserver.com:443	'899': request user trade history (448 trades)
0	2017.02.20 20:52:23.643	US05-live.mt4tradeserver.com:443	'899': request user trade history (882 trades)
0	2017.02.20 20:52:23.993	US05-live.mt4tradeserver.com:443	'899': request user trade history (336 trades)
0	2017.02.20 20:52:24.382	US05-live.mt4tradeserver.com:443	'899': request user trade history (90 trades)
0	2017.02.20 20:52:24.795	US05-live.mt4tradeserver.com:443	'899': request user trade history (218 trades)
0	2017.02.20 20:52:25.099	US05-live.mt4tradeserver.com:443	'899': request user trade history (56 trades)
0	2017.02.20 20:52:25.405	US05-live.mt4tradeserver.com:443	'899': request user trade history (8 trades)
1	2017.02.20 20:52:25.715	US05-live.mt4tradeserver.com:443	'899': request user trade history (0 trades) (OK/None)
1	2017.02.20 20:52:26.020	US05-live.mt4tradeserver.com:443	'899': request user trade history (0 trades) (OK/None)
0	2017.02.20 20:52:26.340	US05-live.mt4tradeserver.com:443	'899': request user trade history (26 trades)
0	2017.02.20 20:52:27.314	US05-live.mt4tradeserver.com:443	'899': request user trade history (4646 trades)
0	2017.02.20 20:52:27.746	US05-live.mt4tradeserver.com:443	'899': request user trade history (58 trades)
1	2017.02.20 20:52:28.069	US05-live.mt4tradeserver.com:443	'899': request user trade history (0 trades) (OK/None)
0	2017.02.20 20:52:28.484	US05-live.mt4tradeserver.com:443	'899': request user trade history (580 trades)
0	2017.02.20 20:52:28.819	US05-live.mt4tradeserver.com:443	'899': request user trade history (361 trades)
0	2017.02.20 20:52:29.174	US05-live.mt4tradeserver.com:443	'899': request user trade history (39 trades)
0	2017.02.20 20:52:29.894	US05-live.mt4tradeserver.com:443	'899': request user trade history (2808 trades)
1	2017.02.20 20:52:30.321	US05-live.mt4tradeserver.com:443	'899': request user trade history (0 trades) (OK/None)
0	2017.02.20 20:52:30.629	US05-live.mt4tradeserver.com:443	'899': request user trade history (24 trades)
0	2017.02.20 20:52:31.042	US05-live.mt4tradeserver.com:443	'899': request user trade history (308 trades)
0	2017.02.20 20:52:31.348	US05-live.mt4tradeserver.com:443	'899': request user trade history (188 trades)
0	2017.02.20 20:52:31.653	US05-live.mt4tradeserver.com:443	'899': request user trade history (2 trades)
0	2017.02.20 20:52:32.068	US05-live.mt4tradeserver.com:443	'899': request user trade history (443 trades)
0	2017.02.20 20:52:32.768	US05-live.mt4tradeserver.com:443	'899': request user trade history (2181 trades)
1	2017.02.20 20:52:33.086	US05-live.mt4tradeserver.com:443	'899': request user trade history (0 trades) (OK/None)
0	2017.02.20 20:52:33.404	US05-live.mt4tradeserver.com:443	'899': request user trade history (216 trades)
0	2017.02.20 20:52:34.987	US05-live.mt4tradeserver.com:443	'899': request user trade history (6880 trades)
0	2017.02.20 20:52:35.458	US05-live.mt4tradeserver.com:443	'899': request user trade history (1026 trades)
0	2017.02.20 20:52:35.853	US05-live.mt4tradeserver.com:443	'899': request user trade history (313 trades)
1	2017.02.20 20:52:36.158	US05-live.mt4tradeserver.com:443	'899': request user trade history (0 trades) (OK/None)
1	2017.02.20 20:52:36.466	US05-live.mt4tradeserver.com:443	'899': request user trade history (0 trades) (OK/None)
0	2017.02.20 20:52:36.887	US05-live.mt4tradeserver.com:443	'899': request user trade history (621 trades)
0	2017.02.20 20:52:37.183	US05-live.mt4tradeserver.com:443	'899': request user trade history (2 trades)
0	2017.02.20 20:52:37.491	US05-live.mt4tradeserver.com:443	'899': request user trade history (145 trades)
1	2017.02.20 20:52:37.797	US05-live.mt4tradeserver.com:443	'899': request user trade history (0 trades) (OK/None)
1	2017.02.20 20:52:38.103	US05-live.mt4tradeserver.com:443	'899': request user trade history (0 trades) (OK/None)
1	2017.02.20 20:52:38.411	US05-live.mt4tradeserver.com:443	'899': request user trade history (0 trades) (OK/None)
0	2017.02.20 20:52:38.823	US05-live.mt4tradeserver.com:443	'899': request user trade history (238 trades)
0	2017.02.20 20:52:39.128	US05-live.mt4tradeserver.com:443	'899': request user trade history (49 trades)
0	2017.02.20 20:52:39.434	US05-live.mt4tradeserver.com:443	'899': request user trade history (2 trades)
1	2017.02.20 20:52:39.710	US05-live.mt4tradeserver.com:443	'899': request user trade history (0 trades) (OK/None)
0	2017.02.20 20:52:40.009	US05-live.mt4tradeserver.com:443	'899': request user trade history (129 trades)
0	2017.02.20 20:52:40.286	US05-live.mt4tradeserver.com:443	'899': request user trade history (1 trades)
0	2017.02.20 20:52:40.647	US05-live.mt4tradeserver.com:443	'899': request user trade history (351 trades)
0	2017.02.20 20:52:41.001	US05-live.mt4tradeserver.com:443	'899': request user trade history (355 trades)
0	2017.02.20 20:52:41.381	US05-live.mt4tradeserver.com:443	'899': request user trade history (20 trades)
0	2017.02.20 20:52:41.704	US05-live.mt4tradeserver.com:443	'899': request user trade history (24 trades)
1	2017.02.20 20:52:41.996	US05-live.mt4tradeserver.com:443	'899': request user trade history (0 trades) (OK/None)
1	2017.02.20 20:52:42.302	US05-live.mt4tradeserver.com:443	'899': request user trade history (0 trades) (OK/None)
0	2017.02.20 20:52:42.610	US05-live.mt4tradeserver.com:443	'899': request user trade history (33 trades)
0	2017.02.20 20:52:42.930	US05-live.mt4tradeserver.com:443	'899': request user trade history (231 trades)
0	2017.02.20 20:52:43.328	US05-live.mt4tradeserver.com:443	'899': request user trade history (112 trades)
0	2017.02.20 20:52:43.737	US05-live.mt4tradeserver.com:443	'899': request user trade history (93 trades)
0	2017.02.20 20:52:44.148	US05-live.mt4tradeserver.com:443	'899': request user trade history (37 trades)
0	2017.02.20 20:52:44.557	US05-live.mt4tradeserver.com:443	'899': request user trade history (216 trades)
0	2017.02.20 20:52:44.862	US05-live.mt4tradeserver.com:443	'899': request user trade history (14 trades)
1	2017.02.20 20:52:45.476	US05-live.mt4tradeserver.com:443	'899': request user trade history (0 trades) (OK/None)
0	2017.02.20 20:52:45.788	US05-live.mt4tradeserver.com:443	'899': request user trade history (177 trades)
0	2017.02.20 20:52:46.115	US05-live.mt4tradeserver.com:443	'899': request user trade history (306 trades)
0	2017.02.20 20:52:46.398	US05-live.mt4tradeserver.com:443	'899': request user trade history (2 trades)
0	2017.02.20 20:52:46.910	US05-live.mt4tradeserver.com:443	'899': request user trade history (12 trades)
0	2017.02.20 20:52:47.218	US05-live.mt4tradeserver.com:443	'899': request user trade history (12 trades)
0	2017.02.20 20:52:47.597	US05-live.mt4tradeserver.com:443	'899': request user trade history (912 trades)
1	2017.02.20 20:52:48.139	US05-live.mt4tradeserver.com:443	'899': request user trade history (0 trades) (OK/None)
0	2017.02.20 21:13:55.037	US05-live.mt4tradeserver.com:443	'899': disconnect
0	2017.02.20 21:13:55.038		Remove: manager DECB090
