0	2017.03.04 15:48:49.378		MetaTrader 4 Manager API build 985 initialized
0	2017.03.04 15:48:49.782	US05-live.mt4tradeserver.com:443	Connect
0	2017.03.04 15:48:50.146	US05-live.mt4tradeserver.com:443	'899': login (server build 1031)
0	2017.03.04 15:48:52.072	US05-live.mt4tradeserver.com:443	'899': request 112 total users
0	2017.03.04 15:48:53.180	US05-live.mt4tradeserver.com:443	'899': request user trade history (2177 trades)
0	2017.03.04 15:48:53.702	US05-live.mt4tradeserver.com:443	'899': request user trade history (1122 trades)
0	2017.03.04 15:48:54.031	US05-live.mt4tradeserver.com:443	'899': request user trade history (73 trades)
0	2017.03.04 15:48:54.816	US05-live.mt4tradeserver.com:443	'899': request user trade history (1860 trades)
0	2017.03.04 15:48:55.454	US05-live.mt4tradeserver.com:443	'899': request user trade history (1827 trades)
0	2017.03.04 15:48:56.227	US05-live.mt4tradeserver.com:443	'899': request user trade history (2755 trades)
0	2017.03.04 15:48:56.593	US05-live.mt4tradeserver.com:443	'899': request user trade history (226 trades)
0	2017.03.04 15:48:56.892	US05-live.mt4tradeserver.com:443	'899': request user trade history (16 trades)
0	2017.03.04 15:48:59.400	US05-live.mt4tradeserver.com:443	'899': request user trade history (16339 trades)
0	2017.03.04 15:49:00.277	US05-live.mt4tradeserver.com:443	'899': request user trade history (427 trades)
0	2017.03.04 15:49:00.632	US05-live.mt4tradeserver.com:443	'899': request user trade history (91 trades)
0	2017.03.04 15:49:01.533	US05-live.mt4tradeserver.com:443	'899': request user trade history (656 trades)
0	2017.03.04 15:49:01.904	US05-live.mt4tradeserver.com:443	'899': request user trade history (272 trades)
0	2017.03.04 15:49:02.587	US05-live.mt4tradeserver.com:443	'899': request user trade history (1268 trades)
0	2017.03.04 15:49:02.939	US05-live.mt4tradeserver.com:443	'899': request user trade history (196 trades)
0	2017.03.04 15:49:03.338	US05-live.mt4tradeserver.com:443	'899': request user trade history (381 trades)
0	2017.03.04 15:49:03.892	US05-live.mt4tradeserver.com:443	'899': request user trade history (897 trades)
0	2017.03.04 15:49:04.234	US05-live.mt4tradeserver.com:443	'899': request user trade history (20 trades)
0	2017.03.04 15:49:04.982	US05-live.mt4tradeserver.com:443	'899': request user trade history (849 trades)
0	2017.03.04 15:49:06.320	US05-live.mt4tradeserver.com:443	'899': request user trade history (140 trades)
0	2017.03.04 15:49:08.510	US05-live.mt4tradeserver.com:443	'899': request user trade history (11879 trades)
1	2017.03.04 15:49:08.831	US05-live.mt4tradeserver.com:443	'899': request user trade history (0 trades) (OK/None)
1	2017.03.04 15:49:09.160	US05-live.mt4tradeserver.com:443	'899': request user trade history (0 trades) (OK/None)
0	2017.03.04 15:49:10.020	US05-live.mt4tradeserver.com:443	'899': request user trade history (2193 trades)
0	2017.03.04 15:49:10.375	US05-live.mt4tradeserver.com:443	'899': request user trade history (109 trades)
0	2017.03.04 15:49:10.704	US05-live.mt4tradeserver.com:443	'899': request user trade history (85 trades)
1	2017.03.04 15:49:11.018	US05-live.mt4tradeserver.com:443	'899': request user trade history (0 trades) (OK/None)
1	2017.03.04 15:49:11.316	US05-live.mt4tradeserver.com:443	'899': request user trade history (0 trades) (OK/None)
0	2017.03.04 15:49:11.666	US05-live.mt4tradeserver.com:443	'899': request user trade history (99 trades)
0	2017.03.04 15:49:12.054	US05-live.mt4tradeserver.com:443	'899': request user trade history (249 trades)
0	2017.03.04 15:49:12.420	US05-live.mt4tradeserver.com:443	'899': request user trade history (268 trades)
0	2017.03.04 15:49:13.108	US05-live.mt4tradeserver.com:443	'899': request user trade history (898 trades)
0	2017.03.04 15:49:13.585	US05-live.mt4tradeserver.com:443	'899': request user trade history (421 trades)
0	2017.03.04 15:49:13.942	US05-live.mt4tradeserver.com:443	'899': request user trade history (285 trades)
0	2017.03.04 15:49:14.378	US05-live.mt4tradeserver.com:443	'899': request user trade history (329 trades)
0	2017.03.04 15:49:15.797	US05-live.mt4tradeserver.com:443	'899': request user trade history (4606 trades)
0	2017.03.04 15:49:16.175	US05-live.mt4tradeserver.com:443	'899': request user trade history (430 trades)
0	2017.03.04 15:49:16.533	US05-live.mt4tradeserver.com:443	'899': request user trade history (245 trades)
0	2017.03.04 15:49:16.863	US05-live.mt4tradeserver.com:443	'899': request user trade history (110 trades)
0	2017.03.04 15:49:17.181	US05-live.mt4tradeserver.com:443	'899': request user trade history (23 trades)
1	2017.03.04 15:49:17.479	US05-live.mt4tradeserver.com:443	'899': request user trade history (0 trades) (OK/None)
0	2017.03.04 15:49:17.827	US05-live.mt4tradeserver.com:443	'899': request user trade history (122 trades)
0	2017.03.04 15:49:18.597	US05-live.mt4tradeserver.com:443	'899': request user trade history (2054 trades)
0	2017.03.04 15:49:18.942	US05-live.mt4tradeserver.com:443	'899': request user trade history (143 trades)
0	2017.03.04 15:49:19.581	US05-live.mt4tradeserver.com:443	'899': request user trade history (1525 trades)
0	2017.03.04 15:49:20.003	US05-live.mt4tradeserver.com:443	'899': request user trade history (431 trades)
0	2017.03.04 15:49:20.413	US05-live.mt4tradeserver.com:443	'899': request user trade history (451 trades)
0	2017.03.04 15:49:22.630	US05-live.mt4tradeserver.com:443	'899': request user trade history (888 trades)
0	2017.03.04 15:49:23.162	US05-live.mt4tradeserver.com:443	'899': request user trade history (336 trades)
0	2017.03.04 15:49:23.518	US05-live.mt4tradeserver.com:443	'899': request user trade history (90 trades)
0	2017.03.04 15:49:23.883	US05-live.mt4tradeserver.com:443	'899': request user trade history (218 trades)
0	2017.03.04 15:49:24.208	US05-live.mt4tradeserver.com:443	'899': request user trade history (56 trades)
0	2017.03.04 15:49:24.520	US05-live.mt4tradeserver.com:443	'899': request user trade history (8 trades)
1	2017.03.04 15:49:24.821	US05-live.mt4tradeserver.com:443	'899': request user trade history (0 trades) (OK/None)
1	2017.03.04 15:49:25.132	US05-live.mt4tradeserver.com:443	'899': request user trade history (0 trades) (OK/None)
0	2017.03.04 15:49:25.448	US05-live.mt4tradeserver.com:443	'899': request user trade history (27 trades)
0	2017.03.04 15:49:27.115	US05-live.mt4tradeserver.com:443	'899': request user trade history (4783 trades)
0	2017.03.04 15:49:27.447	US05-live.mt4tradeserver.com:443	'899': request user trade history (48 trades)
1	2017.03.04 15:49:27.789	US05-live.mt4tradeserver.com:443	'899': request user trade history (0 trades) (OK/None)
0	2017.03.04 15:49:28.220	US05-live.mt4tradeserver.com:443	'899': request user trade history (580 trades)
0	2017.03.04 15:49:28.580	US05-live.mt4tradeserver.com:443	'899': request user trade history (361 trades)
0	2017.03.04 15:49:28.910	US05-live.mt4tradeserver.com:443	'899': request user trade history (43 trades)
0	2017.03.04 15:49:29.780	US05-live.mt4tradeserver.com:443	'899': request user trade history (2909 trades)
1	2017.03.04 15:49:30.088	US05-live.mt4tradeserver.com:443	'899': request user trade history (0 trades) (OK/None)
0	2017.03.04 15:49:30.447	US05-live.mt4tradeserver.com:443	'899': request user trade history (24 trades)
0	2017.03.04 15:49:30.811	US05-live.mt4tradeserver.com:443	'899': request user trade history (308 trades)
0	2017.03.04 15:49:31.142	US05-live.mt4tradeserver.com:443	'899': request user trade history (188 trades)
0	2017.03.04 15:49:31.460	US05-live.mt4tradeserver.com:443	'899': request user trade history (2 trades)
0	2017.03.04 15:49:31.863	US05-live.mt4tradeserver.com:443	'899': request user trade history (443 trades)
0	2017.03.04 15:49:32.830	US05-live.mt4tradeserver.com:443	'899': request user trade history (2181 trades)
1	2017.03.04 15:49:33.153	US05-live.mt4tradeserver.com:443	'899': request user trade history (0 trades) (OK/None)
0	2017.03.04 15:49:33.529	US05-live.mt4tradeserver.com:443	'899': request user trade history (216 trades)
0	2017.03.04 15:49:35.764	US05-live.mt4tradeserver.com:443	'899': request user trade history (7272 trades)
0	2017.03.04 15:49:36.355	US05-live.mt4tradeserver.com:443	'899': request user trade history (1026 trades)
0	2017.03.04 15:49:36.742	US05-live.mt4tradeserver.com:443	'899': request user trade history (313 trades)
1	2017.03.04 15:49:37.054	US05-live.mt4tradeserver.com:443	'899': request user trade history (0 trades) (OK/None)
1	2017.03.04 15:49:37.358	US05-live.mt4tradeserver.com:443	'899': request user trade history (0 trades) (OK/None)
0	2017.03.04 15:49:37.792	US05-live.mt4tradeserver.com:443	'899': request user trade history (621 trades)
0	2017.03.04 15:49:38.102	US05-live.mt4tradeserver.com:443	'899': request user trade history (2 trades)
0	2017.03.04 15:49:38.452	US05-live.mt4tradeserver.com:443	'899': request user trade history (145 trades)
1	2017.03.04 15:49:38.776	US05-live.mt4tradeserver.com:443	'899': request user trade history (0 trades) (OK/None)
1	2017.03.04 15:49:39.102	US05-live.mt4tradeserver.com:443	'899': request user trade history (0 trades) (OK/None)
1	2017.03.04 15:49:39.409	US05-live.mt4tradeserver.com:443	'899': request user trade history (0 trades) (OK/None)
0	2017.03.04 15:49:39.765	US05-live.mt4tradeserver.com:443	'899': request user trade history (238 trades)
0	2017.03.04 15:49:40.153	US05-live.mt4tradeserver.com:443	'899': request user trade history (49 trades)
0	2017.03.04 15:49:40.464	US05-live.mt4tradeserver.com:443	'899': request user trade history (2 trades)
1	2017.03.04 15:49:40.777	US05-live.mt4tradeserver.com:443	'899': request user trade history (0 trades) (OK/None)
0	2017.03.04 15:49:41.129	US05-live.mt4tradeserver.com:443	'899': request user trade history (130 trades)
0	2017.03.04 15:49:41.461	US05-live.mt4tradeserver.com:443	'899': request user trade history (1 trades)
0	2017.03.04 15:49:41.883	US05-live.mt4tradeserver.com:443	'899': request user trade history (362 trades)
0	2017.03.04 15:49:42.793	US05-live.mt4tradeserver.com:443	'899': request user trade history (371 trades)
0	2017.03.04 15:49:43.163	US05-live.mt4tradeserver.com:443	'899': request user trade history (20 trades)
0	2017.03.04 15:49:43.503	US05-live.mt4tradeserver.com:443	'899': request user trade history (24 trades)
1	2017.03.04 15:49:43.833	US05-live.mt4tradeserver.com:443	'899': request user trade history (0 trades) (OK/None)
1	2017.03.04 15:49:44.148	US05-live.mt4tradeserver.com:443	'899': request user trade history (0 trades) (OK/None)
0	2017.03.04 15:49:44.456	US05-live.mt4tradeserver.com:443	'899': request user trade history (33 trades)
0	2017.03.04 15:49:44.825	US05-live.mt4tradeserver.com:443	'899': request user trade history (249 trades)
0	2017.03.04 15:49:45.156	US05-live.mt4tradeserver.com:443	'899': request user trade history (111 trades)
0	2017.03.04 15:49:45.479	US05-live.mt4tradeserver.com:443	'899': request user trade history (95 trades)
0	2017.03.04 15:49:45.802	US05-live.mt4tradeserver.com:443	'899': request user trade history (37 trades)
0	2017.03.04 15:49:46.172	US05-live.mt4tradeserver.com:443	'899': request user trade history (260 trades)
0	2017.03.04 15:49:46.487	US05-live.mt4tradeserver.com:443	'899': request user trade history (14 trades)
1	2017.03.04 15:49:46.829	US05-live.mt4tradeserver.com:443	'899': request user trade history (0 trades) (OK/None)
0	2017.03.04 15:49:47.185	US05-live.mt4tradeserver.com:443	'899': request user trade history (187 trades)
0	2017.03.04 15:49:47.552	US05-live.mt4tradeserver.com:443	'899': request user trade history (315 trades)
0	2017.03.04 15:49:47.864	US05-live.mt4tradeserver.com:443	'899': request user trade history (4 trades)
0	2017.03.04 15:49:48.241	US05-live.mt4tradeserver.com:443	'899': request user trade history (13 trades)
0	2017.03.04 15:49:48.601	US05-live.mt4tradeserver.com:443	'899': request user trade history (19 trades)
0	2017.03.04 15:49:49.041	US05-live.mt4tradeserver.com:443	'899': request user trade history (1128 trades)
1	2017.03.04 15:49:49.352	US05-live.mt4tradeserver.com:443	'899': request user trade history (0 trades) (OK/None)
1	2017.03.04 15:49:49.672	US05-live.mt4tradeserver.com:443	'899': request user trade history (0 trades) (OK/None)
1	2017.03.04 15:49:49.978	US05-live.mt4trades0	2017.03.04 16:05:32.275		MetaTrader 4 Manager API build 985 initialized
0	2017.03.04 16:05:32.730	US05-live.mt4tradeserver.com:443	Connect
0	2017.03.04 16:05:33.089	US05-live.mt4tradeserver.com:443	'899': login (server build 1031)
0	2017.03.04 16:05:34.548	US05-live.mt4tradeserver.com:443	'899': request 112 total users
0	2017.03.04 16:05:35.714	US05-live.mt4tradeserver.com:443	'899': request user trade history (2177 trades)
0	2017.03.04 16:05:36.428	US05-live.mt4tradeserver.com:443	'899': request user trade history (1122 trades)
0	2017.03.04 16:05:36.753	US05-live.mt4tradeserver.com:443	'899': request user trade history (73 trades)
0	2017.03.04 16:05:37.831	US05-live.mt4tradeserver.com:443	'899': request user trade history (1860 trades)
0	2017.03.04 16:05:38.975	US05-live.mt4tradeserver.com:443	'899': request user trade history (1827 trades)
0	2017.03.04 16:05:40.145	US05-live.mt4tradeserver.com:443	'899': request user trade history (2755 trades)
0	2017.03.04 16:05:40.508	US05-live.mt4tradeserver.com:443	'899': request user trade history (226 trades)
0	2017.03.04 16:05:40.832	US05-live.mt4tradeserver.com:443	'899': request user trade history (16 trades)
0	2017.03.04 16:05:43.806	US05-live.mt4tradeserver.com:443	'899': request user trade history (16339 trades)
0	2017.03.04 16:05:44.212	US05-live.mt4tradeserver.com:443	'899': request user trade history (427 trades)
0	2017.03.04 16:05:44.541	US05-live.mt4tradeserver.com:443	'899': request user trade history (91 trades)
0	2017.03.04 16:05:45.059	US05-live.mt4tradeserver.com:443	'899': request user trade history (656 trades)
0	2017.03.04 16:05:45.439	US05-live.mt4tradeserver.com:443	'899': request user trade history (272 trades)
0	2017.03.04 16:05:46.108	US05-live.mt4tradeserver.com:443	'899': request user trade history (1268 trades)
0	2017.03.04 16:05:46.454	US05-live.mt4tradeserver.com:443	'899': request user trade history (196 trades)
0	2017.03.04 16:05:46.849	US05-live.mt4tradeserver.com:443	'899': request user trade history (381 trades)
0	2017.03.04 16:05:47.585	US05-live.mt4tradeserver.com:443	'899': request user trade history (897 trades)
0	2017.03.04 16:05:47.913	US05-live.mt4tradeserver.com:443	'899': request user trade history (20 trades)
0	2017.03.04 16:05:48.509	US05-live.mt4tradeserver.com:443	'899': request user trade history (849 trades)
0	2017.03.04 16:05:48.845	US05-live.mt4tradeserver.com:443	'899': request user trade history (140 trades)
0	2017.03.04 16:05:50.861	US05-live.mt4tradeserver.com:443	'899': request user trade history (11879 trades)
1	2017.03.04 16:05:51.186	US05-live.mt4tradeserver.com:443	'899': request user trade history (0 trades) (OK/None)
1	2017.03.04 16:05:51.490	US05-live.mt4tradeserver.com:443	'899': request user trade history (0 trades) (OK/None)
0	2017.03.04 16:05:52.615	US05-live.mt4tradeserver.com:443	'899': request user trade history (2193 trades)
0	2017.03.04 16:05:52.945	US05-live.mt4tradeserver.com:443	'899': request user trade history (109 trades)
0	2017.03.04 16:05:53.267	US05-live.mt4tradeserver.com:443	'899': request user trade history (85 trades)
1	2017.03.04 16:05:53.580	US05-live.mt4tradeserver.com:443	'899': request user trade history (0 trades) (OK/None)
1	2017.03.04 16:05:53.941	US05-live.mt4tradeserver.com:443	'899': request user trade history (0 trades) (OK/None)
0	2017.03.04 16:05:54.309	US05-live.mt4tradeserver.com:443	'899': request user trade history (99 trades)
0	2017.03.04 16:05:55.351	US05-live.mt4tradeserver.com:443	'899': request user trade history (249 trades)
0	2017.03.04 16:05:55.838	US05-live.mt4tradeserver.com:443	'899': request user trade history (268 trades)
0	2017.03.04 16:05:56.551	US05-live.mt4tradeserver.com:443	'899': request user trade history (898 trades)
0	2017.03.04 16:05:57.045	US05-live.mt4tradeserver.com:443	'899': request user trade history (421 trades)
0	2017.03.04 16:05:57.432	US05-live.mt4tradeserver.com:443	'899': request user trade history (285 trades)
0	2017.03.04 16:05:57.808	US05-live.mt4tradeserver.com:443	'899': request user trade history (329 trades)
0	2017.03.04 16:06:00.190	US05-live.mt4tradeserver.com:443	'899': request user trade history (4606 trades)
0	2017.03.04 16:06:00.659	US05-live.mt4tradeserver.com:443	'899': request user trade history (430 trades)
0	2017.03.04 16:06:01.006	US05-live.mt4tradeserver.com:443	'899': request user trade history (245 trades)
0	2017.03.04 16:06:01.348	US05-live.mt4tradeserver.com:443	'899': request user trade history (110 trades)
0	2017.03.04 16:06:01.680	US05-live.mt4tradeserver.com:443	'899': request user trade history (23 trades)
1	2017.03.04 16:06:02.004	US05-live.mt4tradeserver.com:443	'899': request user trade history (0 trades) (OK/None)
0	2017.03.04 16:06:02.887	US05-live.mt4tradeserver.com:443	'899': request user trade history (122 trades)
0	2017.03.04 16:06:04.589	US05-live.mt4tradeserver.com:443	'899': request user trade history (2054 trades)
0	2017.03.04 16:06:04.939	US05-live.mt4tradeserver.com:443	'899': request user trade history (143 trades)
0	2017.03.04 16:06:05.958	US05-live.mt4tradeserver.com:443	'899': request user trade history (1525 trades)
0	2017.03.04 16:06:06.431	US05-live.mt4tradeserver.com:443	'899': request user trade history (431 trades)
0	2017.03.04 16:06:06.948	US05-live.mt4tradeserver.com:443	'899': request user trade history (451 trades)
0	2017.03.04 16:06:07.632	US05-live.mt4tradeserver.com:443	'899': request user trade history (888 trades)
0	2017.03.04 16:06:08.009	US05-live.mt4tradeserver.com:443	'899': request user trade history (336 trades)
0	2017.03.04 16:06:08.361	US05-live.mt4tradeserver.com:443	'899': request user trade history (90 trades)
0	2017.03.04 16:06:08.932	US05-live.mt4tradeserver.com:443	'899': request user trade history (218 trades)
0	2017.03.04 16:06:09.247	US05-live.mt4tradeserver.com:443	'899': request user trade history (56 trades)
0	2017.03.04 16:06:09.551	US05-live.mt4tradeserver.com:443	'899': request user trade history (8 trades)
1	2017.03.04 16:06:09.860	US05-live.mt4tradeserver.com:443	'899': request user trade history (0 trades) (OK/None)
1	2017.03.04 16:06:10.172	US05-live.mt4tradeserver.com:443	'899': request user trade history (0 trades) (OK/None)
0	2017.03.04 16:06:10.484	US05-live.mt4tradeserver.com:443	'899': request user trade history (27 trades)
0	2017.03.04 16:06:12.801	US05-live.mt4tradeserver.com:443	'899': request user trade history (4783 trades)
0	2017.03.04 16:06:13.127	US05-live.mt4tradeserver.com:443	'899': request user trade history (48 trades)
1	2017.03.04 16:06:13.423	US05-live.mt4tradeserver.com:443	'899': request user trade history (0 trades) (OK/None)
0	2017.03.04 16:06:13.922	US05-live.mt4tradeserver.com:443	'899': request user trade history (580 trades)
0	2017.03.04 16:06:14.302	US05-live.mt4tradeserver.com:443	'899': request user trade history (361 trades)
0	2017.03.04 16:06:15.350	US05-live.mt4tradeserver.com:443	'899': request user trade history (43 trades)
0	2017.03.04 16:06:16.867	US05-live.mt4tradeserver.com:443	'899': request user trade history (2909 trades)
1	2017.03.04 16:06:17.183	US05-live.mt4tradeserver.com:443	'899': request user trade history (0 trades) (OK/None)
0	2017.03.04 16:06:17.504	US05-live.mt4tradeserver.com:443	'899': request user trade history (24 trades)
0	2017.03.04 16:06:17.869	US05-live.mt4tradeserver.com:443	'899': request user trade history (308 trades)
0	2017.03.04 16:06:18.219	US05-live.mt4tradeserver.com:443	'899': request user trade history (188 trades)
0	2017.03.04 16:06:18.526	US05-live.mt4tradeserver.com:443	'899': request user trade history (2 trades)
0	2017.03.04 16:06:19.056	US05-live.mt4tradeserver.com:443	'899': request user trade history (443 trades)
0	2017.03.04 16:06:20.069	US05-live.mt4tradeserver.com:443	'899': request user trade history (2181 trades)
1	2017.03.04 16:06:20.382	US05-live.mt4tradeserver.com:443	'899': request user trade history (0 trades) (OK/None)
0	2017.03.04 16:06:20.729	US05-live.mt4tradeserver.com:443	'899': request user trade history (216 trades)
0	2017.03.04 16:06:23.567	US05-live.mt4tradeserver.com:443	'899': request user trade history (7272 trades)
0	2017.03.04 16:06:24.155	US05-live.mt4tradeserver.com:443	'899': request user trade history (1026 trades)
0	2017.03.04 16:06:24.494	US05-live.mt4tradeserver.com:443	'899': request user trade history (313 trades)
1	2017.03.04 16:06:24.807	US05-live.mt4tradeserver.com:443	'899': request user trade history (0 trades) (OK/None)
1	2017.03.04 16:06:25.124	US05-live.mt4tradeserver.com:443	'899': request user trade history (0 trades) (OK/None)
0	2017.03.04 16:06:25.901	US05-live.mt4tradeserver.com:443	'899': request user trade history (621 trades)
0	2017.03.04 16:06:26.212	US05-live.mt4tradeserver.com:443	'899': request user trade history (2 trades)
0	2017.03.04 16:06:26.558	US05-live.mt4tradeserver.com:443	'899': request user trade history (145 trades)
1	2017.03.04 16:06:26.870	US05-live.mt4tradeserver.com:443	'899': request user trade history (0 trades) (OK/None)
1	2017.03.04 16:06:27.180	US05-live.mt4tradeserver.com:443	'899': request user trade history (0 trades) (OK/None)
1	2017.03.04 16:06:27.486	US05-live.mt4tradeserver.com:443	'899': request user trade history (0 trades) (OK/None)
0	2017.03.04 16:06:28.220	US05-live.mt4tradeserver.com:443	'899': request user trade history (238 trades)
0	2017.03.04 16:06:28.667	US05-live.mt4tradeserver.com:443	'899': request user trade history (49 trades)
0	2017.03.04 16:06:28.972	US05-live.mt4tradeserver.com:443	'899': request user trade history (2 trades)
1	2017.03.04 16:06:29.282	US05-live.mt4tradeserver.com:443	'899': request user trade history (0 trades) (OK/None)
0	2017.03.04 16:06:29.992	US05-live.mt4tradeserver.com:443	'899': request user trade history (130 trades)
0	2017.03.04 16:06:30.293	US05-live.mt4tradeserver.com:443	'899': request user trade history (1 trades)
0	2017.03.04 16:06:30.684	US05-live.mt4tradeserver.com:443	'899': request user trade history (362 trades)
0	2017.03.04 16:06:31.089	US05-live.mt4tradeserver.com:443	'899': request user trade history (371 trades)
0	2017.03.04 16:06:31.403	US05-live.mt4tradeserver.com:443	'899': request user trade history (20 trades)
0	2017.03.04 16:06:31.722	US05-live.mt4tradeserver.com:443	'899': request user trade history (24 trades)
1	2017.03.04 16:06:32.030	US05-live.mt4tradeserver.com:443	'899': request user trade history (0 trades) (OK/None)
1	2017.03.04 16:06:32.339	US05-live.mt4tradeserver.com:443	'899': request user trade history (0 trades) (OK/None)
0	2017.03.04 16:06:32.699	US05-live.mt4tradeserver.com:443	'899': request user trade history (33 trades)
0	2017.03.04 16:06:33.056	US05-live.mt4tradeserver.com:443	'899': request user trade history (249 trades)
0	2017.03.04 16:06:33.387	US05-live.mt4tradeserver.com:443	'899': request user trade history (111 trades)
0	2017.03.04 16:06:33.705	US05-live.mt4tradeserver.com:443	'899': request user trade history (95 trades)
0	2017.03.04 16:06:34.023	US05-live.mt4tradeserver.com:443	'899': request user trade history (37 trades)
0	2017.03.04 16:06:35.358	US05-live.mt4tradeserver.com:443	'899': request user trade history (260 trades)
0	2017.03.04 16:06:35.729	US05-live.mt4tradeserver.com:443	'899': request user trade history (14 trades)
1	2017.03.04 16:06:36.119	US05-live.mt4tradeserver.com:443	'899': request user trade history (0 trades) (OK/None)
0	2017.03.04 16:06:36.622	US05-live.mt4tradeserver.com:443	'899': request user trade history (187 trades)
0	2017.03.04 16:06:37.080	US05-live.mt4tradeserver.com:443	'899': request user trade history (315 trades)
0	2017.03.04 16:06:37.408	US05-live.mt4tradeserver.com:443	'899': request user trade history (4 trades)
0	2017.03.04 16:06:37.742	US05-live.mt4tradeserver.com:443	'899': request user trade history (13 trades)
0	2017.03.04 16:06:38.050	US05-live.mt4tradeserver.com:443	'899': request user trade history (19 trades)
0	2017.03.04 16:06:38.547	US05-live.mt4tradeserver.com:443	'899': request user trade history (1128 trades)
1	2017.03.04 16:06:38.858	US05-live.mt4tradeserver.com:443	'899': request user trade history (0 trades) (OK/None)
1	2017.03.04 16:06:39.168	US05-live.mt4tradeserver.com:443	'899': request user trade history (0 trades) (OK/None)
1	2017.03.04 16:06:39.472	US05-live.mt4trades