0	2017.02.17 12:40:16.526		MetaTrader 4 Manager API build 985 initialized
0	2017.02.17 12:40:17.118	US05-live.mt4tradeserver.com:443	Connect
0	2017.02.17 12:40:17.563	US05-live.mt4tradeserver.com:443	'899': login (server build 1031)
0	2017.02.17 12:40:19.791	US05-live.mt4tradeserver.com:443	'899': request 110 total users
0	2017.02.17 12:40:21.942	US05-live.mt4tradeserver.com:443	'899': request user trade history (2140 trades)
0	2017.02.17 12:40:23.161	US05-live.mt4tradeserver.com:443	'899': request user trade history (1122 trades)
0	2017.02.17 12:40:23.572	US05-live.mt4tradeserver.com:443	'899': request user trade history (73 trades)
0	2017.02.17 12:40:28.096	US05-live.mt4tradeserver.com:443	'899': request user trade history (1860 trades)
0	2017.02.17 12:40:38.473	US05-live.mt4tradeserver.com:443	'899': request user trade history (1823 trades)
0	2017.02.17 12:40:41.347	US05-live.mt4tradeserver.com:443	'899': request user trade history (2755 trades)
0	2017.02.17 12:40:41.977	US05-live.mt4tradeserver.com:443	'899': request user trade history (226 trades)
0	2017.02.17 12:40:42.312	US05-live.mt4tradeserver.com:443	'899': request user trade history (16 trades)
0	2017.02.17 12:40:49.822	US05-live.mt4tradeserver.com:443	'899': request user trade history (16339 trades)
0	2017.02.17 12:40:50.677	US05-live.mt4tradeserver.com:443	'899': request user trade history (427 trades)
0	2017.02.17 12:40:52.556	US05-live.mt4tradeserver.com:443	'899': request user trade history (91 trades)
0	2017.02.17 12:41:01.466	US05-live.mt4tradeserver.com:443	'899': request user trade history (656 trades)
0	2017.02.17 12:41:01.972	US05-live.mt4tradeserver.com:443	'899': request user trade history (272 trades)
0	2017.02.17 12:41:03.206	US05-live.mt4tradeserver.com:443	'899': request user trade history (1268 trades)
0	2017.02.17 12:41:03.596	US05-live.mt4tradeserver.com:443	'899': request user trade history (196 trades)
0	2017.02.17 12:41:04.183	US05-live.mt4tradeserver.com:443	'899': request user trade history (381 trades)
0	2017.02.17 12:41:05.210	US05-live.mt4tradeserver.com:443	'899': request user trade history (873 trades)
0	2017.02.17 12:41:05.536	US05-live.mt4tradeserver.com:443	'899': request user trade history (20 trades)
0	2017.02.17 12:41:06.674	US05-live.mt4tradeserver.com:443	'899': request user trade history (848 trades)
0	2017.02.17 12:41:08.618	US05-live.mt4tradeserver.com:443	'899': request user trade history (140 trades)
0	2017.02.17 12:41:17.653	US05-live.mt4tradeserver.com:443	'899': request user trade history (11861 trades)
1	2017.02.17 12:41:18.051	US05-live.mt4tradeserver.com:443	'899': request user trade history (0 trades) (OK/None)
1	2017.02.17 12:41:18.461	US05-live.mt4tradeserver.com:443	'899': request user trade history (0 trades) (OK/None)
0	2017.02.17 12:41:22.457	US05-live.mt4tradeserver.com:443	'899': request user trade history (2193 trades)
0	2017.02.17 12:41:23.067	US05-live.mt4tradeserver.com:443	'899': request user trade history (109 trades)
0	2017.02.17 12:41:23.478	US05-live.mt4tradeserver.com:443	'899': request user trade history (85 trades)
1	2017.02.17 12:41:23.892	US05-live.mt4tradeserver.com:443	'899': request user trade history (0 trades) (OK/None)
1	2017.02.17 12:41:25.013	US05-live.mt4tradeserver.com:443	'899': request user trade history (0 trades) (OK/None)
0	2017.02.17 12:41:25.425	US05-live.mt4tradeserver.com:443	'899': request user trade history (97 trades)
0	2017.02.17 12:41:26.140	US05-live.mt4tradeserver.com:443	'899': request user trade history (249 trades)
0	2017.02.17 12:41:26.919	US05-live.mt4tradeserver.com:443	'899': request user trade history (268 trades)
0	2017.02.17 12:41:27.862	US05-live.mt4tradeserver.com:443	'899': request user trade history (882 trades)
0	2017.02.17 12:41:28.300	US05-live.mt4tradeserver.com:443	'899': request user trade history (403 trades)
0	2017.02.17 12:41:28.704	US05-live.mt4tradeserver.com:443	'899': request user trade history (283 trades)
0	2017.02.17 12:41:29.116	US05-live.mt4tradeserver.com:443	'899': request user trade history (329 trades)
0	2017.02.17 12:41:30.505	US05-live.mt4tradeserver.com:443	'899': request user trade history (4606 trades)
0	2017.02.17 12:41:30.855	US05-live.mt4tradeserver.com:443	'899': request user trade history (430 trades)
0	2017.02.17 12:41:31.159	US05-live.mt4tradeserver.com:443	'899': request user trade history (245 trades)
0	2017.02.17 12:41:31.466	US05-live.mt4tradeserver.com:443	'899': request user trade history (110 trades)
0	2017.02.17 12:41:31.875	US05-live.mt4tradeserver.com:443	'899': request user trade history (23 trades)
1	2017.02.17 12:41:32.139	US05-live.mt4tradeserver.com:443	'899': request user trade history (0 trades) (OK/None)
0	2017.02.17 12:41:32.506	US05-live.mt4tradeserver.com:443	'899': request user trade history (122 trades)
0	2017.02.17 12:41:33.724	US05-live.mt4tradeserver.com:443	'899': request user trade history (1964 trades)
0	2017.02.17 12:41:34.025	US05-live.mt4tradeserver.com:443	'899': request user trade history (143 trades)
0	2017.02.17 12:41:34.636	US05-live.mt4tradeserver.com:443	'899': request user trade history (1437 trades)
0	2017.02.17 12:41:34.986	US05-live.mt4tradeserver.com:443	'899': request user trade history (431 trades)
0	2017.02.17 12:41:35.363	US05-live.mt4tradeserver.com:443	'899': request user trade history (451 trades)
0	2017.02.17 12:41:35.893	US05-live.mt4tradeserver.com:443	'899': request user trade history (882 trades)
0	2017.02.17 12:41:36.222	US05-live.mt4tradeserver.com:443	'899': request user trade history (336 trades)
0	2017.02.17 12:41:36.587	US05-live.mt4tradeserver.com:443	'899': request user trade history (90 trades)
0	2017.02.17 12:41:37.303	US05-live.mt4tradeserver.com:443	'899': request user trade history (218 trades)
0	2017.02.17 12:41:37.610	US05-live.mt4tradeserver.com:443	'899': request user trade history (56 trades)
0	2017.02.17 12:41:37.916	US05-live.mt4tradeserver.com:443	'899': request user trade history (8 trades)
1	2017.02.17 12:41:38.224	US05-live.mt4tradeserver.com:443	'899': request user trade history (0 trades) (OK/None)
1	2017.02.17 12:41:38.531	US05-live.mt4tradeserver.com:443	'899': request user trade history (0 trades) (OK/None)
0	2017.02.17 12:41:38.940	US05-live.mt4tradeserver.com:443	'899': request user trade history (26 trades)
0	2017.02.17 12:41:40.418	US05-live.mt4tradeserver.com:443	'899': request user trade history (4646 trades)
0	2017.02.17 12:41:40.784	US05-live.mt4tradeserver.com:443	'899': request user trade history (63 trades)
1	2017.02.17 12:41:41.091	US05-live.mt4tradeserver.com:443	'899': request user trade history (0 trades) (OK/None)
0	2017.02.17 12:41:41.588	US05-live.mt4tradeserver.com:443	'899': request user trade history (580 trades)
0	2017.02.17 12:41:41.925	US05-live.mt4tradeserver.com:443	'899': request user trade history (361 trades)
0	2017.02.17 12:41:42.219	US05-live.mt4tradeserver.com:443	'899': request user trade history (40 trades)
0	2017.02.17 12:41:43.017	US05-live.mt4tradeserver.com:443	'899': request user trade history (2777 trades)
1	2017.02.17 12:41:43.343	US05-live.mt4tradeserver.com:443	'899': request user trade history (0 trades) (OK/None)
0	2017.02.17 12:41:43.650	US05-live.mt4tradeserver.com:443	'899': request user trade history (24 trades)
0	2017.02.17 12:41:43.980	US05-live.mt4tradeserver.com:443	'899': request user trade history (308 trades)
0	2017.02.17 12:41:44.273	US05-live.mt4tradeserver.com:443	'899': request user trade history (188 trades)
0	2017.02.17 12:41:44.572	US05-live.mt4tradeserver.com:443	'899': request user trade history (2 trades)
0	2017.02.17 12:41:44.919	US05-live.mt4tradeserver.com:443	'899': request user trade history (443 trades)
0	2017.02.17 12:41:45.604	US05-live.mt4tradeserver.com:443	'899': request user trade history (2181 trades)
1	2017.02.17 12:41:45.903	US05-live.mt4tradeserver.com:443	'899': request user trade history (0 trades) (OK/None)
0	2017.02.17 12:41:46.218	US05-live.mt4tradeserver.com:443	'899': request user trade history (216 trades)
0	2017.02.17 12:41:47.686	US05-live.mt4tradeserver.com:443	'899': request user trade history (6908 trades)
0	2017.02.17 12:41:48.136	US05-live.mt4tradeserver