0	2017.02.15 15:18:41.217		MetaTrader 4 Manager API build 985 initialized
0	2017.02.15 15:18:41.498	US05-live.mt4tradeserver.com:443	Connect
0	2017.02.15 15:18:41.937	US05-live.mt4tradeserver.com:443	'899': login (server build 1031)
0	2017.02.15 15:19:02.397	US05-live.mt4tradeserver.com:443	'899': request 111 total users
0	2017.02.15 15:19:03.327	US05-live.mt4tradeserver.com:443	'899': request user trade history (2122 trades)
0	2017.02.15 15:19:04.146	US05-live.mt4tradeserver.com:443	'899': request user trade history (1122 trades)
0	2017.02.15 15:19:04.464	US05-live.mt4tradeserver.com:443	'899': request user trade history (73 trades)
0	2017.02.15 15:19:05.115	US05-live.mt4tradeserver.com:443	'899': request user trade history (1860 trades)
0	2017.02.15 15:19:05.793	US05-live.mt4tradeserver.com:443	'899': request user trade history (1817 trades)
0	2017.02.15 15:19:07.742	US05-live.mt4tradeserver.com:443	'899': request user trade history (2755 trades)
0	2017.02.15 15:19:08.153	US05-live.mt4tradeserver.com:443	'899': request user trade history (226 trades)
0	2017.02.15 15:19:08.455	US05-live.mt4tradeserver.com:443	'899': request user trade history (16 trades)
0	2017.02.15 15:19:10.363	US05-live.mt4tradeserver.com:443	'899': request user trade history (16339 trades)
0	2017.02.15 15:19:11.236	US05-live.mt4tradeserver.com:443	'899': request user trade history (427 trades)
0	2017.02.15 15:19:11.646	US05-live.mt4tradeserver.com:443	'899': request user trade history (91 trades)
0	2017.02.15 15:19:12.091	US05-live.mt4tradeserver.com:443	'899': request user trade history (656 trades)
0	2017.02.15 15:19:12.968	US05-live.mt4tradeserver.com:443	'899': request user trade history (272 trades)
0	2017.02.15 15:19:14.130	US05-live.mt4tradeserver.com:443	'899': request user trade history (1268 trades)
0	2017.02.15 15:19:15.161	US05-live.mt4tradeserver.com:443	'899': request user trade history (196 trades)
0	2017.02.15 15:19:15.651	US05-live.mt4tradeserver.com:443	'899': request user trade history (381 trades)
0	2017.02.15 15:19:18.930	US05-live.mt4tradeserver.com:443	'899': request user trade history (866 trades)
0	2017.02.15 15:19:26.896	US05-live.mt4tradeserver.com:443	'899': request user trade history (20 trades)
0	2017.02.15 15:19:27.585	US05-live.mt4tradeserver.com:443	'899': request user trade history (848 trades)
0	2017.02.15 15:19:28.936	US05-live.mt4tradeserver.com:443	'899': request user trade history (140 trades)
0	2017.02.15 15:19:30.645	US05-live.mt4tradeserver.com:443	'899': request user trade history (11858 trades)
1	2017.02.15 15:19:30.987	US05-live.mt4tradeserver.com:443	'899': request user trade history (0 trades) (OK/None)
1	2017.02.15 15:19:31.243	US05-live.mt4tradeserver.com:443	'899': request user trade history (0 trades) (OK/None)
0	2017.02.15 15:19:31.903	US05-live.mt4tradeserver.com:443	'899': request user trade history (2193 trades)
0	2017.02.15 15:19:32.222	US05-live.mt4tradeserver.com:443	'899': request user trade history (109 trades)
0	2017.02.15 15:19:32.590	US05-live.mt4tradeserver.com:443	'899': request user trade history (85 trades)
1	2017.02.15 15:19:32.844	US05-live.mt4tradeserver.com:443	'899': request user trade history (0 trades) (OK/None)
1	2017.02.15 15:19:33.140	US05-live.mt4tradeserver.com:443	'899': request user trade history (0 trades) (OK/None)
0	2017.02.15 15:19:33.443	US05-live.mt4tradeserver.com:443	'899': request user trade history (97 trades)
0	2017.02.15 15:19:33.755	US05-live.mt4tradeserver.com:443	'899': request user trade history (249 trades)
0	2017.02.15 15:19:34.067	US05-live.mt4tradeserver.com:443	'899': request user trade history (268 trades)
0	2017.02.15 15:19:34.495	US05-live.mt4tradeserver.com:443	'899': request user trade history (882 trades)
0	2017.02.15 15:19:34.885	US05-live.mt4tradeserver.com:443	'899': request user trade history (400 trades)
0	2017.02.15 15:19:35.287	US05-live.mt4tradeserver.com:443	'899': request user trade history (282 trades)
0	2017.02.15 15:19:35.597	US05-live.mt4tradeserver.com:443	'899': request user trade history (329 trades)
0	2017.02.15 15:19:36.736	US05-live.mt4tradeserver.com:443	'899': request user trade history (4606 trades)
0	2017.02.15 15:19:37.052	US05-live.mt4tradeserver.com:443	'899': request user trade history (430 trades)
0	2017.02.15 15:19:37.344	US05-live.mt4tradeserver.com:443	'899': request user trade history (245 trades)
0	2017.02.15 15:19:37.639	US05-live.mt4tradeserver.com:443	'899': request user trade history (110 trades)
0	2017.02.15 15:19:37.947	US05-live.mt4tradeserver.com:443	'899': request user trade history (23 trades)
1	2017.02.15 15:19:38.254	US05-live.mt4tradeserver.com:443	'899': request user trade history (0 trades) (OK/None)
0	2017.02.15 15:19:38.564	US05-live.mt4tradeserver.com:443	'899': request user trade history (122 trades)
0	2017.02.15 15:19:39.211	US05-live.mt4tradeserver.com:443	'899': request user trade history (1952 trades)
0	2017.02.15 15:19:39.587	US05-live.mt4tradeserver.com:443	'899': request user trade history (143 trades)
0	2017.02.15 15:19:40.122	US05-live.mt4tradeserver.com:443	'899': request user trade history (1425 trades)
0	2017.02.15 15:19:40.518	US05-live.mt4tradeserver.com:443	'899': request user trade history (431 trades)
0	2017.02.15 15:19:40.921	US05-live.mt4tradeserver.com:443	'899': request user trade history (450 trades)
0	2017.02.15 15:19:41.382	US05-live.mt4tradeserver.com:443	'899': request user trade history (882 trades)
0	2017.02.15 15:19:41.841	US05-live.mt4tradeserver.com:443	'899': request user trade history (336 trades)
0	2017.02.15 15:19:42.145	US05-live.mt4tradeserver.com:443	'899': request user trade history (90 trades)
0	2017.02.15 15:19:42.454	US05-live.mt4tradeserver.com:443	'899': request user trade history (218 trades)
0	2017.02.15 15:19:42.723	US05-live.mt4tradeserver.com:443	'899': request user trade history (56 trades)
0	2017.02.15 15:19:43.107	US05-live.mt4tradeserver.com:443	'899': request user trade history (8 trades)
1	2017.02.15 15:19:43.360	US05-live.mt4tradeserver.com:443	'899': request user trade history (0 trades) (OK/None)
1	2017.02.15 15:19:43.682	US05-live.mt4tradeserver.com:443	'899': request user trade history (0 trades) (OK/None)
0	2017.02.15 15:19:44.092	US05-live.mt4tradeserver.com:443	'899': request user trade history (26 trades)
0	2017.02.15 15:19:45.242	US05-live.mt4tradeserver.com:443	'899': request user trade history (4646 trades)
0	2017.02.15 15:19:45.831	US05-live.mt4tradeserver.com:443	'899': request user trade history (63 trades)
1	2017.02.15 15:19:46.138	US05-live.mt4tradeserver.com:443	'899': request user trade history (0 trades) (OK/None)
0	2017.02.15 15:19:46.554	US05-live.mt4tradeserver.com:443	'899': request user trade history (580 trades)
0	2017.02.15 15:19:46.869	US05-live.mt4tradeserver.com:443	'899': request user trade history (361 trades)
0	2017.02.15 15:19:47.130	US05-live.mt4tradeserver.com:443	'899': request user trade history (38 trades)
0	2017.02.15 15:19:47.783	US05-live.mt4tradeserver.com:443	'899': request user trade history (2738 trades)
1	2017.02.15 15:19:48.185	US05-live.mt4tradeserver.com:443	'899': request user trade history (0 trades) (OK/None)
0	2017.02.15 15:19:48.595	US05-live.mt4tradeserver.com:443	'899': request user trade history (24 trades)
0	2017.02.15 15:19:48.925	US05-live.mt4tradeserver.com:443	'899': request user trade history (308 trades)
0	2017.02.15 15:19:49.211	US05-live.mt4tradeserver.com:443	'899': request user trade history (188 trades)
0	2017.02.15 15:19:49.518	US05-live.mt4tradeserver.com:443	'899': request user trade history (2 trades)
0	2017.02.15 15:19:49.859	US05-live.mt4tradeserver.com:443	'899': request user trade history (443 trades)
0	2017.02.15 15:19:50.602	US05-live.mt4tradeserver.com:443	'899': request user trade history (2181 trades)
1	2017.02.15 15:19:50.952	US05-live.mt4tradeserver.com:443	'899': request user trade history (0 trades) (OK/None)
0	2017.02.15 15:19:51.391	US05-live.mt4tradeserver.com:443	'899': request user trade history (216 trades)
0	2017.02.15 15:19:53.355	US05-live.mt4tradeserver.com:443	'899': request user trade history (6850 trades)
0	2017.02.15 15:19:53.830	US05-live.mt4tradeserver0	2017.02.15 16:28:20.498		MetaTrader 4 Manager API build 985 initialized
0	2017.02.15 16:28:20.819	US05-live.mt4tradeserver.com:443	Connect
0	2017.02.15 16:28:21.177	US05-live.mt4tradeserver.com:443	'899': login (server build 1031)
0	2017.02.15 16:28:31.084	US05-live.mt4tradeserver.com:443	'899': request 111 total users
0	2017.02.15 16:28:32.227	US05-live.mt4tradeserver.com:443	'899': request user trade history (2122 trades)
0	2017.02.15 16:28:32.715	US05-live.mt4tradeserver.com:443	'899': request user trade history (1122 trades)
0	2017.02.15 16:28:32.985	US05-live.mt4tradeserver.com:443	'899': request user trade history (73 trades)
0	2017.02.15 16:28:33.597	US05-live.mt4tradeserver.com:443	'899': request user trade history (1860 trades)
0	2017.02.15 16:28:34.625	US05-live.mt4tradeserver.com:443	'899': request user trade history (1817 trades)
0	2017.02.15 16:28:35.481	US05-live.mt4tradeserver.com:443	'899': request user trade history (2755 trades)
0	2017.02.15 16:28:35.813	US05-live.mt4tradeserver.com:443	'899': request user trade history (226 trades)
0	2017.02.15 16:28:36.093	US05-live.mt4tradeserver.com:443	'899': request user trade history (16 trades)
0	2017.02.15 16:28:37.928	US05-live.mt4tradeserver.com:443	'899': request user trade history (16339 trades)
0	2017.02.15 16:28:38.334	US05-live.mt4tradeserver.com:443	'899': request user trade history (427 trades)
0	2017.02.15 16:28:38.648	US05-live.mt4tradeserver.com:443	'899': request user trade history (91 trades)
0	2017.02.15 16:28:39.041	US05-live.mt4tradeserver.com:443	'899': request user trade history (656 trades)
0	2017.02.15 16:28:39.366	US05-live.mt4tradeserver.com:443	'899': request user trade history (272 trades)
0	2017.02.15 16:28:39.862	US05-live.mt4tradeserver.com:443	'899': request user trade history (1268 trades)
0	2017.02.15 16:28:40.156	US05-live.mt4tradeserver.com:443	'899': request user trade history (196 trades)
0	2017.02.15 16:28:40.481	US05-live.mt4tradeserver.com:443	'899': request user trade history (381 trades)
0	2017.02.15 16:28:40.922	US05-live.mt4tradeserver.com:443	'899': request user trade history (866 trades)
0	2017.02.15 16:28:41.180	US05-live.mt4tradeserver.com:443	'899': request user trade history (20 trades)
0	2017.02.15 16:28:41.626	US05-live.mt4tradeserver.com:443	'899': request user trade history (848 trades)
0	2017.02.15 16:28:41.909	US05-live.mt4tradeserver.com:443	'899': request user trade history (140 trades)
0	2017.02.15 16:28:43.199	US05-live.mt4tradeserver.com:443	'899': request user trade history (11858 trades)
1	2017.02.15 16:28:43.507	US05-live.mt4tradeserver.com:443	'899': request user trade history (0 trades) (OK/None)
1	2017.02.15 16:28:43.758	US05-live.mt4tradeserver.com:443	'899': request user trade history (0 trades) (OK/None)
0	2017.02.15 16:28:44.486	US05-live.mt4tradeserver.com:443	'899': request user trade history (2193 trades)
0	2017.02.15 16:28:44.813	US05-live.mt4tradeserver.com:443	'899': request user trade history (109 trades)
0	2017.02.15 16:28:45.199	US05-live.mt4tradeserver.com:443	'899': request user trade history (85 trades)
1	2017.02.15 16:28:45.563	US05-live.mt4tradeserver.com:443	'899': request user trade history (0 trades) (OK/None)
1	2017.02.15 16:28:45.824	US05-live.mt4tradeserver.com:443	'899': request user trade history (0 trades) (OK/None)
0	2017.02.15 16:28:46.119	US05-live.mt4tradeserver.com:443	'899': request user trade history (97 trades)
0	2017.02.15 16:28:46.439	US05-live.mt4tradeserver.com:443	'899': request user trade history (249 trades)
0	2017.02.15 16:28:46.753	US05-live.mt4tradeserver.com:443	'899': request user trade history (268 trades)
0	2017.02.15 16:28:47.181	US05-live.mt4tradeserver.com:443	'899': request user trade history (882 trades)
0	2017.02.15 16:28:47.538	US05-live.mt4tradeserver.com:443	'899': request user trade history (400 trades)
0	2017.02.15 16:28:47.862	US05-live.mt4tradeserver.com:443	'899': request user trade history (282 trades)
0	2017.02.15 16:28:48.171	US05-live.mt4tradeserver.com:443	'899': request user trade history (329 trades)
0	2017.02.15 16:28:49.367	US05-live.mt4tradeserver.com:443	'899': request user trade history (4606 trades)
0	2017.02.15 16:28:49.721	US05-live.mt4tradeserver.com:443	'899': request user trade history (430 trades)
0	2017.02.15 16:28:50.056	US05-live.mt4tradeserver.com:443	'899': request user trade history (245 trades)
0	2017.02.15 16:28:50.338	US05-live.mt4tradeserver.com:443	'899': request user trade history (110 trades)
0	2017.02.15 16:28:50.596	US05-live.mt4tradeserver.com:443	'899': request user trade history (23 trades)
1	2017.02.15 16:28:50.856	US05-live.mt4tradeserver.com:443	'899': request user trade history (0 trades) (OK/None)
0	2017.02.15 16:28:51.140	US05-live.mt4tradeserver.com:443	'899': request user trade history (122 trades)
0	2017.02.15 16:28:51.852	US05-live.mt4tradeserver.com:443	'899': request user trade history (1953 trades)
0	2017.02.15 16:28:52.141	US05-live.mt4tradeserver.com:443	'899': request user trade history (143 trades)
0	2017.02.15 16:28:52.726	US05-live.mt4tradeserver.com:443	'899': request user trade history (1426 trades)
0	2017.02.15 16:28:53.070	US05-live.mt4tradeserver.com:443	'899': request user trade history (431 trades)
0	2017.02.15 16:28:53.434	US05-live.mt4tradeserver.com:443	'899': request user trade history (450 trades)
0	2017.02.15 16:28:53.942	US05-live.mt4tradeserver.com:443	'899': request user trade history (882 trades)
0	2017.02.15 16:28:54.270	US05-live.mt4tradeserver.com:443	'899': request user trade history (336 trades)
0	2017.02.15 16:28:54.603	US05-live.mt4tradeserver.com:443	'899': request user trade history (90 trades)
0	2017.02.15 16:28:54.909	US05-live.mt4tradeserver.com:443	'899': request user trade history (218 trades)
0	2017.02.15 16:28:55.179	US05-live.mt4tradeserver.com:443	'899': request user trade history (56 trades)
0	2017.02.15 16:28:55.433	US05-live.mt4tradeserver.com:443	'899': request user trade history (8 trades)
1	2017.02.15 16:28:55.699	US05-live.mt4tradeserver.com:443	'899': request user trade history (0 trades) (OK/None)
1	2017.02.15 16:28:55.972	US05-live.mt4tradeserver.com:443	'899': request user trade history (0 trades) (OK/None)
0	2017.02.15 16:28:56.232	US05-live.mt4tradeserver.com:443	'899': request user trade history (26 trades)
0	2017.02.15 16:28:57.191	US05-live.mt4tradeserver.com:443	'899': request user trade history (4646 trades)
0	2017.02.15 16:28:57.460	US05-live.mt4tradeserver.com:443	'899': request user trade history (63 trades)
1	2017.02.15 16:28:57.713	US05-live.mt4tradeserver.com:443	'899': request user trade history (0 trades) (OK/None)
0	2017.02.15 16:28:58.073	US05-live.mt4tradeserver.com:443	'899': request user trade history (580 trades)
0	2017.02.15 16:28:58.390	US05-live.mt4tradeserver.com:443	'899': request user trade history (361 trades)
0	2017.02.15 16:28:58.665	US05-live.mt4tradeserver.com:443	'899': request user trade history (38 trades)
0	2017.02.15 16:28:59.328	US05-live.mt4tradeserver.com:443	'899': request user trade history (2740 trades)
1	2017.02.15 16:28:59.582	US05-live.mt4tradeserver.com:443	'899': request user trade history (0 trades) (OK/None)
0	2017.02.15 16:28:59.841	US05-live.mt4tradeserver.com:443	'899': request user trade history (24 trades)
0	2017.02.15 16:29:00.164	US05-live.mt4tradeserver.com:443	'899': request user trade history (308 trades)
0	2017.02.15 16:29:00.492	US05-live.mt4tradeserver.com:443	'899': request user trade history (188 trades)
0	2017.02.15 16:29:00.754	US05-live.mt4tradeserver.com:443	'899': request user trade history (2 trades)
0	2017.02.15 16:29:01.090	US05-live.mt4tradeserver.com:443	'899': request user trade history (443 trades)
0	2017.02.15 16:29:01.746	US05-live.mt4tradeserver.com:443	'899': request user trade history (2181 trades)
1	2017.02.15 16:29:02.000	US05-live.mt4tradeserver.com:443	'899': request user trade history (0 trades) (OK/None)
0	2017.02.15 16:29:02.299	US05-live.mt4tradeserver.com:443	'899': request user trade history (216 trades)
0	2017.02.15 16:29:03.898	US05-live.mt4tradeserver.com:443	'899': request user trade history (6852 trades)
0	2017.02.15 16:29:04.359	US05-live.mt4tradeserver